#
# There is insufficient memory for the Java Runtime Environment to continue.
# Native memory allocation (malloc) failed to allocate 990896 bytes for Chunk::new
# Possible reasons:
#   The system is out of physical RAM or swap space
#   In 32 bit mode, the process size limit was hit
# Possible solutions:
#   Reduce memory load on the system
#   Increase physical memory or swap space
#   Check if swap backing store is full
#   Use 64 bit Java on a 64 bit OS
#   Decrease Java heap size (-Xmx/-Xms)
#   Decrease number of Java threads
#   Decrease Java thread stack sizes (-Xss)
#   Set larger code cache with -XX:ReservedCodeCacheSize=
# This output file may be truncated or incomplete.
#
#  Out of Memory Error (allocation.cpp:390), pid=294232, tid=290288
#
# JRE version: Java(TM) SE Runtime Environment (8.0_51-b16) (build 1.8.0_51-b16)
# Java VM: Java HotSpot(TM) 64-Bit Server VM (25.51-b03 mixed mode windows-amd64 compressed oops)
# Failed to write core dump. Minidumps are not enabled by default on client versions of Windows
#

---------------  T H R E A D  ---------------

Current thread (0x0000000014dfa800):  JavaThread "C2 CompilerThread0" daemon [_thread_in_native, id=290288, stack(0x0000000016370000,0x0000000016470000)]

Stack: [0x0000000016370000,0x0000000016470000]
Native frames: (J=compiled Java code, j=interpreted, Vv=VM code, C=native code)
V  [jvm.dll+0x32b4ca]
V  [jvm.dll+0x2797e3]
V  [jvm.dll+0x27a479]
V  [jvm.dll+0x271765]
V  [jvm.dll+0xcba02]
V  [jvm.dll+0xcbecc]
V  [jvm.dll+0x476f72]
V  [jvm.dll+0x4b95ff]
V  [jvm.dll+0x46c011]
V  [jvm.dll+0x46cd4e]
V  [jvm.dll+0x4501a2]
V  [jvm.dll+0xa43a2]
V  [jvm.dll+0xa4cdf]
V  [jvm.dll+0x2418a4]
V  [jvm.dll+0x29846a]
C  [msvcr100.dll+0x21d9f]
C  [msvcr100.dll+0x21e3b]
C  [KERNEL32.DLL+0x18102]
C  [ntdll.dll+0x5c5b4]


Current CompileTask:
C2:  16307 2315       4       com.android.dx.dex.code.LocalList::make (102 bytes)


---------------  P R O C E S S  ---------------

Java Threads: ( => current thread )
  0x0000000016675800 JavaThread "Service Thread" daemon [_thread_blocked, id=292172, stack(0x0000000016a70000,0x0000000016b70000)]
  0x0000000014e5c800 JavaThread "C1 CompilerThread2" daemon [_thread_blocked, id=294144, stack(0x0000000016570000,0x0000000016670000)]
  0x0000000014e59800 JavaThread "C2 CompilerThread1" daemon [_thread_in_native, id=294304, stack(0x0000000016470000,0x0000000016570000)]
=>0x0000000014dfa800 JavaThread "C2 CompilerThread0" daemon [_thread_in_native, id=290288, stack(0x0000000016370000,0x0000000016470000)]
  0x0000000014df8800 JavaThread "Attach Listener" daemon [_thread_blocked, id=253596, stack(0x0000000016270000,0x0000000016370000)]
  0x0000000014df7000 JavaThread "Signal Dispatcher" daemon [_thread_blocked, id=293340, stack(0x0000000016170000,0x0000000016270000)]
  0x00000000026a0800 JavaThread "Finalizer" daemon [_thread_blocked, id=294748, stack(0x0000000016070000,0x0000000016170000)]
  0x000000000269d800 JavaThread "Reference Handler" daemon [_thread_blocked, id=294028, stack(0x0000000015f70000,0x0000000016070000)]
  0x000000000272e000 JavaThread "main" [_thread_in_native, id=284900, stack(0x0000000002430000,0x0000000002530000)]

Other Threads:
  0x0000000014dc7800 VMThread [stack: 0x0000000015e70000,0x0000000015f70000] [id=259648]
  0x0000000016676800 WatcherThread [stack: 0x0000000016b70000,0x0000000016c70000] [id=294860]

VM state:not at safepoint (normal execution)

VM Mutex/Monitor currently owned by a thread: None

Heap:
 PSYoungGen      total 73728K, used 30268K [0x00000000eab00000, 0x00000000efc00000, 0x0000000100000000)
  eden space 65024K, 33% used [0x00000000eab00000,0x00000000ec012340,0x00000000eea80000)
  from space 8704K, 99% used [0x00000000eea80000,0x00000000ef2fce70,0x00000000ef300000)
  to   space 8192K, 0% used [0x00000000ef300000,0x00000000ef300000,0x00000000efb00000)
 ParOldGen       total 44032K, used 22165K [0x00000000c0000000, 0x00000000c2b00000, 0x00000000eab00000)
  object space 44032K, 50% used [0x00000000c0000000,0x00000000c15a56c0,0x00000000c2b00000)
 Metaspace       used 7063K, capacity 7640K, committed 7936K, reserved 1056768K
  class space    used 666K, capacity 720K, committed 768K, reserved 1048576K

Card table byte_map: [0x0000000011af0000,0x0000000011d00000] byte_map_base: 0x00000000114f0000

Marking Bits: (ParMarkBitMap*) 0x000000006c134040
 Begin Bits: [0x0000000012260000, 0x0000000013260000)
 End Bits:   [0x0000000013260000, 0x0000000014260000)

Polling page: 0x0000000000930000

CodeCache: size=245760Kb used=11307Kb max_used=11307Kb free=234452Kb
 bounds [0x0000000002730000, 0x0000000003250000, 0x0000000011730000]
 total_blobs=2740 nmethods=2463 adapters=189
 compilation: enabled

Compilation events (10 events):
Event: 15.211 Thread 0x0000000014e59800 2329       4       com.android.dx.dex.file.OffsettedItem::place (78 bytes)
Event: 15.211 Thread 0x0000000014e5c800 2330       3       java.util.Collections::sort (8 bytes)
Event: 15.211 Thread 0x0000000014e5c800 nmethod 2330 0x000000000318c9d0 code [0x000000000318cb40, 0x000000000318cd48]
Event: 15.211 Thread 0x0000000014e5c800 2331       3       com.android.dx.dex.file.DebugInfoItem::itemType (4 bytes)
Event: 15.211 Thread 0x0000000014e5c800 nmethod 2331 0x000000000318c5d0 code [0x000000000318c720, 0x000000000318c870]
Event: 15.212 Thread 0x0000000014e5c800 2332       1       com.android.dx.dex.file.DebugInfoItem::itemType (4 bytes)
Event: 15.212 Thread 0x0000000014e5c800 nmethod 2332 0x00000000031924d0 code [0x0000000003192620, 0x0000000003192730]
Event: 15.212 Thread 0x0000000014e5c800 2333       3       com.android.dx.dex.file.AnnotationItem::itemType (4 bytes)
Event: 15.212 Thread 0x0000000014e5c800 nmethod 2333 0x0000000003192190 code [0x00000000031922e0, 0x0000000003192430]
Event: 15.212 Thread 0x0000000014e59800 nmethod 2329 0x0000000003190910 code [0x0000000003190a60, 0x0000000003190b78]

GC Heap History (10 events):
Event: 6.680 GC heap before
{Heap before GC invocations=3 (full 0):
 PSYoungGen      total 18944K, used 18928K [0x00000000eab00000, 0x00000000ed000000, 0x0000000100000000)
  eden space 16384K, 100% used [0x00000000eab00000,0x00000000ebb00000,0x00000000ebb00000)
  from space 2560K, 99% used [0x00000000ebd80000,0x00000000ebffc038,0x00000000ec000000)
  to   space 2560K, 0% used [0x00000000ebb00000,0x00000000ebb00000,0x00000000ebd80000)
 ParOldGen       total 44032K, used 3729K [0x00000000c0000000, 0x00000000c2b00000, 0x00000000eab00000)
  object space 44032K, 8% used [0x00000000c0000000,0x00000000c03a4660,0x00000000c2b00000)
 Metaspace       used 6117K, capacity 7024K, committed 7296K, reserved 1056768K
  class space    used 592K, capacity 616K, committed 640K, reserved 1048576K
Event: 6.720 GC heap after
Heap after GC invocations=3 (full 0):
 PSYoungGen      total 18944K, used 2528K [0x00000000eab00000, 0x00000000ed000000, 0x0000000100000000)
  eden space 16384K, 0% used [0x00000000eab00000,0x00000000eab00000,0x00000000ebb00000)
  from space 2560K, 98% used [0x00000000ebb00000,0x00000000ebd78028,0x00000000ebd80000)
  to   space 2560K, 0% used [0x00000000ecd80000,0x00000000ecd80000,0x00000000ed000000)
 ParOldGen       total 44032K, used 6222K [0x00000000c0000000, 0x00000000c2b00000, 0x00000000eab00000)
  object space 44032K, 14% used [0x00000000c0000000,0x00000000c0613a70,0x00000000c2b00000)
 Metaspace       used 6117K, capacity 7024K, committed 7296K, reserved 1056768K
  class space    used 592K, capacity 616K, committed 640K, reserved 1048576K
}
Event: 7.112 GC heap before
{Heap before GC invocations=4 (full 0):
 PSYoungGen      total 18944K, used 18912K [0x00000000eab00000, 0x00000000ed000000, 0x0000000100000000)
  eden space 16384K, 100% used [0x00000000eab00000,0x00000000ebb00000,0x00000000ebb00000)
  from space 2560K, 98% used [0x00000000ebb00000,0x00000000ebd78028,0x00000000ebd80000)
  to   space 2560K, 0% used [0x00000000ecd80000,0x00000000ecd80000,0x00000000ed000000)
 ParOldGen       total 44032K, used 6222K [0x00000000c0000000, 0x00000000c2b00000, 0x00000000eab00000)
  object space 44032K, 14% used [0x00000000c0000000,0x00000000c0613a70,0x00000000c2b00000)
 Metaspace       used 6149K, capacity 7088K, committed 7296K, reserved 1056768K
  class space    used 592K, capacity 616K, committed 640K, reserved 1048576K
Event: 7.180 GC heap after
Heap after GC invocations=4 (full 0):
 PSYoungGen      total 35328K, used 2529K [0x00000000eab00000, 0x00000000ed000000, 0x0000000100000000)
  eden space 32768K, 0% used [0x00000000eab00000,0x00000000eab00000,0x00000000ecb00000)
  from space 2560K, 98% used [0x00000000ecd80000,0x00000000ecff8470,0x00000000ed000000)
  to   space 2560K, 0% used [0x00000000ecb00000,0x00000000ecb00000,0x00000000ecd80000)
 ParOldGen       total 44032K, used 8955K [0x00000000c0000000, 0x00000000c2b00000, 0x00000000eab00000)
  object space 44032K, 20% used [0x00000000c0000000,0x00000000c08beda8,0x00000000c2b00000)
 Metaspace       used 6149K, capacity 7088K, committed 7296K, reserved 1056768K
  class space    used 592K, capacity 616K, committed 640K, reserved 1048576K
}
Event: 8.669 GC heap before
{Heap before GC invocations=5 (full 0):
 PSYoungGen      total 35328K, used 35297K [0x00000000eab00000, 0x00000000ed000000, 0x0000000100000000)
  eden space 32768K, 100% used [0x00000000eab00000,0x00000000ecb00000,0x00000000ecb00000)
  from space 2560K, 98% used [0x00000000ecd80000,0x00000000ecff8470,0x00000000ed000000)
  to   space 2560K, 0% used [0x00000000ecb00000,0x00000000ecb00000,0x00000000ecd80000)
 ParOldGen       total 44032K, used 8955K [0x00000000c0000000, 0x00000000c2b00000, 0x00000000eab00000)
  object space 44032K, 20% used [0x00000000c0000000,0x00000000c08beda8,0x00000000c2b00000)
 Metaspace       used 6272K, capacity 7128K, committed 7424K, reserved 1056768K
  class space    used 613K, capacity 656K, committed 768K, reserved 1048576K
Event: 8.759 GC heap after
Heap after GC invocations=5 (full 0):
 PSYoungGen      total 35328K, used 2549K [0x00000000eab00000, 0x00000000efb00000, 0x0000000100000000)
  eden space 32768K, 0% used [0x00000000eab00000,0x00000000eab00000,0x00000000ecb00000)
  from space 2560K, 99% used [0x00000000ecb00000,0x00000000ecd7d540,0x00000000ecd80000)
  to   space 8192K, 0% used [0x00000000ef300000,0x00000000ef300000,0x00000000efb00000)
 ParOldGen       total 44032K, used 14550K [0x00000000c0000000, 0x00000000c2b00000, 0x00000000eab00000)
  object space 44032K, 33% used [0x00000000c0000000,0x00000000c0e35830,0x00000000c2b00000)
 Metaspace       used 6272K, capacity 7128K, committed 7424K, reserved 1056768K
  class space    used 613K, capacity 656K, committed 768K, reserved 1048576K
}
Event: 10.018 GC heap before
{Heap before GC invocations=6 (full 0):
 PSYoungGen      total 35328K, used 35317K [0x00000000eab00000, 0x00000000efb00000, 0x0000000100000000)
  eden space 32768K, 100% used [0x00000000eab00000,0x00000000ecb00000,0x00000000ecb00000)
  from space 2560K, 99% used [0x00000000ecb00000,0x00000000ecd7d540,0x00000000ecd80000)
  to   space 8192K, 0% used [0x00000000ef300000,0x00000000ef300000,0x00000000efb00000)
 ParOldGen       total 44032K, used 14550K [0x00000000c0000000, 0x00000000c2b00000, 0x00000000eab00000)
  object space 44032K, 33% used [0x00000000c0000000,0x00000000c0e35830,0x00000000c2b00000)
 Metaspace       used 6282K, capacity 7128K, committed 7424K, reserved 1056768K
  class space    used 613K, capacity 656K, committed 768K, reserved 1048576K
Event: 10.109 GC heap after
Heap after GC invocations=6 (full 0):
 PSYoungGen      total 73216K, used 7263K [0x00000000eab00000, 0x00000000efc00000, 0x0000000100000000)
  eden space 65024K, 0% used [0x00000000eab00000,0x00000000eab00000,0x00000000eea80000)
  from space 8192K, 88% used [0x00000000ef300000,0x00000000efa17fb0,0x00000000efb00000)
  to   space 8704K, 0% used [0x00000000eea80000,0x00000000eea80000,0x00000000ef300000)
 ParOldGen       total 44032K, used 14550K [0x00000000c0000000, 0x00000000c2b00000, 0x00000000eab00000)
  object space 44032K, 33% used [0x00000000c0000000,0x00000000c0e35830,0x00000000c2b00000)
 Metaspace       used 6282K, capacity 7128K, committed 7424K, reserved 1056768K
  class space    used 613K, capacity 656K, committed 768K, reserved 1048576K
}
Event: 11.517 GC heap before
{Heap before GC invocations=7 (full 0):
 PSYoungGen      total 73216K, used 72287K [0x00000000eab00000, 0x00000000efc00000, 0x0000000100000000)
  eden space 65024K, 100% used [0x00000000eab00000,0x00000000eea80000,0x00000000eea80000)
  from space 8192K, 88% used [0x00000000ef300000,0x00000000efa17fb0,0x00000000efb00000)
  to   space 8704K, 0% used [0x00000000eea80000,0x00000000eea80000,0x00000000ef300000)
 ParOldGen       total 44032K, used 14550K [0x00000000c0000000, 0x00000000c2b00000, 0x00000000eab00000)
  object space 44032K, 33% used [0x00000000c0000000,0x00000000c0e35830,0x00000000c2b00000)
 Metaspace       used 6312K, capacity 7192K, committed 7424K, reserved 1056768K
  class space    used 613K, capacity 656K, committed 768K, reserved 1048576K
Event: 11.570 GC heap after
Heap after GC invocations=7 (full 0):
 PSYoungGen      total 73728K, used 8691K [0x00000000eab00000, 0x00000000efc00000, 0x0000000100000000)
  eden space 65024K, 0% used [0x00000000eab00000,0x00000000eab00000,0x00000000eea80000)
  from space 8704K, 99% used [0x00000000eea80000,0x00000000ef2fce70,0x00000000ef300000)
  to   space 8192K, 0% used [0x00000000ef300000,0x00000000ef300000,0x00000000efb00000)
 ParOldGen       total 44032K, used 22165K [0x00000000c0000000, 0x00000000c2b00000, 0x00000000eab00000)
  object space 44032K, 50% used [0x00000000c0000000,0x00000000c15a56c0,0x00000000c2b00000)
 Metaspace       used 6312K, capacity 7192K, committed 7424K, reserved 1056768K
  class space    used 613K, capacity 656K, committed 768K, reserved 1048576K
}

Deoptimization events (10 events):
Event: 13.091 Thread 0x00000000168bf000 Uncommon trap: reason=unstable_if action=reinterpret pc=0x0000000002ac2e08 method=java.util.Arrays.equals([Ljava/lang/Object;[Ljava/lang/Object;)Z @ 23
Event: 13.092 Thread 0x00000000168bf000 Uncommon trap: reason=speculate_class_check action=maybe_recompile pc=0x0000000002ac08d4 method=com.android.dx.util.FixedSizeList.equals(Ljava/lang/Object;)Z @ 25
Event: 13.092 Thread 0x00000000168bf000 Uncommon trap: reason=speculate_class_check action=maybe_recompile pc=0x0000000002ac08d4 method=com.android.dx.util.FixedSizeList.equals(Ljava/lang/Object;)Z @ 25
Event: 13.092 Thread 0x00000000168bf000 Uncommon trap: reason=speculate_class_check action=maybe_recompile pc=0x0000000002ac08d4 method=com.android.dx.util.FixedSizeList.equals(Ljava/lang/Object;)Z @ 25
Event: 13.092 Thread 0x00000000168bf000 Uncommon trap: reason=unstable_if action=reinterpret pc=0x0000000003053c2c method=java.util.TreeMap.put(Ljava/lang/Object;Ljava/lang/Object;)Ljava/lang/Object; @ 163
Event: 13.397 Thread 0x00000000168bf000 Uncommon trap: reason=unstable_if action=reinterpret pc=0x00000000030d6ccc method=com.android.dx.dex.code.OutputFinisher.findOpcodeForInsn(Lcom/android/dx/dex/code/DalvInsn;Lcom/android/dx/dex/code/Dop;)Lcom/android/dx/dex/code/Dop; @ 1
Event: 14.341 Thread 0x00000000168bf000 Uncommon trap: reason=unstable_if action=reinterpret pc=0x000000000313bbf4 method=com.android.dx.dex.code.OutputFinisher.align64bits([Lcom/android/dx/dex/code/Dop;)V @ 130
Event: 14.829 Thread 0x00000000168bf000 Uncommon trap: reason=unstable_if action=reinterpret pc=0x000000000317d0d8 method=com.android.dx.rop.code.RegisterSpecSet.findMatchingLocal(Lcom/android/dx/rop/code/RegisterSpec;)Lcom/android/dx/rop/code/RegisterSpec; @ 35
Event: 14.829 Thread 0x00000000168bf000 Uncommon trap: reason=unstable_if action=reinterpret pc=0x0000000003153aec method=com.android.dx.rop.code.RegisterSpecSet.findMatchingLocal(Lcom/android/dx/rop/code/RegisterSpec;)Lcom/android/dx/rop/code/RegisterSpec; @ 35
Event: 14.831 Thread 0x00000000168bf000 Uncommon trap: reason=unstable_if action=reinterpret pc=0x0000000003163664 method=com.android.dx.dex.code.StdCatchBuilder.handlersFor(Lcom/android/dx/rop/code/BasicBlock;Lcom/android/dx/dex/code/BlockAddresses;)Lcom/android/dx/dex/code/CatchHandlerList; @ •ˆÎÅt.*@

Internal exceptions (8 events):
Event: 1.325 Thread 0x000000000272e000 Exception <a 'java/lang/NoSuchMethodError': Method sun.misc.Unsafe.defineClass(Ljava/lang/String;[BII)Ljava/lang/Class; name or signature does not match> (0x00000000eab0d9e8) thrown at [C:\re\workspace\8-2-build-windows-amd64-cygwin\jdk8u51\3951\hotspot\srˆÇ7pL2õ?
Event: 1.325 Thread 0x000000000272e000 Exception <a 'java/lang/NoSuchMethodError': Method sun.misc.Unsafe.prefetchRead(Ljava/lang/Object;J)V name or signature does not match> (0x00000000eab0dc78) thrown at [C:\re\workspace\8-2-build-windows-amd64-cygwin\jdk8u51\3951\hotspot\src\share\vm\prims\j©ú¶<n@
Event: 4.358 Thread 0x00000000168cc800 Implicit null exception at 0x0000000002a166e2 to 0x0000000002a167d2
Event: 6.925 Thread 0x00000000168ca000 Implicit null exception at 0x0000000002a1e37f to 0x0000000002a2120d
Event: 7.358 Thread 0x00000000168ce000 Implicit null exception at 0x0000000002a28e4d to 0x0000000002a2b63d
Event: 7.464 Thread 0x00000000168cc800 Exception <a 'java/lang/ArrayIndexOutOfBoundsException': 18> (0x00000000ebaa8050) thrown at [C:\re\workspace\8-2-build-windows-amd64-cygwin\jdk8u51\3951\hotspot\src\share\vm\interpreter\interpreterRuntime.cpp, line 366]
Event: 7.465 Thread 0x00000000168cc800 Exception <a 'java/lang/ArrayIndexOutOfBoundsException'> (0x00000000ebaa9b20) thrown at [C:\re\workspace\8-2-build-windows-amd64-cygwin\jdk8u51\3951\hotspot\src\share\vm\runtime\sharedRuntime.cpp, line 605]
Event: 7.467 Thread 0x00000000168cc800 Exception <a 'java/lang/ArrayIndexOutOfBoundsException'> (0x00000000ebaaad58) thrown at [C:\re\workspace\8-2-build-windows-amd64-cygwin\jdk8u51\3951\hotspot\src\share\vm\runtime\sharedRuntime.cpp, line 605]

Events (10 events):
Event: 15.129 Thread 0x00000000168bf000 DEOPT PACKING pc=0x0000000003174ad9 sp=0x0000000019a0ea80
Event: 15.129 Thread 0x00000000168bf000 DEOPT UNPACKING pc=0x000000000277787f sp=0x0000000019a0e7d0 mode 0
Event: 15.134 Thread 0x00000000168bf000 DEOPT PACKING pc=0x0000000003174ad9 sp=0x0000000019a0ea80
Event: 15.134 Thread 0x00000000168bf000 DEOPT UNPACKING pc=0x000000000277787f sp=0x0000000019a0e7d0 mode 0
Event: 15.158 Thread 0x00000000168bf000 DEOPT PACKING pc=0x0000000003174ad9 sp=0x0000000019a0ea80
Event: 15.158 Thread 0x00000000168bf000 DEOPT UNPACKING pc=0x000000000277787f sp=0x0000000019a0e7d0 mode 0
Event: 15.212 loading class com/android/dx/dex/file/DebugInfoEncoder
Event: 15.212 loading class com/android/dx/dex/file/DebugInfoEncoder done
Event: 15.214 loading class com/android/dx/dex/file/DebugInfoEncoder$1
Event: 15.214 loading class com/android/dx/dex/file/DebugInfoEncoder$1 done


Dynamic libraries:
0x00007ff6ce3d0000 - 0x00007ff6ce407000 	C:\Program Files\Java\jdk1.8.0_51\bin\java.exe
0x00007ffa5a480000 - 0x00007ffa5a641000 	C:\WINDOWS\SYSTEM32\ntdll.dll
0x00007ffa578e0000 - 0x00007ffa5798d000 	C:\WINDOWS\system32\KERNEL32.DLL
0x00007ffa57570000 - 0x00007ffa57758000 	C:\WINDOWS\system32\KERNELBASE.dll
0x00007ffa5a3d0000 - 0x00007ffa5a477000 	C:\WINDOWS\system32\ADVAPI32.dll
0x00007ffa59690000 - 0x00007ffa5972d000 	C:\WINDOWS\system32\msvcrt.dll
0x00007ffa59ad0000 - 0x00007ffa59b2b000 	C:\WINDOWS\system32\sechost.dll
0x00007ffa59070000 - 0x00007ffa5918c000 	C:\WINDOWS\system32\RPCRT4.dll
0x00007ffa59970000 - 0x00007ffa59ac6000 	C:\WINDOWS\system32\USER32.dll
0x00007ffa59f30000 - 0x00007ffa5a0b6000 	C:\WINDOWS\system32\GDI32.dll
0x00007ffa4a960000 - 0x00007ffa4abd4000 	C:\WINDOWS\WinSxS\amd64_microsoft.windows.common-controls_6595b64144ccf1df_6.0.10586.494_none_a2d8b04ea53e3145\COMCTL32.dll
0x00007ffa59b30000 - 0x00007ffa59dad000 	C:\WINDOWS\system32\combase.dll
0x00007ffa56e90000 - 0x00007ffa56efa000 	C:\WINDOWS\system32\bcryptPrimitives.dll
0x00007ffa59620000 - 0x00007ffa5965b000 	C:\WINDOWS\system32\IMM32.DLL
0x000000006b400000 - 0x000000006b4d2000 	C:\Program Files\Java\jdk1.8.0_51\jre\bin\msvcr100.dll
0x000000006b930000 - 0x000000006c1b3000 	C:\Program Files\Java\jdk1.8.0_51\jre\bin\server\jvm.dll
0x00007ffa59660000 - 0x00007ffa59668000 	C:\WINDOWS\system32\PSAPI.DLL
0x00007ffa4c820000 - 0x00007ffa4c829000 	C:\WINDOWS\SYSTEM32\WSOCK32.dll
0x00007ffa59900000 - 0x00007ffa5996b000 	C:\WINDOWS\system32\WS2_32.dll
0x00007ffa54f70000 - 0x00007ffa54f93000 	C:\WINDOWS\SYSTEM32\WINMM.dll
0x00007ffa50900000 - 0x00007ffa5090a000 	C:\WINDOWS\SYSTEM32\VERSION.dll
0x00007ffa54f10000 - 0x00007ffa54f3c000 	C:\WINDOWS\SYSTEM32\WINMMBASE.dll
0x00007ffa56c70000 - 0x00007ffa56cb3000 	C:\WINDOWS\system32\cfgmgr32.dll
0x000000006c800000 - 0x000000006c80f000 	C:\Program Files\Java\jdk1.8.0_51\jre\bin\verify.dll
0x000000006b820000 - 0x000000006b849000 	C:\Program Files\Java\jdk1.8.0_51\jre\bin\java.dll
0x000000006c7e0000 - 0x000000006c7f6000 	C:\Program Files\Java\jdk1.8.0_51\jre\bin\zip.dll
0x00007ffa57a60000 - 0x00007ffa58fbc000 	C:\WINDOWS\system32\SHELL32.dll
0x00007ffa56f20000 - 0x00007ffa57565000 	C:\WINDOWS\system32\windows.storage.dll
0x00007ffa57880000 - 0x00007ffa578d2000 	C:\WINDOWS\system32\shlwapi.dll
0x00007ffa56ab0000 - 0x00007ffa56abf000 	C:\WINDOWS\system32\kernel.appcore.dll
0x00007ffa57760000 - 0x00007ffa57815000 	C:\WINDOWS\system32\shcore.dll
0x00007ffa56ac0000 - 0x00007ffa56b0b000 	C:\WINDOWS\system32\powrprof.dll
0x00007ffa56b10000 - 0x00007ffa56b24000 	C:\WINDOWS\system32\profapi.dll
0x00007ffa472b0000 - 0x00007ffa4743c000 	C:\WINDOWS\SYSTEM32\dbghelp.dll

VM Arguments:
jvm_args: -Djava.awt.headless=true -Xmx1024M -Dfile.encoding=windows-1252 -Duser.country=IN -Duser.language=en -Duser.variant 
java_command: com.android.dx.command.Main --dex --force-jumbo --num-threads=4 --multi-dex --output F:\Android_Projects\Brokerapp\app\build\intermediates\transforms\dex\debug\folders\1000\10\com.android.support-recyclerview-v7-23.3.0_9f8a41248f779a7578102b1c97ef0a4156524bf0 F:\Android_Projects\Brokerapp\app\build\intermediates\exploded-aar\com.android.support\recyclerview-v7\23.3.0\jars\classes.jar
java_class_path (initial): C:\Users\Ganesh Prasad\AppData\Local\Android\sdk\build-tools\23.0.2\lib\dx.jar
Launcher Type: SUN_STANDARD

Environment Variables:
JAVA_HOME=C:\Program Files\Java\jdk1.8.0_51
PATH=C:\ProgramData\Oracle\Java\javapath;C:\Program Files (x86)\Intel\iCLS Client\;C:\Program Files\Intel\iCLS Client\;C:\Program Files (x86)\AMD APP\bin\x86_64;C:\Program Files (x86)\AMD APP\bin\x86;C:\WINDOWS\system32;C:\WINDOWS;C:\WINDOWS\System32\Wbem;C:\WINDOWS\System32\WindowsPowerShell\v1.0\;C:\Program Files (x86)\ATI Technologies\ATI.ACE\Core-Static;C:\Program Files\Intel\Intel(R) Management Engine Components\DAL;C:\Program Files\Intel\Intel(R) Management Engine Components\IPT;C:\Program Files (x86)\Intel\Intel(R) Management Engine Components\DAL;C:\Program Files (x86)\Intel\Intel(R) Management Engine Components\IPT;\;C:\Program Files (x86)\Sony\VAIO Startup Setting Tool;C:\Program Files (x86)\Brackets\command;C:\Program Files (x86)\Java\jdk1.8.0_45\bin;C:\Program Files\nodejs\;C:\Users\Ganesh Prasad\AppData\Local\GitHub\PortableGit_c7e0cbde92ba565cb218a521411d0e854079a28c\bin;C:\Users\Ganesh Prasad\AppData\Local\GitHub\PortableGit_c7e0cbde92ba565cb218a521411d0e854079a28c\cmd;C:\Program Files (x86)\AMD\ATI.ACE\Core-Static;C:\Users\Ganesh Prasad\AppData\Local\Android\sdk\platform-tools;C:\Users\Ganesh Prasad\Anaconda2;C:\Users\Ganesh Prasad\Anaconda2\Scripts;C:\Users\Ganesh Prasad\Anaconda2\Library\bin;C:\Users\Ganesh Prasad\AppData\Roaming\npm
USERNAME=Ganesh Prasad
OS=Windows_NT
PROCESSOR_IDENTIFIER=Intel64 Family 6 Model 58 Stepping 9, GenuineIntel



---------------  S Y S T E M  ---------------

OS: Windows 10.0 , 64 bit Build 10586 (10.0.10586.0)

CPU:total 4 (2 cores per cpu, 2 threads per core) family 6 model 58 stepping 9, cmov, cx8, fxsr, mmx, sse, sse2, sse3, ssse3, sse4.1, sse4.2, popcnt, avx, clmul, erms, ht, tsc, tscinvbit, tscinv

Memory: 4k page, physical 4140316k(155800k free), swap 5574940k(1244k free)

vm_info: Java HotSpot(TM) 64-Bit Server VM (25.51-b03) for windows-amd64 JRE (1.8.0_51-b16), built on Jun  8 2015 18:03:07 by "java_re" with MS VC++ 10.0 (VS2010)

time: Sun Jul 24 13:40:38 2016
elapsed time: 17 seconds (0d 0h 0m 17s)

