#
# There is insufficient memory for the Java Runtime Environment to continue.
# Native memory allocation (malloc) failed to allocate 65552 bytes for Chunk::new
# Possible reasons:
#   The system is out of physical RAM or swap space
#   In 32 bit mode, the process size limit was hit
# Possible solutions:
#   Reduce memory load on the system
#   Increase physical memory or swap space
#   Check if swap backing store is full
#   Use 64 bit Java on a 64 bit OS
#   Decrease Java heap size (-Xmx/-Xms)
#   Decrease number of Java threads
#   Decrease Java thread stack sizes (-Xss)
#   Set larger code cache with -XX:ReservedCodeCacheSize=
# This output file may be truncated or incomplete.
#
#  Out of Memory Error (allocation.cpp:390), pid=298056, tid=298508
#
# JRE version: Java(TM) SE Runtime Environment (8.0_51-b16) (build 1.8.0_51-b16)
# Java VM: Java HotSpot(TM) 64-Bit Server VM (25.51-b03 mixed mode windows-amd64 compressed oops)
# Failed to write core dump. Minidumps are not enabled by default on client versions of Windows
#

---------------  T H R E A D  ---------------

Current thread (0x0000000015581800):  JavaThread "C2 CompilerThread1" daemon [_thread_in_native, id=298508, stack(0x0000000016be0000,0x0000000016ce0000)]

Stack: [0x0000000016be0000,0x0000000016ce0000]
Native frames: (J=compiled Java code, j=interpreted, Vv=VM code, C=native code)
V  [jvm.dll+0x32b4ca]
V  [jvm.dll+0x2797e3]
V  [jvm.dll+0x27a479]
V  [jvm.dll+0x271765]
V  [jvm.dll+0xcba02]
V  [jvm.dll+0xcbecc]
V  [jvm.dll+0x500bed]
V  [jvm.dll+0x5013ae]
V  [jvm.dll+0x5038c6]
V  [jvm.dll+0x5031ea]
V  [jvm.dll+0x46b4fa]
V  [jvm.dll+0x46cd4e]
V  [jvm.dll+0x4501a2]
V  [jvm.dll+0xa43a2]
V  [jvm.dll+0xa4cdf]
V  [jvm.dll+0x2418a4]
V  [jvm.dll+0x29846a]
C  [msvcr100.dll+0x21d9f]
C  [msvcr100.dll+0x21e3b]
C  [KERNEL32.DLL+0x18102]
C  [ntdll.dll+0x5c5b4]


Current CompileTask:
C2:   7943 1123       4       com.android.dx.dex.code.OutputFinisher::addConstants (68 bytes)


---------------  P R O C E S S  ---------------

Java Threads: ( => current thread )
  0x0000000016f46000 JavaThread "pool-1-thread-1" [_thread_in_vm, id=298296, stack(0x00000000180e0000,0x00000000181e0000)]
  0x00000000155de000 JavaThread "Service Thread" daemon [_thread_blocked, id=298372, stack(0x00000000171e0000,0x00000000172e0000)]
  0x000000001558d000 JavaThread "C1 CompilerThread2" daemon [_thread_in_native, id=298556, stack(0x0000000016ce0000,0x0000000016de0000)]
=>0x0000000015581800 JavaThread "C2 CompilerThread1" daemon [_thread_in_native, id=298508, stack(0x0000000016be0000,0x0000000016ce0000)]
  0x000000001557b800 JavaThread "C2 CompilerThread0" daemon [_thread_in_native, id=298564, stack(0x0000000016ae0000,0x0000000016be0000)]
  0x0000000015579800 JavaThread "Attach Listener" daemon [_thread_blocked, id=298232, stack(0x00000000169e0000,0x0000000016ae0000)]
  0x0000000015578000 JavaThread "Signal Dispatcher" daemon [_thread_blocked, id=298544, stack(0x00000000168e0000,0x00000000169e0000)]
  0x0000000002ea0800 JavaThread "Finalizer" daemon [_thread_blocked, id=298428, stack(0x00000000167e0000,0x00000000168e0000)]
  0x0000000002e9d800 JavaThread "Reference Handler" daemon [_thread_blocked, id=298840, stack(0x00000000166e0000,0x00000000167e0000)]
  0x0000000002b8e000 JavaThread "main" [_thread_blocked, id=298724, stack(0x0000000002cb0000,0x0000000002db0000)]

Other Threads:
  0x0000000015548000 VMThread [stack: 0x00000000165e0000,0x00000000166e0000] [id=298212]
  0x0000000016e01800 WatcherThread [stack: 0x00000000172e0000,0x00000000173e0000] [id=296352]

VM state:not at safepoint (normal execution)

VM Mutex/Monitor currently owned by a thread: None

Heap:
 PSYoungGen      total 18944K, used 6948K [0x00000000eab00000, 0x00000000ed000000, 0x0000000100000000)
  eden space 16384K, 26% used [0x00000000eab00000,0x00000000eaf4d380,0x00000000ebb00000)
  from space 2560K, 99% used [0x00000000ebb00000,0x00000000ebd7c028,0x00000000ebd80000)
  to   space 2560K, 0% used [0x00000000ecd80000,0x00000000ecd80000,0x00000000ed000000)
 ParOldGen       total 44032K, used 1334K [0x00000000c0000000, 0x00000000c2b00000, 0x00000000eab00000)
  object space 44032K, 3% used [0x00000000c0000000,0x00000000c014db58,0x00000000c2b00000)
 Metaspace       used 5960K, capacity 6960K, committed 7040K, reserved 1056768K
  class space    used 597K, capacity 616K, committed 640K, reserved 1048576K

Card table byte_map: [0x0000000012270000,0x0000000012480000] byte_map_base: 0x0000000011c70000

Marking Bits: (ParMarkBitMap*) 0x00000000610f4040
 Begin Bits: [0x00000000129e0000, 0x00000000139e0000)
 End Bits:   [0x00000000139e0000, 0x00000000149e0000)

Polling page: 0x0000000002b30000

CodeCache: size=245760Kb used=4636Kb max_used=4636Kb free=241123Kb
 bounds [0x0000000002eb0000, 0x0000000003340000, 0x0000000011eb0000]
 total_blobs=1436 nmethods=1167 adapters=182
 compilation: enabled

Compilation events (10 events):
Event: 7.273 Thread 0x000000001558d000 nmethod 1132 0x0000000003324010 code [0x0000000003324180, 0x00000000033244d0]
Event: 7.273 Thread 0x000000001558d000 1133       3       com.android.dx.dex.file.IndexedItem::setIndex (24 bytes)
Event: 7.273 Thread 0x000000001558d000 nmethod 1133 0x00000000033245d0 code [0x0000000003324740, 0x0000000003324988]
Event: 7.274 Thread 0x000000001558d000 1134       3       java.util.TreeMap::rotateRight (96 bytes)
Event: 7.274 Thread 0x000000001558d000 nmethod 1134 0x0000000003324a50 code [0x0000000003324bc0, 0x0000000003324f10]
Event: 7.274 Thread 0x000000001558d000 1135       3       com.android.dx.dex.file.MemberIdItem::addContents (26 bytes)
Event: 7.275 Thread 0x000000001558d000 nmethod 1135 0x0000000003325010 code [0x00000000033251e0, 0x0000000003325c08]
Event: 7.276 Thread 0x000000001558d000 1136   !   3       com.android.dx.dex.file.MixedItemSection::add (49 bytes)
Event: 7.277 Thread 0x000000001558d000 nmethod 1136 0x0000000003326090 code [0x00000000033262a0, 0x0000000003326d18]
Event: 7.277 Thread 0x000000001558d000 1137  s    3       com.android.dx.dex.file.TypeIdsSection::intern (62 bytes)

GC Heap History (2 events):
Event: 5.639 GC heap before
{Heap before GC invocations=1 (full 0):
 PSYoungGen      total 18944K, used 16384K [0x00000000eab00000, 0x00000000ec000000, 0x0000000100000000)
  eden space 16384K, 100% used [0x00000000eab00000,0x00000000ebb00000,0x00000000ebb00000)
  from space 2560K, 0% used [0x00000000ebd80000,0x00000000ebd80000,0x00000000ec000000)
  to   space 2560K, 0% used [0x00000000ebb00000,0x00000000ebb00000,0x00000000ebd80000)
 ParOldGen       total 44032K, used 0K [0x00000000c0000000, 0x00000000c2b00000, 0x00000000eab00000)
  object space 44032K, 0% used [0x00000000c0000000,0x00000000c0000000,0x00000000c2b00000)
 Metaspace       used 5728K, capacity 6768K, committed 7040K, reserved 1056768K
  class space    used 584K, capacity 616K, committed 640K, reserved 1048576K
Event: 5.781 GC heap after
Heap after GC invocations=1 (full 0):
 PSYoungGen      total 18944K, used 2544K [0x00000000eab00000, 0x00000000ed000000, 0x0000000100000000)
  eden space 16384K, 0% used [0x00000000eab00000,0x00000000eab00000,0x00000000ebb00000)
  from space 2560K, 99% used [0x00000000ebb00000,0x00000000ebd7c028,0x00000000ebd80000)
  to   space 2560K, 0% used [0x00000000ecd80000,0x00000000ecd80000,0x00000000ed000000)
 ParOldGen       total 44032K, used 1334K [0x00000000c0000000, 0x00000000c2b00000, 0x00000000eab00000)
  object space 44032K, 3% used [0x00000000c0000000,0x00000000c014db58,0x00000000c2b00000)
 Metaspace       used 5728K, capacity 6768K, committed 7040K, reserved 1056768K
  class space    used 584K, capacity 616K, committed 640K, reserved 1048576K
}

Deoptimization events (6 events):
Event: 3.703 Thread 0x0000000016f40800 Uncommon trap: reason=unstable_if action=reinterpret pc=0x00000000030b53bc method=java.util.HashMap.getNode(ILjava/lang/Object;)Ljava/util/HashMap$Node; @ 62
Event: 4.205 Thread 0x0000000016f40800 Uncommon trap: reason=unstable_if action=reinterpret pc=0x000000000311a5f4 method=java.util.BitSet.ensureCapacity(I)V @ 6
Event: 5.846 Thread 0x000000001703d000 Uncommon trap: reason=bimorphic action=maybe_recompile pc=0x0000000003107f68 method=java.util.HashMap.getNode(ILjava/lang/Object;)Ljava/util/HashMap$Node; @ 126
Event: 5.846 Thread 0x000000001703d000 Uncommon trap: reason=bimorphic action=maybe_recompile pc=0x0000000003107f68 method=java.util.HashMap.getNode(ILjava/lang/Object;)Ljava/util/HashMap$Node; @ 126
Event: 5.846 Thread 0x000000001703d000 Uncommon trap: reason=bimorphic action=maybe_recompile pc=0x0000000003107f68 method=java.util.HashMap.getNode(ILjava/lang/Object;)Ljava/util/HashMap$Node; @ 126
Event: 5.846 Thread 0x000000001703d000 Uncommon trap: reason=bimorphic action=maybe_recompile pc=0x0000000003107f68 method=java.util.HashMap.getNode(ILjava/lang/Object;)Ljava/util/HashMap$Node; @ 126

Internal exceptions (2 events):
Event: 0.382 Thread 0x0000000002b8e000 Exception <a 'java/lang/NoSuchMethodError': Method sun.misc.Unsafe.defineClass(Ljava/lang/String;[BII)Ljava/lang/Class; name or signature does not match> (0x00000000eab0d9d8) thrown at [C:\re\workspace\8-2-build-windows-amd64-cygwin\jdk8u51\3951\hotspot\srŒ]π-'mÿ?
Event: 0.382 Thread 0x0000000002b8e000 Exception <a 'java/lang/NoSuchMethodError': Method sun.misc.Unsafe.prefetchRead(Ljava/lang/Object;J)V name or signature does not match> (0x00000000eab0dc68) thrown at [C:\re\workspace\8-2-build-windows-amd64-cygwin\jdk8u51\3951\hotspot\src\share\vm\prims\j

Events (10 events):
Event: 7.196 loading class java/util/SortedSet
Event: 7.237 loading class java/util/SortedSet done
Event: 7.237 loading class java/util/NavigableSet done
Event: 7.237 loading class java/util/TreeMap$KeySet done
Event: 7.238 loading class java/util/TreeMap$KeyIterator
Event: 7.238 loading class java/util/TreeMap$KeyIterator done
Event: 7.239 loading class com/android/dx/rop/cst/Zeroes
Event: 7.239 loading class com/android/dx/rop/cst/Zeroes done
Event: 7.267 loading class com/android/dx/dex/file/ProtoIdItem
Event: 7.267 loading class com/android/dx/dex/file/ProtoIdItem done


Dynamic libraries:
0x00007ff768400000 - 0x00007ff768437000 	C:\Program Files\Java\jdk1.8.0_51\bin\java.exe
0x00007ff97c400000 - 0x00007ff97c5c1000 	C:\WINDOWS\SYSTEM32\ntdll.dll
0x00007ff97c2f0000 - 0x00007ff97c39d000 	C:\WINDOWS\system32\KERNEL32.DLL
0x00007ff979440000 - 0x00007ff979628000 	C:\WINDOWS\system32\KERNELBASE.dll
0x00007ff979800000 - 0x00007ff9798a7000 	C:\WINDOWS\system32\ADVAPI32.dll
0x00007ff9798b0000 - 0x00007ff97994d000 	C:\WINDOWS\system32\msvcrt.dll
0x00007ff97b1a0000 - 0x00007ff97b1fb000 	C:\WINDOWS\system32\sechost.dll
0x00007ff97b4c0000 - 0x00007ff97b5dc000 	C:\WINDOWS\system32\RPCRT4.dll
0x00007ff97b200000 - 0x00007ff97b356000 	C:\WINDOWS\system32\USER32.dll
0x00007ff9799c0000 - 0x00007ff979b46000 	C:\WINDOWS\system32\GDI32.dll
0x00007ff96d090000 - 0x00007ff96d304000 	C:\WINDOWS\WinSxS\amd64_microsoft.windows.common-controls_6595b64144ccf1df_6.0.10586.0_none_8c15ae12515e1c22\COMCTL32.dll
0x00007ff97c060000 - 0x00007ff97c2dd000 	C:\WINDOWS\system32\combase.dll
0x00007ff9793d0000 - 0x00007ff97943a000 	C:\WINDOWS\system32\bcryptPrimitives.dll
0x00007ff979b50000 - 0x00007ff979b8b000 	C:\WINDOWS\system32\IMM32.DLL
0x000000005fd80000 - 0x000000005fe52000 	C:\Program Files\Java\jdk1.8.0_51\jre\bin\msvcr100.dll
0x00000000608f0000 - 0x0000000061173000 	C:\Program Files\Java\jdk1.8.0_51\jre\bin\server\jvm.dll
0x00007ff97bad0000 - 0x00007ff97bad8000 	C:\WINDOWS\system32\PSAPI.DLL
0x00007ff976f10000 - 0x00007ff976f19000 	C:\WINDOWS\SYSTEM32\WSOCK32.dll
0x00007ff976bf0000 - 0x00007ff976c13000 	C:\WINDOWS\SYSTEM32\WINMM.dll
0x00007ff974de0000 - 0x00007ff974dea000 	C:\WINDOWS\SYSTEM32\VERSION.dll
0x00007ff976bc0000 - 0x00007ff976bec000 	C:\WINDOWS\SYSTEM32\WINMMBASE.dll
0x00007ff979380000 - 0x00007ff9793c3000 	C:\WINDOWS\system32\cfgmgr32.dll
0x00007ff979950000 - 0x00007ff9799bb000 	C:\WINDOWS\system32\WS2_32.dll
0x00000000608e0000 - 0x00000000608ef000 	C:\Program Files\Java\jdk1.8.0_51\jre\bin\verify.dll
0x00000000608b0000 - 0x00000000608d9000 	C:\Program Files\Java\jdk1.8.0_51\jre\bin\java.dll
0x0000000060890000 - 0x00000000608a6000 	C:\Program Files\Java\jdk1.8.0_51\jre\bin\zip.dll
0x00007ff979b90000 - 0x00007ff97b0ec000 	C:\WINDOWS\system32\SHELL32.dll
0x00007ff978b60000 - 0x00007ff9791a4000 	C:\WINDOWS\system32\windows.storage.dll
0x00007ff97b5e0000 - 0x00007ff97b632000 	C:\WINDOWS\system32\shlwapi.dll
0x00007ff978a20000 - 0x00007ff978a2f000 	C:\WINDOWS\system32\kernel.appcore.dll
0x00007ff9796e0000 - 0x00007ff979795000 	C:\WINDOWS\system32\shcore.dll
0x00007ff978a50000 - 0x00007ff978a9b000 	C:\WINDOWS\system32\powrprof.dll
0x00007ff978a30000 - 0x00007ff978a44000 	C:\WINDOWS\system32\profapi.dll
0x00007ff96a440000 - 0x00007ff96a5cc000 	C:\WINDOWS\SYSTEM32\dbghelp.dll

VM Arguments:
jvm_args: -Djava.awt.headless=true -Xmx1024M -Dfile.encoding=windows-1252 -Duser.country=IN -Duser.language=en -Duser.variant 
java_command: com.android.dx.command.Main --dex --force-jumbo --num-threads=4 --multi-dex --output F:\Android_Projects\Brokerapp\app\build\intermediates\transforms\dex\debug\folders\1000\10\com.android.support-cardview-v7-23.2.1_53e3300395bea7a6bd27ff2848b75179da5192f8 F:\Android_Projects\Brokerapp\app\build\intermediates\exploded-aar\com.android.support\cardview-v7\23.2.1\jars\classes.jar
java_class_path (initial): C:\Users\Ganesh Prasad\AppData\Local\Android\sdk\build-tools\23.0.2\lib\dx.jar
Launcher Type: SUN_STANDARD

Environment Variables:
JAVA_HOME=C:\Program Files\Java\jdk1.8.0_51
PATH=C:\ProgramData\Oracle\Java\javapath;C:\Program Files (x86)\Intel\iCLS Client\;C:\Program Files\Intel\iCLS Client\;C:\Program Files (x86)\AMD APP\bin\x86_64;C:\Program Files (x86)\AMD APP\bin\x86;C:\WINDOWS\system32;C:\WINDOWS;C:\WINDOWS\System32\Wbem;C:\WINDOWS\System32\WindowsPowerShell\v1.0\;C:\Program Files (x86)\ATI Technologies\ATI.ACE\Core-Static;C:\Program Files\Intel\Intel(R) Management Engine Components\DAL;C:\Program Files\Intel\Intel(R) Management Engine Components\IPT;C:\Program Files (x86)\Intel\Intel(R) Management Engine Components\DAL;C:\Program Files (x86)\Intel\Intel(R) Management Engine Components\IPT;\;C:\Program Files (x86)\Sony\VAIO Startup Setting Tool;C:\Program Files (x86)\Brackets\command;C:\Program Files (x86)\Java\jdk1.8.0_45\bin;C:\Program Files\nodejs\;C:\Users\Ganesh Prasad\AppData\Local\GitHub\PortableGit_c7e0cbde92ba565cb218a521411d0e854079a28c\bin;C:\Users\Ganesh Prasad\AppData\Local\GitHub\PortableGit_c7e0cbde92ba565cb218a521411d0e854079a28c\cmd;C:\Program Files (x86)\AMD\ATI.ACE\Core-Static;C:\Users\Ganesh Prasad\AppData\Local\Android\sdk\platform-tools;C:\Users\Ganesh Prasad\Anaconda2;C:\Users\Ganesh Prasad\Anaconda2\Scripts;C:\Users\Ganesh Prasad\Anaconda2\Library\bin;C:\Users\Ganesh Prasad\AppData\Roaming\npm
USERNAME=Ganesh Prasad
OS=Windows_NT
PROCESSOR_IDENTIFIER=Intel64 Family 6 Model 58 Stepping 9, GenuineIntel



---------------  S Y S T E M  ---------------

OS: Windows 10.0 , 64 bit Build 10586 (10.0.10586.0)

CPU:total 4 (2 cores per cpu, 2 threads per core) family 6 model 58 stepping 9, cmov, cx8, fxsr, mmx, sse, sse2, sse3, ssse3, sse4.1, sse4.2, popcnt, avx, clmul, erms, ht, tsc, tscinvbit, tscinv

Memory: 4k page, physical 4140316k(215572k free), swap 5574940k(6392k free)

vm_info: Java HotSpot(TM) 64-Bit Server VM (25.51-b03) for windows-amd64 JRE (1.8.0_51-b16), built on Jun  8 2015 18:03:07 by "java_re" with MS VC++ 10.0 (VS2010)

time: Mon Jul 04 18:05:55 2016
elapsed time: 7 seconds (0d 0h 0m 7s)

