#
# There is insufficient memory for the Java Runtime Environment to continue.
# Native memory allocation (malloc) failed to allocate 300656 bytes for Chunk::new
# Possible reasons:
#   The system is out of physical RAM or swap space
#   In 32 bit mode, the process size limit was hit
# Possible solutions:
#   Reduce memory load on the system
#   Increase physical memory or swap space
#   Check if swap backing store is full
#   Use 64 bit Java on a 64 bit OS
#   Decrease Java heap size (-Xmx/-Xms)
#   Decrease number of Java threads
#   Decrease Java thread stack sizes (-Xss)
#   Set larger code cache with -XX:ReservedCodeCacheSize=
# This output file may be truncated or incomplete.
#
#  Out of Memory Error (allocation.cpp:390), pid=298912, tid=298388
#
# JRE version: Java(TM) SE Runtime Environment (8.0_51-b16) (build 1.8.0_51-b16)
# Java VM: Java HotSpot(TM) 64-Bit Server VM (25.51-b03 mixed mode windows-amd64 compressed oops)
# Failed to write core dump. Minidumps are not enabled by default on client versions of Windows
#

---------------  T H R E A D  ---------------

Current thread (0x0000000015621800):  JavaThread "C2 CompilerThread1" daemon [_thread_in_native, id=298388, stack(0x0000000016c90000,0x0000000016d90000)]

Stack: [0x0000000016c90000,0x0000000016d90000]
Native frames: (J=compiled Java code, j=interpreted, Vv=VM code, C=native code)
V  [jvm.dll+0x32b4ca]


Current CompileTask:
C2:   7637 1475       4       com.android.dx.ssa.back.FirstFitLocalCombiningAllocator$1::processInsn (169 bytes)


---------------  P R O C E S S  ---------------

Java Threads: ( => current thread )
  0x000000001706d800 JavaThread "pool-2-thread-4" [_thread_in_Java, id=298636, stack(0x0000000017890000,0x0000000017990000)]
  0x000000001706c800 JavaThread "pool-2-thread-3" [_thread_blocked, id=298512, stack(0x0000000017790000,0x0000000017890000)]
  0x0000000017069000 JavaThread "pool-2-thread-2" [_thread_blocked, id=298308, stack(0x0000000017690000,0x0000000017790000)]
  0x0000000017062800 JavaThread "pool-3-thread-1" [_thread_blocked, id=298400, stack(0x0000000017590000,0x0000000017690000)]
  0x000000001705a800 JavaThread "pool-2-thread-1" [_thread_in_Java, id=298420, stack(0x0000000017490000,0x0000000017590000)]
  0x0000000016d9b000 JavaThread "Service Thread" daemon [_thread_blocked, id=229632, stack(0x0000000017290000,0x0000000017390000)]
  0x0000000016d98800 JavaThread "C1 CompilerThread2" daemon [_thread_blocked, id=298548, stack(0x0000000017190000,0x0000000017290000)]
=>0x0000000015621800 JavaThread "C2 CompilerThread1" daemon [_thread_in_native, id=298388, stack(0x0000000016c90000,0x0000000016d90000)]
  0x000000001561b800 JavaThread "C2 CompilerThread0" daemon [_thread_in_native, id=298436, stack(0x0000000016b90000,0x0000000016c90000)]
  0x0000000015619800 JavaThread "Attach Listener" daemon [_thread_blocked, id=297016, stack(0x0000000016a90000,0x0000000016b90000)]
  0x0000000015618000 JavaThread "Signal Dispatcher" daemon [_thread_blocked, id=298572, stack(0x0000000016990000,0x0000000016a90000)]
  0x0000000002f40800 JavaThread "Finalizer" daemon [_thread_blocked, id=297476, stack(0x0000000016890000,0x0000000016990000)]
  0x0000000002f3d800 JavaThread "Reference Handler" daemon [_thread_blocked, id=298260, stack(0x0000000016790000,0x0000000016890000)]
  0x0000000002c3e000 JavaThread "main" [_thread_in_Java, id=297564, stack(0x0000000002d50000,0x0000000002e50000)]

Other Threads:
  0x00000000155e8000 VMThread [stack: 0x0000000016690000,0x0000000016790000] [id=298176]
  0x0000000016d9c000 WatcherThread [stack: 0x0000000017390000,0x0000000017490000] [id=294984]

VM state:not at safepoint (normal execution)

VM Mutex/Monitor currently owned by a thread: None

Heap:
 PSYoungGen      total 35328K, used 33449K [0x00000000eab00000, 0x00000000ed000000, 0x0000000100000000)
  eden space 32768K, 94% used [0x00000000eab00000,0x00000000ec932238,0x00000000ecb00000)
  from space 2560K, 98% used [0x00000000ecd80000,0x00000000ecff81d0,0x00000000ed000000)
  to   space 2560K, 0% used [0x00000000ecb00000,0x00000000ecb00000,0x00000000ecd80000)
 ParOldGen       total 44032K, used 14816K [0x00000000c0000000, 0x00000000c2b00000, 0x00000000eab00000)
  object space 44032K, 33% used [0x00000000c0000000,0x00000000c0e781d8,0x00000000c2b00000)
 Metaspace       used 6269K, capacity 7128K, committed 7424K, reserved 1056768K
  class space    used 612K, capacity 656K, committed 768K, reserved 1048576K

Card table byte_map: [0x0000000012310000,0x0000000012520000] byte_map_base: 0x0000000011d10000

Marking Bits: (ParMarkBitMap*) 0x00000000610f4040
 Begin Bits: [0x0000000012a80000, 0x0000000013a80000)
 End Bits:   [0x0000000013a80000, 0x0000000014a80000)

Polling page: 0x00000000013f0000

CodeCache: size=245760Kb used=6759Kb max_used=6759Kb free=239000Kb
 bounds [0x0000000002f50000, 0x00000000035f0000, 0x0000000011f50000]
 total_blobs=1889 nmethods=1619 adapters=182
 compilation: disabled (not enough contiguous free space left)

Compilation events (10 events):
Event: 6.897 Thread 0x000000001561b800 1478       4       com.android.dx.rop.type.Type::equals (31 bytes)
Event: 6.899 Thread 0x000000001561b800 nmethod 1478 0x000000000358e010 code [0x000000000358e160, 0x000000000358e2d8]
Event: 6.899 Thread 0x000000001561b800 1462       4       com.android.dx.rop.code.ThrowingCstInsn::withNewRegisters (25 bytes)
Event: 6.902 Thread 0x000000001561b800 nmethod 1462 0x000000000358d9d0 code [0x000000000358db20, 0x000000000358dd58]
Event: 6.902 Thread 0x000000001561b800 1465       4       com.android.dx.rop.code.ThrowingCstInsn::accept (8 bytes)
Event: 6.903 Thread 0x000000001561b800 nmethod 1465 0x00000000035972d0 code [0x0000000003597400, 0x0000000003597478]
Event: 6.903 Thread 0x000000001561b800 1455       4       com.android.dx.ssa.back.SsaToRop::convertBasicBlock (126 bytes)
Event: 6.945 Thread 0x000000001561b800 nmethod 1455 0x00000000035a0150 code [0x00000000035a0360, 0x00000000035a1468]
Event: 6.945 Thread 0x000000001561b800 1490       4       com.android.dx.rop.type.Type::isIntlike (56 bytes)
Event: 6.946 Thread 0x000000001561b800 nmethod 1490 0x00000000033d1c90 code [0x00000000033d1dc0, 0x00000000033d1e38]

GC Heap History (4 events):
Event: 4.185 GC heap before
{Heap before GC invocations=1 (full 0):
 PSYoungGen      total 18944K, used 16384K [0x00000000eab00000, 0x00000000ec000000, 0x0000000100000000)
  eden space 16384K, 100% used [0x00000000eab00000,0x00000000ebb00000,0x00000000ebb00000)
  from space 2560K, 0% used [0x00000000ebd80000,0x00000000ebd80000,0x00000000ec000000)
  to   space 2560K, 0% used [0x00000000ebb00000,0x00000000ebb00000,0x00000000ebd80000)
 ParOldGen       total 44032K, used 0K [0x00000000c0000000, 0x00000000c2b00000, 0x00000000eab00000)
  object space 44032K, 0% used [0x00000000c0000000,0x00000000c0000000,0x00000000c2b00000)
 Metaspace       used 5719K, capacity 6704K, committed 6784K, reserved 1056768K
  class space    used 587K, capacity 616K, committed 640K, reserved 1048576K
Event: 4.752 GC heap after
Heap after GC invocations=1 (full 0):
 PSYoungGen      total 18944K, used 2554K [0x00000000eab00000, 0x00000000ed000000, 0x0000000100000000)
  eden space 16384K, 0% used [0x00000000eab00000,0x00000000eab00000,0x00000000ebb00000)
  from space 2560K, 99% used [0x00000000ebb00000,0x00000000ebd7eab8,0x00000000ebd80000)
  to   space 2560K, 0% used [0x00000000ecd80000,0x00000000ecd80000,0x00000000ed000000)
 ParOldGen       total 44032K, used 1275K [0x00000000c0000000, 0x00000000c2b00000, 0x00000000eab00000)
  object space 44032K, 2% used [0x00000000c0000000,0x00000000c013ee38,0x00000000c2b00000)
 Metaspace       used 5719K, capacity 6704K, committed 6784K, reserved 1056768K
  class space    used 587K, capacity 616K, committed 640K, reserved 1048576K
}
Event: 5.754 GC heap before
{Heap before GC invocations=2 (full 0):
 PSYoungGen      total 18944K, used 18938K [0x00000000eab00000, 0x00000000ed000000, 0x0000000100000000)
  eden space 16384K, 100% used [0x00000000eab00000,0x00000000ebb00000,0x00000000ebb00000)
  from space 2560K, 99% used [0x00000000ebb00000,0x00000000ebd7eab8,0x00000000ebd80000)
  to   space 2560K, 0% used [0x00000000ecd80000,0x00000000ecd80000,0x00000000ed000000)
 ParOldGen       total 44032K, used 1275K [0x00000000c0000000, 0x00000000c2b00000, 0x00000000eab00000)
  object space 44032K, 2% used [0x00000000c0000000,0x00000000c013ee38,0x00000000c2b00000)
 Metaspace       used 5982K, capacity 6960K, committed 7040K, reserved 1056768K
  class space    used 589K, capacity 616K, committed 640K, reserved 1048576K
Event: 6.117 GC heap after
Heap after GC invocations=2 (full 0):
 PSYoungGen      total 35328K, used 2528K [0x00000000eab00000, 0x00000000ed000000, 0x0000000100000000)
  eden space 32768K, 0% used [0x00000000eab00000,0x00000000eab00000,0x00000000ecb00000)
  from space 2560K, 98% used [0x00000000ecd80000,0x00000000ecff8028,0x00000000ed000000)
  to   space 2560K, 0% used [0x00000000ecb00000,0x00000000ecb00000,0x00000000ecd80000)
 ParOldGen       total 44032K, used 3591K [0x00000000c0000000, 0x00000000c2b00000, 0x00000000eab00000)
  object space 44032K, 8% used [0x00000000c0000000,0x00000000c0381d08,0x00000000c2b00000)
 Metaspace       used 5982K, capacity 6960K, committed 7040K, reserved 1056768K
  class space    used 589K, capacity 616K, committed 640K, reserved 1048576K
}

Deoptimization events (10 events):
Event: 5.590 Thread 0x000000001706c800 Uncommon trap: reason=unstable_if action=reinterpret pc=0x00000000032abeec method=com.android.dx.rop.code.RegisterSpecSet.put(Lcom/android/dx/rop/code/RegisterSpec;)V @ 77
Event: 5.590 Thread 0x000000001706c800 Uncommon trap: reason=unstable_if action=reinterpret pc=0x0000000003306260 method=com.android.dx.rop.code.RegisterSpecSet.put(Lcom/android/dx/rop/code/RegisterSpec;)V @ 77
Event: 5.601 Thread 0x000000001706c800 Uncommon trap: reason=bimorphic action=maybe_recompile pc=0x00000000031b759c method=java.util.HashMap.getNode(ILjava/lang/Object;)Ljava/util/HashMap$Node; @ 126
Event: 5.601 Thread 0x000000001706c800 Uncommon trap: reason=class_check action=maybe_recompile pc=0x00000000033c569c method=java.util.HashMap.putVal(ILjava/lang/Object;Ljava/lang/Object;ZZ)Ljava/lang/Object; @ 203
Event: 5.601 Thread 0x000000001706c800 Uncommon trap: reason=bimorphic action=maybe_recompile pc=0x00000000031b759c method=java.util.HashMap.getNode(ILjava/lang/Object;)Ljava/util/HashMap$Node; @ 126
Event: 5.601 Thread 0x000000001706c800 Uncommon trap: reason=class_check action=maybe_recompile pc=0x00000000033c569c method=java.util.HashMap.putVal(ILjava/lang/Object;Ljava/lang/Object;ZZ)Ljava/lang/Object; @ 203
Event: 5.601 Thread 0x000000001706c800 Uncommon trap: reason=bimorphic action=maybe_recompile pc=0x00000000031e3334 method=java.util.HashMap.getNode(ILjava/lang/Object;)Ljava/util/HashMap$Node; @ 126
Event: 5.659 Thread 0x000000001706d800 Uncommon trap: reason=unstable_if action=reinterpret pc=0x000000000328b490 method=com.android.dx.rop.code.RegisterSpec.equals(ILcom/android/dx/rop/type/TypeBearer;Lcom/android/dx/rop/code/LocalItem;)Z @ 42
Event: 6.240 Thread 0x0000000002c3e000 Uncommon trap: reason=unstable_if action=reinterpret pc=0x0000000003420e44 method=com.android.dx.cf.code.BytecodeArray.parseInstruction(ILcom/android/dx/cf/code/BytecodeArray$Visitor;)I @ 1198
Event: 6.808 Thread 0x000000001705a800 Uncommon trap: reason=null_check action=make_not_entrant pc=0x00000000032958ac method=com.android.dx.ssa.SsaRenamer.getLocalForNewReg(I)Lcom/android/dx/rop/code/LocalItem; @ 19

Internal exceptions (3 events):
Event: 0.381 Thread 0x0000000002c3e000 Exception <a 'java/lang/NoSuchMethodError': Method sun.misc.Unsafe.defineClass(Ljava/lang/String;[BII)Ljava/lang/Class; name or signature does not match> (0x00000000eab0d9e8) thrown at [C:\re\workspace\8-2-build-windows-amd64-cygwin\jdk8u51\3951\hotspot\srÙ¼”Ô˜gØ?
Event: 0.381 Thread 0x0000000002c3e000 Exception <a 'java/lang/NoSuchMethodError': Method sun.misc.Unsafe.prefetchRead(Ljava/lang/Object;J)V name or signature does not match> (0x00000000eab0dc78) thrown at [C:\re\workspace\8-2-build-windows-amd64-cygwin\jdk8u51\3951\hotspot\src\share\vm\prims\jëòz	";@
Event: 6.808 Thread 0x000000001705a800 Implicit null exception at 0x0000000003293a8c to 0x0000000003295879

Events (10 events):
Event: 5.672 Executing VM operation: ParallelGCFailedAllocation
Event: 6.118 Executing VM operation: ParallelGCFailedAllocation done
Event: 6.240 Thread 0x0000000002c3e000 Uncommon trap: trap_request=0xffffff65 fr.pc=0x0000000003420e44
Event: 6.240 Thread 0x0000000002c3e000 DEOPT PACKING pc=0x0000000003420e44 sp=0x0000000002e4e110
Event: 6.240 Thread 0x0000000002c3e000 DEOPT UNPACKING pc=0x0000000002f9582a sp=0x0000000002e4e0a8 mode 2
Event: 6.753 loading class com/android/dx/dex/file/ParameterAnnotationStruct
Event: 6.753 loading class com/android/dx/dex/file/ParameterAnnotationStruct done
Event: 6.808 Thread 0x000000001705a800 Uncommon trap: trap_request=0xfffffff4 fr.pc=0x00000000032958ac
Event: 6.808 Thread 0x000000001705a800 DEOPT PACKING pc=0x00000000032958ac sp=0x000000001758ea60
Event: 6.808 Thread 0x000000001705a800 DEOPT UNPACKING pc=0x0000000002f9582a sp=0x000000001758e918 mode 2


Dynamic libraries:
0x00007ff768400000 - 0x00007ff768437000 	C:\Program Files\Java\jdk1.8.0_51\bin\java.exe
0x00007ff97c400000 - 0x00007ff97c5c1000 	C:\WINDOWS\SYSTEM32\ntdll.dll
0x00007ff97c2f0000 - 0x00007ff97c39d000 	C:\WINDOWS\system32\KERNEL32.DLL
0x00007ff979440000 - 0x00007ff979628000 	C:\WINDOWS\system32\KERNELBASE.dll
0x00007ff979800000 - 0x00007ff9798a7000 	C:\WINDOWS\system32\ADVAPI32.dll
0x00007ff9798b0000 - 0x00007ff97994d000 	C:\WINDOWS\system32\msvcrt.dll
0x00007ff97b1a0000 - 0x00007ff97b1fb000 	C:\WINDOWS\system32\sechost.dll
0x00007ff97b4c0000 - 0x00007ff97b5dc000 	C:\WINDOWS\system32\RPCRT4.dll
0x00007ff97b200000 - 0x00007ff97b356000 	C:\WINDOWS\system32\USER32.dll
0x00007ff9799c0000 - 0x00007ff979b46000 	C:\WINDOWS\system32\GDI32.dll
0x00007ff96d090000 - 0x00007ff96d304000 	C:\WINDOWS\WinSxS\amd64_microsoft.windows.common-controls_6595b64144ccf1df_6.0.10586.0_none_8c15ae12515e1c22\COMCTL32.dll
0x00007ff97c060000 - 0x00007ff97c2dd000 	C:\WINDOWS\system32\combase.dll
0x00007ff9793d0000 - 0x00007ff97943a000 	C:\WINDOWS\system32\bcryptPrimitives.dll
0x00007ff979b50000 - 0x00007ff979b8b000 	C:\WINDOWS\system32\IMM32.DLL
0x000000005fd80000 - 0x000000005fe52000 	C:\Program Files\Java\jdk1.8.0_51\jre\bin\msvcr100.dll
0x00000000608f0000 - 0x0000000061173000 	C:\Program Files\Java\jdk1.8.0_51\jre\bin\server\jvm.dll
0x00007ff97bad0000 - 0x00007ff97bad8000 	C:\WINDOWS\system32\PSAPI.DLL
0x00007ff976f10000 - 0x00007ff976f19000 	C:\WINDOWS\SYSTEM32\WSOCK32.dll
0x00007ff976bf0000 - 0x00007ff976c13000 	C:\WINDOWS\SYSTEM32\WINMM.dll
0x00007ff974de0000 - 0x00007ff974dea000 	C:\WINDOWS\SYSTEM32\VERSION.dll
0x00007ff976bc0000 - 0x00007ff976bec000 	C:\WINDOWS\SYSTEM32\WINMMBASE.dll
0x00007ff979380000 - 0x00007ff9793c3000 	C:\WINDOWS\system32\cfgmgr32.dll
0x00007ff979950000 - 0x00007ff9799bb000 	C:\WINDOWS\system32\WS2_32.dll
0x00000000608e0000 - 0x00000000608ef000 	C:\Program Files\Java\jdk1.8.0_51\jre\bin\verify.dll
0x00000000608b0000 - 0x00000000608d9000 	C:\Program Files\Java\jdk1.8.0_51\jre\bin\java.dll
0x0000000060890000 - 0x00000000608a6000 	C:\Program Files\Java\jdk1.8.0_51\jre\bin\zip.dll
0x00007ff979b90000 - 0x00007ff97b0ec000 	C:\WINDOWS\system32\SHELL32.dll
0x00007ff978b60000 - 0x00007ff9791a4000 	C:\WINDOWS\system32\windows.storage.dll
0x00007ff97b5e0000 - 0x00007ff97b632000 	C:\WINDOWS\system32\shlwapi.dll
0x00007ff978a20000 - 0x00007ff978a2f000 	C:\WINDOWS\system32\kernel.appcore.dll
0x00007ff9796e0000 - 0x00007ff979795000 	C:\WINDOWS\system32\shcore.dll
0x00007ff978a50000 - 0x00007ff978a9b000 	C:\WINDOWS\system32\powrprof.dll
0x00007ff978a30000 - 0x00007ff978a44000 	C:\WINDOWS\system32\profapi.dll
0x00007ff96a440000 - 0x00007ff96a5cc000 	C:\WINDOWS\SYSTEM32\dbghelp.dll

VM Arguments:
jvm_args: -Djava.awt.headless=true -Xmx1024M -Dfile.encoding=windows-1252 -Duser.country=IN -Duser.language=en -Duser.variant 
java_command: com.android.dx.command.Main --dex --force-jumbo --num-threads=4 --multi-dex --output F:\Android_Projects\Brokerapp\app\build\intermediates\transforms\dex\debug\folders\1000\10\com.android.support-recyclerview-v7-23.2.1_68fcabe14c13ce75f651bbe049a5d5681bf86eb2 F:\Android_Projects\Brokerapp\app\build\intermediates\exploded-aar\com.android.support\recyclerview-v7\23.2.1\jars\classes.jar
java_class_path (initial): C:\Users\Ganesh Prasad\AppData\Local\Android\sdk\build-tools\23.0.2\lib\dx.jar
Launcher Type: SUN_STANDARD

Environment Variables:
JAVA_HOME=C:\Program Files\Java\jdk1.8.0_51
PATH=C:\ProgramData\Oracle\Java\javapath;C:\Program Files (x86)\Intel\iCLS Client\;C:\Program Files\Intel\iCLS Client\;C:\Program Files (x86)\AMD APP\bin\x86_64;C:\Program Files (x86)\AMD APP\bin\x86;C:\WINDOWS\system32;C:\WINDOWS;C:\WINDOWS\System32\Wbem;C:\WINDOWS\System32\WindowsPowerShell\v1.0\;C:\Program Files (x86)\ATI Technologies\ATI.ACE\Core-Static;C:\Program Files\Intel\Intel(R) Management Engine Components\DAL;C:\Program Files\Intel\Intel(R) Management Engine Components\IPT;C:\Program Files (x86)\Intel\Intel(R) Management Engine Components\DAL;C:\Program Files (x86)\Intel\Intel(R) Management Engine Components\IPT;\;C:\Program Files (x86)\Sony\VAIO Startup Setting Tool;C:\Program Files (x86)\Brackets\command;C:\Program Files (x86)\Java\jdk1.8.0_45\bin;C:\Program Files\nodejs\;C:\Users\Ganesh Prasad\AppData\Local\GitHub\PortableGit_c7e0cbde92ba565cb218a521411d0e854079a28c\bin;C:\Users\Ganesh Prasad\AppData\Local\GitHub\PortableGit_c7e0cbde92ba565cb218a521411d0e854079a28c\cmd;C:\Program Files (x86)\AMD\ATI.ACE\Core-Static;C:\Users\Ganesh Prasad\AppData\Local\Android\sdk\platform-tools;C:\Users\Ganesh Prasad\Anaconda2;C:\Users\Ganesh Prasad\Anaconda2\Scripts;C:\Users\Ganesh Prasad\Anaconda2\Library\bin;C:\Users\Ganesh Prasad\AppData\Roaming\npm
USERNAME=Ganesh Prasad
OS=Windows_NT
PROCESSOR_IDENTIFIER=Intel64 Family 6 Model 58 Stepping 9, GenuineIntel



---------------  S Y S T E M  ---------------

OS: Windows 10.0 , 64 bit Build 10586 (10.0.10586.0)

CPU:total 4 (2 cores per cpu, 2 threads per core) family 6 model 58 stepping 9, cmov, cx8, fxsr, mmx, sse, sse2, sse3, ssse3, sse4.1, sse4.2, popcnt, avx, clmul, erms, ht, tsc, tscinvbit, tscinv

Memory: 4k page, physical 4140316k(221140k free), swap 5574940k(1956k free)

vm_info: Java HotSpot(TM) 64-Bit Server VM (25.51-b03) for windows-amd64 JRE (1.8.0_51-b16), built on Jun  8 2015 18:03:07 by "java_re" with MS VC++ 10.0 (VS2010)

time: Mon Jul 04 18:05:55 2016
elapsed time: 7 seconds (0d 0h 0m 7s)

