#
# There is insufficient memory for the Java Runtime Environment to continue.
# Native memory allocation (malloc) failed to allocate 32744 bytes for ChunkPool::allocate
# Possible reasons:
#   The system is out of physical RAM or swap space
#   In 32 bit mode, the process size limit was hit
# Possible solutions:
#   Reduce memory load on the system
#   Increase physical memory or swap space
#   Check if swap backing store is full
#   Use 64 bit Java on a 64 bit OS
#   Decrease Java heap size (-Xmx/-Xms)
#   Decrease number of Java threads
#   Decrease Java thread stack sizes (-Xss)
#   Set larger code cache with -XX:ReservedCodeCacheSize=
# This output file may be truncated or incomplete.
#
#  Out of Memory Error (allocation.cpp:273), pid=291548, tid=292264
#
# JRE version: Java(TM) SE Runtime Environment (8.0_51-b16) (build 1.8.0_51-b16)
# Java VM: Java HotSpot(TM) 64-Bit Server VM (25.51-b03 mixed mode windows-amd64 compressed oops)
# Failed to write core dump. Minidumps are not enabled by default on client versions of Windows
#

---------------  T H R E A D  ---------------

Current thread (0x0000000015680800):  JavaThread "C2 CompilerThread1" daemon [_thread_in_native, id=292264, stack(0x0000000016cd0000,0x0000000016dd0000)]

Stack: [0x0000000016cd0000,0x0000000016dd0000]
Native frames: (J=compiled Java code, j=interpreted, Vv=VM code, C=native code)
V  [jvm.dll+0x32b4ca]


Current CompileTask:
C2:   2914  919       4       com.android.dx.cf.code.Ropper::getAvailableLabel (54 bytes)


---------------  P R O C E S S  ---------------

Java Threads: ( => current thread )
  0x0000000017142000 JavaThread "pool-2-thread-4" [_thread_in_Java, id=292804, stack(0x00000000178d0000,0x00000000179d0000)]
  0x000000001713b800 JavaThread "pool-2-thread-3" [_thread_in_Java, id=292808, stack(0x00000000177d0000,0x00000000178d0000)]
  0x000000001706e000 JavaThread "pool-2-thread-2" [_thread_in_Java, id=292828, stack(0x00000000176d0000,0x00000000177d0000)]
  0x0000000017028000 JavaThread "pool-3-thread-1" [_thread_blocked, id=292784, stack(0x00000000175d0000,0x00000000176d0000)]
  0x0000000017025000 JavaThread "pool-2-thread-1" [_thread_in_Java, id=291916, stack(0x00000000174d0000,0x00000000175d0000)]
  0x0000000016ef2000 JavaThread "Service Thread" daemon [_thread_blocked, id=292188, stack(0x00000000172d0000,0x00000000173d0000)]
  0x00000000156ac000 JavaThread "C1 CompilerThread2" daemon [_thread_blocked, id=292268, stack(0x0000000016dd0000,0x0000000016ed0000)]
=>0x0000000015680800 JavaThread "C2 CompilerThread1" daemon [_thread_in_native, id=292264, stack(0x0000000016cd0000,0x0000000016dd0000)]
  0x000000001567a800 JavaThread "C2 CompilerThread0" daemon [_thread_in_native, id=292316, stack(0x0000000016bd0000,0x0000000016cd0000)]
  0x0000000015678800 JavaThread "Attach Listener" daemon [_thread_blocked, id=292740, stack(0x0000000016ad0000,0x0000000016bd0000)]
  0x0000000015677000 JavaThread "Signal Dispatcher" daemon [_thread_blocked, id=292736, stack(0x00000000169d0000,0x0000000016ad0000)]
  0x0000000002fa1000 JavaThread "Finalizer" daemon [_thread_blocked, id=292696, stack(0x00000000168d0000,0x00000000169d0000)]
  0x0000000002f9e800 JavaThread "Reference Handler" daemon [_thread_blocked, id=292604, stack(0x00000000167d0000,0x00000000168d0000)]
  0x000000000158e000 JavaThread "main" [_thread_in_Java, id=292648, stack(0x0000000002cd0000,0x0000000002dd0000)]

Other Threads:
  0x0000000015647000 VMThread [stack: 0x00000000166d0000,0x00000000167d0000] [id=292700]
  0x0000000016ef2800 WatcherThread [stack: 0x00000000173d0000,0x00000000174d0000] [id=292140]

VM state:not at safepoint (normal execution)

VM Mutex/Monitor currently owned by a thread: None

Heap:
 PSYoungGen      total 18944K, used 13289K [0x00000000eab00000, 0x00000000ed000000, 0x0000000100000000)
  eden space 16384K, 65% used [0x00000000eab00000,0x00000000eb57f750,0x00000000ebb00000)
  from space 2560K, 99% used [0x00000000ebb00000,0x00000000ebd7acf0,0x00000000ebd80000)
  to   space 2560K, 0% used [0x00000000ecd80000,0x00000000ecd80000,0x00000000ed000000)
 ParOldGen       total 44032K, used 2228K [0x00000000c0000000, 0x00000000c2b00000, 0x00000000eab00000)
  object space 44032K, 5% used [0x00000000c0000000,0x00000000c022d218,0x00000000c2b00000)
 Metaspace       used 5749K, capacity 6768K, committed 7040K, reserved 1056768K
  class space    used 580K, capacity 616K, committed 640K, reserved 1048576K

Card table byte_map: [0x0000000012370000,0x0000000012580000] byte_map_base: 0x0000000011d70000

Marking Bits: (ParMarkBitMap*) 0x00000000610f4040
 Begin Bits: [0x0000000012ae0000, 0x0000000013ae0000)
 End Bits:   [0x0000000013ae0000, 0x0000000014ae0000)

Polling page: 0x0000000001510000

CodeCache: size=245760Kb used=4164Kb max_used=4164Kb free=241595Kb
 bounds [0x0000000002fb0000, 0x00000000033d0000, 0x0000000011fb0000]
 total_blobs=1311 nmethods=1042 adapters=182
 compilation: enabled

Compilation events (10 events):
Event: 2.557 Thread 0x00000000156ac000 nmethod 902 0x0000000003328b50 code [0x0000000003328ca0, 0x0000000003328e30]
Event: 2.557 Thread 0x00000000156ac000  903       3       java.util.HashMap::afterNodeAccess (1 bytes)
Event: 2.557 Thread 0x00000000156ac000 nmethod 903 0x0000000003328850 code [0x00000000033289a0, 0x0000000003328af0]
Event: 2.557 Thread 0x00000000156ac000  901       1       com.android.dx.ssa.PhiInsn::getOriginalRopInsn (2 bytes)
Event: 2.557 Thread 0x00000000156ac000 nmethod 901 0x000000000330ecd0 code [0x000000000330ee20, 0x000000000330ef30]
Event: 2.557 Thread 0x00000000156ac000  834       3       com.android.dx.cf.code.Simulator$SimVisitor::visitNoArgs (2108 bytes)
Event: 2.564 Thread 0x0000000015680800 nmethod 891% 0x0000000003328090 code [0x0000000003328200, 0x00000000033285d8]
Event: 2.564 Thread 0x0000000015680800  913       4       java.util.BitSet::recalculateWordsInUse (39 bytes)
Event: 2.565 Thread 0x0000000015680800 nmethod 913 0x0000000003327e10 code [0x0000000003327f40, 0x0000000003327ff8]
Event: 2.565 Thread 0x0000000015680800  919       4       com.android.dx.cf.code.Ropper::getAvailableLabel (54 bytes)

GC Heap History (2 events):
Event: 2.066 GC heap before
{Heap before GC invocations=1 (full 0):
 PSYoungGen      total 18944K, used 16384K [0x00000000eab00000, 0x00000000ec000000, 0x0000000100000000)
  eden space 16384K, 100% used [0x00000000eab00000,0x00000000ebb00000,0x00000000ebb00000)
  from space 2560K, 0% used [0x00000000ebd80000,0x00000000ebd80000,0x00000000ec000000)
  to   space 2560K, 0% used [0x00000000ebb00000,0x00000000ebb00000,0x00000000ebd80000)
 ParOldGen       total 44032K, used 0K [0x00000000c0000000, 0x00000000c2b00000, 0x00000000eab00000)
  object space 44032K, 0% used [0x00000000c0000000,0x00000000c0000000,0x00000000c2b00000)
 Metaspace       used 5637K, capacity 6704K, committed 6784K, reserved 1056768K
  class space    used 580K, capacity 616K, committed 640K, reserved 1048576K
Event: 2.222 GC heap after
Heap after GC invocations=1 (full 0):
 PSYoungGen      total 18944K, used 2539K [0x00000000eab00000, 0x00000000ed000000, 0x0000000100000000)
  eden space 16384K, 0% used [0x00000000eab00000,0x00000000eab00000,0x00000000ebb00000)
  from space 2560K, 99% used [0x00000000ebb00000,0x00000000ebd7acf0,0x00000000ebd80000)
  to   space 2560K, 0% used [0x00000000ecd80000,0x00000000ecd80000,0x00000000ed000000)
 ParOldGen       total 44032K, used 2228K [0x00000000c0000000, 0x00000000c2b00000, 0x00000000eab00000)
  object space 44032K, 5% used [0x00000000c0000000,0x00000000c022d218,0x00000000c2b00000)
 Metaspace       used 5637K, capacity 6704K, committed 6784K, reserved 1056768K
  class space    used 580K, capacity 616K, committed 640K, reserved 1048576K
}

Deoptimization events (6 events):
Event: 0.977 Thread 0x000000001706e000 Uncommon trap: reason=bimorphic action=maybe_recompile pc=0x0000000003169044 method=java.util.HashMap.getNode(ILjava/lang/Object;)Ljava/util/HashMap$Node; @ 59
Event: 0.977 Thread 0x000000001706e000 Uncommon trap: reason=bimorphic action=maybe_recompile pc=0x0000000003169044 method=java.util.HashMap.getNode(ILjava/lang/Object;)Ljava/util/HashMap$Node; @ 59
Event: 0.977 Thread 0x000000001706e000 Uncommon trap: reason=bimorphic action=maybe_recompile pc=0x0000000003169044 method=java.util.HashMap.getNode(ILjava/lang/Object;)Ljava/util/HashMap$Node; @ 59
Event: 0.980 Thread 0x000000001706e000 Uncommon trap: reason=bimorphic action=maybe_recompile pc=0x0000000003169044 method=java.util.HashMap.getNode(ILjava/lang/Object;)Ljava/util/HashMap$Node; @ 59
Event: 0.980 Thread 0x000000001706e000 Uncommon trap: reason=bimorphic action=maybe_recompile pc=0x000000000315a550 method=java.util.HashMap.getNode(ILjava/lang/Object;)Ljava/util/HashMap$Node; @ 59
Event: 1.050 Thread 0x000000000158e000 Uncommon trap: reason=unstable_if action=reinterpret pc=0x000000000316bdcc method=java.util.HashMap.getNode(ILjava/lang/Object;)Ljava/util/HashMap$Node; @ 62

Internal exceptions (2 events):
Event: 0.074 Thread 0x000000000158e000 Exception <a 'java/lang/NoSuchMethodError': Method sun.misc.Unsafe.defineClass(Ljava/lang/String;[BII)Ljava/lang/Class; name or signature does not match> (0x00000000eab0d928) thrown at [C:\re\workspace\8-2-build-windows-amd64-cygwin\jdk8u51\3951\hotspot\sr7Šfð•þ²?
Event: 0.074 Thread 0x000000000158e000 Exception <a 'java/lang/NoSuchMethodError': Method sun.misc.Unsafe.prefetchRead(Ljava/lang/Object;J)V name or signature does not match> (0x00000000eab0dbb8) thrown at [C:\re\workspace\8-2-build-windows-amd64-cygwin\jdk8u51\3951\hotspot\src\share\vm\prims\j

Events (10 events):
Event: 2.554 Thread 0x000000000158e000 DEOPT PACKING pc=0x0000000003235fe2 sp=0x0000000002dcddf0
Event: 2.554 Thread 0x000000000158e000 DEOPT UNPACKING pc=0x0000000002ff787f sp=0x0000000002dcdb58 mode 0
Event: 2.555 Thread 0x000000000158e000 DEOPT PACKING pc=0x0000000003235fe2 sp=0x0000000002dcddf0
Event: 2.555 Thread 0x000000000158e000 DEOPT UNPACKING pc=0x0000000002ff787f sp=0x0000000002dcdb58 mode 0
Event: 2.565 Thread 0x000000000158e000 DEOPT PACKING pc=0x00000000032ef5ba sp=0x0000000002dcded0
Event: 2.566 Thread 0x000000000158e000 DEOPT UNPACKING pc=0x0000000002ff787f sp=0x0000000002dcdc38 mode 0
Event: 2.567 Thread 0x000000000158e000 DEOPT PACKING pc=0x00000000032ef5ba sp=0x0000000002dcded0
Event: 2.567 Thread 0x000000000158e000 DEOPT UNPACKING pc=0x0000000002ff787f sp=0x0000000002dcdc38 mode 0
Event: 2.567 Thread 0x000000000158e000 DEOPT PACKING pc=0x00000000032ef5ba sp=0x0000000002dcded0
Event: 2.567 Thread 0x000000000158e000 DEOPT UNPACKING pc=0x0000000002ff787f sp=0x0000000002dcdc38 mode 0


Dynamic libraries:
0x00007ff768400000 - 0x00007ff768437000 	C:\Program Files\Java\jdk1.8.0_51\bin\java.exe
0x00007ff97c400000 - 0x00007ff97c5c1000 	C:\WINDOWS\SYSTEM32\ntdll.dll
0x00007ff97c2f0000 - 0x00007ff97c39d000 	C:\WINDOWS\system32\KERNEL32.DLL
0x00007ff979440000 - 0x00007ff979628000 	C:\WINDOWS\system32\KERNELBASE.dll
0x00007ff979800000 - 0x00007ff9798a7000 	C:\WINDOWS\system32\ADVAPI32.dll
0x00007ff9798b0000 - 0x00007ff97994d000 	C:\WINDOWS\system32\msvcrt.dll
0x00007ff97b1a0000 - 0x00007ff97b1fb000 	C:\WINDOWS\system32\sechost.dll
0x00007ff97b4c0000 - 0x00007ff97b5dc000 	C:\WINDOWS\system32\RPCRT4.dll
0x00007ff97b200000 - 0x00007ff97b356000 	C:\WINDOWS\system32\USER32.dll
0x00007ff9799c0000 - 0x00007ff979b46000 	C:\WINDOWS\system32\GDI32.dll
0x00007ff96d090000 - 0x00007ff96d304000 	C:\WINDOWS\WinSxS\amd64_microsoft.windows.common-controls_6595b64144ccf1df_6.0.10586.0_none_8c15ae12515e1c22\COMCTL32.dll
0x00007ff97c060000 - 0x00007ff97c2dd000 	C:\WINDOWS\system32\combase.dll
0x00007ff9793d0000 - 0x00007ff97943a000 	C:\WINDOWS\system32\bcryptPrimitives.dll
0x00007ff979b50000 - 0x00007ff979b8b000 	C:\WINDOWS\system32\IMM32.DLL
0x000000005fd80000 - 0x000000005fe52000 	C:\Program Files\Java\jdk1.8.0_51\jre\bin\msvcr100.dll
0x00000000608f0000 - 0x0000000061173000 	C:\Program Files\Java\jdk1.8.0_51\jre\bin\server\jvm.dll
0x00007ff97bad0000 - 0x00007ff97bad8000 	C:\WINDOWS\system32\PSAPI.DLL
0x00007ff976ef0000 - 0x00007ff976ef9000 	C:\WINDOWS\SYSTEM32\WSOCK32.dll
0x00007ff979950000 - 0x00007ff9799bb000 	C:\WINDOWS\system32\WS2_32.dll
0x00007ff976bf0000 - 0x00007ff976c13000 	C:\WINDOWS\SYSTEM32\WINMM.dll
0x00007ff974de0000 - 0x00007ff974dea000 	C:\WINDOWS\SYSTEM32\VERSION.dll
0x00007ff976bc0000 - 0x00007ff976bec000 	C:\WINDOWS\SYSTEM32\WINMMBASE.dll
0x00007ff979380000 - 0x00007ff9793c3000 	C:\WINDOWS\system32\cfgmgr32.dll
0x00000000608e0000 - 0x00000000608ef000 	C:\Program Files\Java\jdk1.8.0_51\jre\bin\verify.dll
0x00000000608b0000 - 0x00000000608d9000 	C:\Program Files\Java\jdk1.8.0_51\jre\bin\java.dll
0x0000000060890000 - 0x00000000608a6000 	C:\Program Files\Java\jdk1.8.0_51\jre\bin\zip.dll
0x00007ff979b90000 - 0x00007ff97b0ec000 	C:\WINDOWS\system32\SHELL32.dll
0x00007ff978b60000 - 0x00007ff9791a4000 	C:\WINDOWS\system32\windows.storage.dll
0x00007ff97b5e0000 - 0x00007ff97b632000 	C:\WINDOWS\system32\shlwapi.dll
0x00007ff978a20000 - 0x00007ff978a2f000 	C:\WINDOWS\system32\kernel.appcore.dll
0x00007ff9796e0000 - 0x00007ff979795000 	C:\WINDOWS\system32\shcore.dll
0x00007ff978a50000 - 0x00007ff978a9b000 	C:\WINDOWS\system32\powrprof.dll
0x00007ff978a30000 - 0x00007ff978a44000 	C:\WINDOWS\system32\profapi.dll
0x00007ff96a440000 - 0x00007ff96a5cc000 	C:\WINDOWS\SYSTEM32\dbghelp.dll

VM Arguments:
jvm_args: -Djava.awt.headless=true -Xmx1024M -Dfile.encoding=windows-1252 -Duser.country=IN -Duser.language=en -Duser.variant 
java_command: com.android.dx.command.Main --dex --force-jumbo --num-threads=4 --multi-dex --output F:\Android_Projects\Brokerapp\app\build\intermediates\transforms\dex\debug\folders\1000\5\slice_9 F:\Android_Projects\Brokerapp\app\build\intermediates\transforms\instantRunSlicer\debug\folders\1\5\slice_9
java_class_path (initial): C:\Users\Ganesh Prasad\AppData\Local\Android\sdk\build-tools\23.0.2\lib\dx.jar
Launcher Type: SUN_STANDARD

Environment Variables:
JAVA_HOME=C:\Program Files\Java\jdk1.8.0_51
PATH=C:\ProgramData\Oracle\Java\javapath;C:\Program Files (x86)\Intel\iCLS Client\;C:\Program Files\Intel\iCLS Client\;C:\Program Files (x86)\AMD APP\bin\x86_64;C:\Program Files (x86)\AMD APP\bin\x86;C:\WINDOWS\system32;C:\WINDOWS;C:\WINDOWS\System32\Wbem;C:\WINDOWS\System32\WindowsPowerShell\v1.0\;C:\Program Files (x86)\ATI Technologies\ATI.ACE\Core-Static;C:\Program Files\Intel\Intel(R) Management Engine Components\DAL;C:\Program Files\Intel\Intel(R) Management Engine Components\IPT;C:\Program Files (x86)\Intel\Intel(R) Management Engine Components\DAL;C:\Program Files (x86)\Intel\Intel(R) Management Engine Components\IPT;\;C:\Program Files (x86)\Sony\VAIO Startup Setting Tool;C:\Program Files (x86)\Brackets\command;C:\Program Files (x86)\Java\jdk1.8.0_45\bin;C:\Program Files\nodejs\;C:\Users\Ganesh Prasad\AppData\Local\GitHub\PortableGit_c7e0cbde92ba565cb218a521411d0e854079a28c\bin;C:\Users\Ganesh Prasad\AppData\Local\GitHub\PortableGit_c7e0cbde92ba565cb218a521411d0e854079a28c\cmd;C:\Program Files (x86)\AMD\ATI.ACE\Core-Static;C:\Users\Ganesh Prasad\AppData\Local\Android\sdk\platform-tools;C:\Users\Ganesh Prasad\Anaconda2;C:\Users\Ganesh Prasad\Anaconda2\Scripts;C:\Users\Ganesh Prasad\Anaconda2\Library\bin;C:\Users\Ganesh Prasad\AppData\Roaming\npm
USERNAME=Ganesh Prasad
OS=Windows_NT
PROCESSOR_IDENTIFIER=Intel64 Family 6 Model 58 Stepping 9, GenuineIntel



---------------  S Y S T E M  ---------------

OS: Windows 10.0 , 64 bit Build 10586 (10.0.10586.0)

CPU:total 4 (2 cores per cpu, 2 threads per core) family 6 model 58 stepping 9, cmov, cx8, fxsr, mmx, sse, sse2, sse3, ssse3, sse4.1, sse4.2, popcnt, avx, clmul, erms, ht, tsc, tscinvbit, tscinv

Memory: 4k page, physical 4140316k(434632k free), swap 5574940k(1552k free)

vm_info: Java HotSpot(TM) 64-Bit Server VM (25.51-b03) for windows-amd64 JRE (1.8.0_51-b16), built on Jun  8 2015 18:03:07 by "java_re" with MS VC++ 10.0 (VS2010)

time: Mon Jul 04 16:55:30 2016
elapsed time: 3 seconds (0d 0h 0m 3s)

