#
# There is insufficient memory for the Java Runtime Environment to continue.
# Native memory allocation (malloc) failed to allocate 32744 bytes for ChunkPool::allocate
# Possible reasons:
#   The system is out of physical RAM or swap space
#   In 32 bit mode, the process size limit was hit
# Possible solutions:
#   Reduce memory load on the system
#   Increase physical memory or swap space
#   Check if swap backing store is full
#   Use 64 bit Java on a 64 bit OS
#   Decrease Java heap size (-Xmx/-Xms)
#   Decrease number of Java threads
#   Decrease Java thread stack sizes (-Xss)
#   Set larger code cache with -XX:ReservedCodeCacheSize=
# This output file may be truncated or incomplete.
#
#  Out of Memory Error (allocation.cpp:273), pid=301372, tid=301592
#
# JRE version: Java(TM) SE Runtime Environment (8.0_51-b16) (build 1.8.0_51-b16)
# Java VM: Java HotSpot(TM) 64-Bit Server VM (25.51-b03 mixed mode windows-amd64 compressed oops)
# Failed to write core dump. Minidumps are not enabled by default on client versions of Windows
#

---------------  T H R E A D  ---------------

Current thread (0x0000000015750800):  JavaThread "C2 CompilerThread1" daemon [_thread_in_native, id=301592, stack(0x0000000016da0000,0x0000000016ea0000)]

Stack: [0x0000000016da0000,0x0000000016ea0000]
Native frames: (J=compiled Java code, j=interpreted, Vv=VM code, C=native code)
V  [jvm.dll+0x32b4ca]


Current CompileTask:
C2:  19300 1614       4       com.android.dx.rop.code.BasicBlockList$RegCountVisitor::visitThrowingCstInsn (6 bytes)


---------------  P R O C E S S  ---------------

Java Threads: ( => current thread )
  0x000000001722a000 JavaThread "pool-2-thread-4" [_thread_blocked, id=270636, stack(0x00000000179a0000,0x0000000017aa0000)]
  0x0000000017227000 JavaThread "pool-2-thread-3" [_thread_blocked, id=301692, stack(0x00000000178a0000,0x00000000179a0000)]
  0x0000000017160800 JavaThread "pool-2-thread-2" [_thread_blocked, id=301724, stack(0x00000000177a0000,0x00000000178a0000)]
  0x0000000017137800 JavaThread "pool-3-thread-1" [_thread_blocked, id=301732, stack(0x00000000176a0000,0x00000000177a0000)]
  0x0000000017137000 JavaThread "pool-2-thread-1" [_thread_blocked, id=301736, stack(0x00000000175a0000,0x00000000176a0000)]
  0x0000000016fae000 JavaThread "Service Thread" daemon [_thread_blocked, id=301632, stack(0x00000000173a0000,0x00000000174a0000)]
  0x00000000157ac800 JavaThread "C1 CompilerThread2" daemon [_thread_blocked, id=301580, stack(0x0000000016ea0000,0x0000000016fa0000)]
=>0x0000000015750800 JavaThread "C2 CompilerThread1" daemon [_thread_in_native, id=301592, stack(0x0000000016da0000,0x0000000016ea0000)]
  0x000000001574a800 JavaThread "C2 CompilerThread0" daemon [_thread_in_native, id=301600, stack(0x0000000016ca0000,0x0000000016da0000)]
  0x0000000015748800 JavaThread "Attach Listener" daemon [_thread_blocked, id=301604, stack(0x0000000016ba0000,0x0000000016ca0000)]
  0x0000000015747000 JavaThread "Signal Dispatcher" daemon [_thread_blocked, id=301588, stack(0x0000000016aa0000,0x0000000016ba0000)]
  0x0000000003076800 JavaThread "Finalizer" daemon [_thread_blocked, id=301488, stack(0x00000000169a0000,0x0000000016aa0000)]
  0x0000000015719800 JavaThread "Reference Handler" daemon [_thread_blocked, id=301476, stack(0x00000000168a0000,0x00000000169a0000)]
  0x0000000002f7e000 JavaThread "main" [_thread_in_native, id=300472, stack(0x0000000002d80000,0x0000000002e80000)]

Other Threads:
  0x0000000015717000 VMThread [stack: 0x00000000167a0000,0x00000000168a0000] [id=301532]
  0x0000000016faf000 WatcherThread [stack: 0x00000000174a0000,0x00000000175a0000] [id=301668]

VM state:not at safepoint (normal execution)

VM Mutex/Monitor currently owned by a thread: None

Heap:
 PSYoungGen      total 45056K, used 22176K [0x00000000eab00000, 0x00000000ef400000, 0x0000000100000000)
  eden space 26624K, 15% used [0x00000000eab00000,0x00000000eaeef9b0,0x00000000ec500000)
  from space 18432K, 98% used [0x00000000ec500000,0x00000000ed6b8900,0x00000000ed700000)
  to   space 20480K, 0% used [0x00000000ee000000,0x00000000ee000000,0x00000000ef400000)
 ParOldGen       total 73216K, used 45135K [0x00000000c0000000, 0x00000000c4780000, 0x00000000eab00000)
  object space 73216K, 61% used [0x00000000c0000000,0x00000000c2c13d70,0x00000000c4780000)
 Metaspace       used 5955K, capacity 6960K, committed 7040K, reserved 1056768K
  class space    used 590K, capacity 616K, committed 640K, reserved 1048576K

Card table byte_map: [0x0000000012440000,0x0000000012650000] byte_map_base: 0x0000000011e40000

Marking Bits: (ParMarkBitMap*) 0x00000000610f4040
 Begin Bits: [0x0000000012bb0000, 0x0000000013bb0000)
 End Bits:   [0x0000000013bb0000, 0x0000000014bb0000)

Polling page: 0x0000000002d00000

CodeCache: size=245760Kb used=7054Kb max_used=7054Kb free=238705Kb
 bounds [0x0000000003080000, 0x0000000003770000, 0x0000000012080000]
 total_blobs=1794 nmethods=1525 adapters=182
 compilation: enabled

Compilation events (10 events):
Event: 18.208 Thread 0x0000000015750800 nmethod 1597 0x0000000003765ad0 code [0x0000000003765cc0, 0x0000000003767048]
Event: 18.208 Thread 0x0000000015750800 1605       4       com.android.dx.rop.type.Type::getFrameType (5 bytes)
Event: 18.208 Thread 0x0000000015750800 nmethod 1605 0x00000000036f9e10 code [0x00000000036f9f40, 0x00000000036f9fd8]
Event: 18.265 Thread 0x000000001574a800 nmethod 1608 0x000000000376b5d0 code [0x000000000376b820, 0x000000000376d0a8]
Event: 19.280 Thread 0x00000000157ac800 1612       3       com.android.dx.cf.direct.DirectClassFile::parseToEndIfNecessary (12 bytes)
Event: 19.281 Thread 0x00000000157ac800 nmethod 1612 0x000000000370f590 code [0x000000000370f700, 0x000000000370f8c8]
Event: 19.281 Thread 0x00000000157ac800 1613       1       java.io.File::getPath (5 bytes)
Event: 19.281 Thread 0x00000000157ac800 nmethod 1613 0x00000000037128d0 code [0x0000000003712a20, 0x0000000003712b30]
Event: 19.282 Thread 0x0000000015750800 1614       4       com.android.dx.rop.code.BasicBlockList$RegCountVisitor::visitThrowingCstInsn (6 bytes)
Event: 19.283 Thread 0x000000001574a800 1615       4       java.util.BitSet::set (124 bytes)

GC Heap History (10 events):
Event: 8.532 GC heap before
{Heap before GC invocations=6 (full 1):
 PSYoungGen      total 35328K, used 2539K [0x00000000eab00000, 0x00000000ed000000, 0x0000000100000000)
  eden space 32768K, 0% used [0x00000000eab00000,0x00000000eab00000,0x00000000ecb00000)
  from space 2560K, 99% used [0x00000000ecb00000,0x00000000ecd7ace8,0x00000000ecd80000)
  to   space 2560K, 0% used [0x00000000ecd80000,0x00000000ecd80000,0x00000000ed000000)
 ParOldGen       total 44032K, used 39767K [0x00000000c0000000, 0x00000000c2b00000, 0x00000000eab00000)
  object space 44032K, 90% used [0x00000000c0000000,0x00000000c26d5d80,0x00000000c2b00000)
 Metaspace       used 5764K, capacity 6832K, committed 7040K, reserved 1056768K
  class space    used 582K, capacity 616K, committed 640K, reserved 1048576K
Event: 9.624 GC heap after
Heap after GC invocations=6 (full 1):
 PSYoungGen      total 35328K, used 0K [0x00000000eab00000, 0x00000000ed000000, 0x0000000100000000)
  eden space 32768K, 0% used [0x00000000eab00000,0x00000000eab00000,0x00000000ecb00000)
  from space 2560K, 0% used [0x00000000ecb00000,0x00000000ecb00000,0x00000000ecd80000)
  to   space 2560K, 0% used [0x00000000ecd80000,0x00000000ecd80000,0x00000000ed000000)
 ParOldGen       total 73216K, used 35693K [0x00000000c0000000, 0x00000000c4780000, 0x00000000eab00000)
  object space 73216K, 48% used [0x00000000c0000000,0x00000000c22db618,0x00000000c4780000)
 Metaspace       used 5764K, capacity 6832K, committed 7040K, reserved 1056768K
  class space    used 582K, capacity 616K, committed 640K, reserved 1048576K
}
Event: 9.957 GC heap before
{Heap before GC invocations=7 (full 1):
 PSYoungGen      total 35328K, used 32768K [0x00000000eab00000, 0x00000000ed000000, 0x0000000100000000)
  eden space 32768K, 100% used [0x00000000eab00000,0x00000000ecb00000,0x00000000ecb00000)
  from space 2560K, 0% used [0x00000000ecb00000,0x00000000ecb00000,0x00000000ecd80000)
  to   space 2560K, 0% used [0x00000000ecd80000,0x00000000ecd80000,0x00000000ed000000)
 ParOldGen       total 73216K, used 35693K [0x00000000c0000000, 0x00000000c4780000, 0x00000000eab00000)
  object space 73216K, 48% used [0x00000000c0000000,0x00000000c22db618,0x00000000c4780000)
 Metaspace       used 5783K, capacity 6832K, committed 7040K, reserved 1056768K
  class space    used 583K, capacity 616K, committed 640K, reserved 1048576K
Event: 9.970 GC heap after
Heap after GC invocations=7 (full 1):
 PSYoungGen      total 20480K, used 2560K [0x00000000eab00000, 0x00000000eff80000, 0x0000000100000000)
  eden space 17920K, 0% used [0x00000000eab00000,0x00000000eab00000,0x00000000ebc80000)
  from space 2560K, 100% used [0x00000000ecd80000,0x00000000ed000000,0x00000000ed000000)
  to   space 17408K, 0% used [0x00000000ebc80000,0x00000000ebc80000,0x00000000ecd80000)
 ParOldGen       total 73216K, used 45119K [0x00000000c0000000, 0x00000000c4780000, 0x00000000eab00000)
  object space 73216K, 61% used [0x00000000c0000000,0x00000000c2c0fd70,0x00000000c4780000)
 Metaspace       used 5783K, capacity 6832K, committed 7040K, reserved 1056768K
  class space    used 583K, capacity 616K, committed 640K, reserved 1048576K
}
Event: 10.134 GC heap before
{Heap before GC invocations=8 (full 1):
 PSYoungGen      total 20480K, used 20480K [0x00000000eab00000, 0x00000000eff80000, 0x0000000100000000)
  eden space 17920K, 100% used [0x00000000eab00000,0x00000000ebc80000,0x00000000ebc80000)
  from space 2560K, 100% used [0x00000000ecd80000,0x00000000ed000000,0x00000000ed000000)
  to   space 17408K, 0% used [0x00000000ebc80000,0x00000000ebc80000,0x00000000ecd80000)
 ParOldGen       total 73216K, used 45119K [0x00000000c0000000, 0x00000000c4780000, 0x00000000eab00000)
  object space 73216K, 61% used [0x00000000c0000000,0x00000000c2c0fd70,0x00000000c4780000)
 Metaspace       used 5805K, capacity 6832K, committed 7040K, reserved 1056768K
  class space    used 583K, capacity 616K, committed 640K, reserved 1048576K
Event: 10.153 GC heap after
Heap after GC invocations=8 (full 1):
 PSYoungGen      total 35328K, used 12429K [0x00000000eab00000, 0x00000000ee880000, 0x0000000100000000)
  eden space 17920K, 0% used [0x00000000eab00000,0x00000000eab00000,0x00000000ebc80000)
  from space 17408K, 71% used [0x00000000ebc80000,0x00000000ec8a3558,0x00000000ecd80000)
  to   space 17408K, 0% used [0x00000000ed780000,0x00000000ed780000,0x00000000ee880000)
 ParOldGen       total 73216K, used 45119K [0x00000000c0000000, 0x00000000c4780000, 0x00000000eab00000)
  object space 73216K, 61% used [0x00000000c0000000,0x00000000c2c0fd70,0x00000000c4780000)
 Metaspace       used 5805K, capacity 6832K, committed 7040K, reserved 1056768K
  class space    used 583K, capacity 616K, committed 640K, reserved 1048576K
}
Event: 11.083 GC heap before
{Heap before GC invocations=9 (full 1):
 PSYoungGen      total 35328K, used 30349K [0x00000000eab00000, 0x00000000ee880000, 0x0000000100000000)
  eden space 17920K, 100% used [0x00000000eab00000,0x00000000ebc80000,0x00000000ebc80000)
  from space 17408K, 71% used [0x00000000ebc80000,0x00000000ec8a3558,0x00000000ecd80000)
  to   space 17408K, 0% used [0x00000000ed780000,0x00000000ed780000,0x00000000ee880000)
 ParOldGen       total 73216K, used 45119K [0x00000000c0000000, 0x00000000c4780000, 0x00000000eab00000)
  object space 73216K, 61% used [0x00000000c0000000,0x00000000c2c0fd70,0x00000000c4780000)
 Metaspace       used 5889K, capacity 6896K, committed 7040K, reserved 1056768K
  class space    used 590K, capacity 616K, committed 640K, reserved 1048576K
Event: 11.106 GC heap after
Heap after GC invocations=9 (full 1):
 PSYoungGen      total 44032K, used 15820K [0x00000000eab00000, 0x00000000ee900000, 0x0000000100000000)
  eden space 26624K, 0% used [0x00000000eab00000,0x00000000eab00000,0x00000000ec500000)
  from space 17408K, 90% used [0x00000000ed780000,0x00000000ee6f30d0,0x00000000ee880000)
  to   space 18432K, 0% used [0x00000000ec500000,0x00000000ec500000,0x00000000ed700000)
 ParOldGen       total 73216K, used 45127K [0x00000000c0000000, 0x00000000c4780000, 0x00000000eab00000)
  object space 73216K, 61% used [0x00000000c0000000,0x00000000c2c11d70,0x00000000c4780000)
 Metaspace       used 5889K, capacity 6896K, committed 7040K, reserved 1056768K
  class space    used 590K, capacity 616K, committed 640K, reserved 1048576K
}
Event: 15.339 GC heap before
{Heap before GC invocations=10 (full 1):
 PSYoungGen      total 44032K, used 42444K [0x00000000eab00000, 0x00000000ee900000, 0x0000000100000000)
  eden space 26624K, 100% used [0x00000000eab00000,0x00000000ec500000,0x00000000ec500000)
  from space 17408K, 90% used [0x00000000ed780000,0x00000000ee6f30d0,0x00000000ee880000)
  to   space 18432K, 0% used [0x00000000ec500000,0x00000000ec500000,0x00000000ed700000)
 ParOldGen       total 73216K, used 45127K [0x00000000c0000000, 0x00000000c4780000, 0x00000000eab00000)
  object space 73216K, 61% used [0x00000000c0000000,0x00000000c2c11d70,0x00000000c4780000)
 Metaspace       used 5952K, capacity 6960K, committed 7040K, reserved 1056768K
  class space    used 590K, capacity 616K, committed 640K, reserved 1048576K
Event: 15.380 GC heap after
Heap after GC invocations=10 (full 1):
 PSYoungGen      total 45056K, used 18146K [0x00000000eab00000, 0x00000000ef400000, 0x0000000100000000)
  eden space 26624K, 0% used [0x00000000eab00000,0x00000000eab00000,0x00000000ec500000)
  from space 18432K, 98% used [0x00000000ec500000,0x00000000ed6b8900,0x00000000ed700000)
  to   space 20480K, 0% used [0x00000000ee000000,0x00000000ee000000,0x00000000ef400000)
 ParOldGen       total 73216K, used 45135K [0x00000000c0000000, 0x00000000c4780000, 0x00000000eab00000)
  object space 73216K, 61% used [0x00000000c0000000,0x00000000c2c13d70,0x00000000c4780000)
 Metaspace       used 5952K, capacity 6960K, committed 7040K, reserved 1056768K
  class space    used 590K, capacity 616K, committed 640K, reserved 1048576K
}

Deoptimization events (10 events):
Event: 11.036 Thread 0x0000000017137000 Uncommon trap: reason=unstable_if action=reinterpret pc=0x00000000034acc9c method=com.android.dx.cf.code.Merger.isPossiblyAssignableFrom(Lcom/android/dx/rop/type/TypeBearer;Lcom/android/dx/rop/type/TypeBearer;)Z @ 131
Event: 11.037 Thread 0x0000000017137000 Uncommon trap: reason=unstable_if action=reinterpret pc=0x0000000003501668 method=com.android.dx.cf.code.Ropper.processBlock(Lcom/android/dx/cf/code/ByteBlock;Lcom/android/dx/cf/code/Frame;[I)V @ 940
Event: 11.045 Thread 0x0000000017137000 Uncommon trap: reason=uninitialized action=reinterpret pc=0x00000000034bd330 method=com.android.dx.cf.code.BytecodeArray.parseInstruction(ILcom/android/dx/cf/code/BytecodeArray$Visitor;)I @ 1031
Event: 11.052 Thread 0x0000000017137000 Uncommon trap: reason=class_check action=maybe_recompile pc=0x00000000035f21e0 method=com.android.dx.ssa.SCCP.simulatePhi(Lcom/android/dx/ssa/PhiInsn;)V @ 124
Event: 11.052 Thread 0x0000000017137000 Uncommon trap: reason=class_check action=maybe_recompile pc=0x00000000035f21e0 method=com.android.dx.ssa.SCCP.simulatePhi(Lcom/android/dx/ssa/PhiInsn;)V @ 124
Event: 11.052 Thread 0x0000000017137000 Uncommon trap: reason=unstable_if action=reinterpret pc=0x0000000003618f10 method=com.android.dx.ssa.SCCP.simulateStmt(Lcom/android/dx/ssa/SsaInsn;)V @ 469
Event: 11.053 Thread 0x0000000017137000 Uncommon trap: reason=unstable_if action=reinterpret pc=0x000000000327ff60 method=java.util.HashMap.getNode(ILjava/lang/Object;)Ljava/util/HashMap$Node; @ 62
Event: 11.054 Thread 0x0000000017137000 Uncommon trap: reason=unstable_if action=reinterpret pc=0x00000000035a86e0 method=com.android.dx.rop.code.Insn.equalsHandleNulls(Ljava/lang/Object;Ljava/lang/Object;)Z @ 14
Event: 11.054 Thread 0x0000000017137000 Uncommon trap: reason=unstable_if action=reinterpret pc=0x0000000003610400 method=com.android.dx.rop.code.Insn.equalsHandleNulls(Ljava/lang/Object;Ljava/lang/Object;)Z @ 14
Event: 11.060 Thread 0x0000000017137000 Uncommon trap: reason=unstable_if action=reinterpret pc=0x000000000341a9e0 method=com.android.dx.cf.code.BasicBlocker.addWorkIfNecessary(IZ)V @ 8

Internal exceptions (4 events):
Event: 3.133 Thread 0x0000000002f7e000 Exception <a 'java/lang/NoSuchMethodError': Method sun.misc.Unsafe.defineClass(Ljava/lang/String;[BII)Ljava/lang/Class; name or signature does not match> (0x00000000eab0d928) thrown at [C:\re\workspace\8-2-build-windows-amd64-cygwin\jdk8u51\3951\hotspot\sr+tíi	@
Event: 3.134 Thread 0x0000000002f7e000 Exception <a 'java/lang/NoSuchMethodError': Method sun.misc.Unsafe.prefetchRead(Ljava/lang/Object;J)V name or signature does not match> (0x00000000eab0dbb8) thrown at [C:\re\workspace\8-2-build-windows-amd64-cygwin\jdk8u51\3951\hotspot\src\share\vm\prims\j‰Ÿa Ÿ@
Event: 5.781 Thread 0x0000000017137000 Implicit null exception at 0x000000000340a78e to 0x000000000340ca8d
Event: 5.781 Thread 0x0000000017137000 Implicit null exception at 0x00000000033a72ac to 0x00000000033a9679

Events (10 events):
Event: 15.339 Executing VM operation: ParallelGCFailedAllocation
Event: 15.380 Executing VM operation: ParallelGCFailedAllocation done
Event: 15.410 Executing VM operation: RevokeBias
Event: 15.410 Executing VM operation: RevokeBias done
Event: 15.410 Executing VM operation: RevokeBias
Event: 15.410 Executing VM operation: RevokeBias done
Event: 15.411 Executing VM operation: RevokeBias
Event: 15.411 Executing VM operation: RevokeBias done
Event: 17.545 Thread 0x0000000017137000 DEOPT PACKING pc=0x00000000035c37cf sp=0x000000001769ecf0
Event: 17.545 Thread 0x0000000017137000 DEOPT UNPACKING pc=0x00000000030c787f sp=0x000000001769ea10 mode 0


Dynamic libraries:
0x00007ff768400000 - 0x00007ff768437000 	C:\Program Files\Java\jdk1.8.0_51\bin\java.exe
0x00007ff97c400000 - 0x00007ff97c5c1000 	C:\WINDOWS\SYSTEM32\ntdll.dll
0x00007ff97c2f0000 - 0x00007ff97c39d000 	C:\WINDOWS\system32\KERNEL32.DLL
0x00007ff979440000 - 0x00007ff979628000 	C:\WINDOWS\system32\KERNELBASE.dll
0x00007ff979800000 - 0x00007ff9798a7000 	C:\WINDOWS\system32\ADVAPI32.dll
0x00007ff9798b0000 - 0x00007ff97994d000 	C:\WINDOWS\system32\msvcrt.dll
0x00007ff97b1a0000 - 0x00007ff97b1fb000 	C:\WINDOWS\system32\sechost.dll
0x00007ff97b4c0000 - 0x00007ff97b5dc000 	C:\WINDOWS\system32\RPCRT4.dll
0x00007ff97b200000 - 0x00007ff97b356000 	C:\WINDOWS\system32\USER32.dll
0x00007ff9799c0000 - 0x00007ff979b46000 	C:\WINDOWS\system32\GDI32.dll
0x00007ff96d090000 - 0x00007ff96d304000 	C:\WINDOWS\WinSxS\amd64_microsoft.windows.common-controls_6595b64144ccf1df_6.0.10586.0_none_8c15ae12515e1c22\COMCTL32.dll
0x00007ff97c060000 - 0x00007ff97c2dd000 	C:\WINDOWS\system32\combase.dll
0x00007ff9793d0000 - 0x00007ff97943a000 	C:\WINDOWS\system32\bcryptPrimitives.dll
0x00007ff979b50000 - 0x00007ff979b8b000 	C:\WINDOWS\system32\IMM32.DLL
0x000000005fd80000 - 0x000000005fe52000 	C:\Program Files\Java\jdk1.8.0_51\jre\bin\msvcr100.dll
0x00000000608f0000 - 0x0000000061173000 	C:\Program Files\Java\jdk1.8.0_51\jre\bin\server\jvm.dll
0x00007ff97bad0000 - 0x00007ff97bad8000 	C:\WINDOWS\system32\PSAPI.DLL
0x00007ff976bf0000 - 0x00007ff976c13000 	C:\WINDOWS\SYSTEM32\WINMM.dll
0x00007ff974de0000 - 0x00007ff974dea000 	C:\WINDOWS\SYSTEM32\VERSION.dll
0x00007ff976bc0000 - 0x00007ff976bec000 	C:\WINDOWS\SYSTEM32\WINMMBASE.dll
0x00007ff979380000 - 0x00007ff9793c3000 	C:\WINDOWS\system32\cfgmgr32.dll
0x00007ff976f10000 - 0x00007ff976f19000 	C:\WINDOWS\SYSTEM32\WSOCK32.dll
0x00007ff979950000 - 0x00007ff9799bb000 	C:\WINDOWS\system32\WS2_32.dll
0x00000000608e0000 - 0x00000000608ef000 	C:\Program Files\Java\jdk1.8.0_51\jre\bin\verify.dll
0x00000000608b0000 - 0x00000000608d9000 	C:\Program Files\Java\jdk1.8.0_51\jre\bin\java.dll
0x0000000060890000 - 0x00000000608a6000 	C:\Program Files\Java\jdk1.8.0_51\jre\bin\zip.dll
0x00007ff979b90000 - 0x00007ff97b0ec000 	C:\WINDOWS\system32\SHELL32.dll
0x00007ff978b60000 - 0x00007ff9791a4000 	C:\WINDOWS\system32\windows.storage.dll
0x00007ff97b5e0000 - 0x00007ff97b632000 	C:\WINDOWS\system32\shlwapi.dll
0x00007ff978a20000 - 0x00007ff978a2f000 	C:\WINDOWS\system32\kernel.appcore.dll
0x00007ff9796e0000 - 0x00007ff979795000 	C:\WINDOWS\system32\shcore.dll
0x00007ff978a50000 - 0x00007ff978a9b000 	C:\WINDOWS\system32\powrprof.dll
0x00007ff978a30000 - 0x00007ff978a44000 	C:\WINDOWS\system32\profapi.dll
0x00007ff96a440000 - 0x00007ff96a5cc000 	C:\WINDOWS\SYSTEM32\dbghelp.dll

VM Arguments:
jvm_args: -Djava.awt.headless=true -Xmx1024M -Dfile.encoding=windows-1252 -Duser.country=IN -Duser.language=en -Duser.variant 
java_command: com.android.dx.command.Main --dex --force-jumbo --num-threads=4 --multi-dex --output F:\Android_Projects\Brokerapp\app\build\intermediates\transforms\dex\debug\folders\1000\5\slice_9 F:\Android_Projects\Brokerapp\app\build\intermediates\transforms\instantRunSlicer\debug\folders\1\5\slice_9
java_class_path (initial): C:\Users\Ganesh Prasad\AppData\Local\Android\sdk\build-tools\23.0.2\lib\dx.jar
Launcher Type: SUN_STANDARD

Environment Variables:
JAVA_HOME=C:\Program Files\Java\jdk1.8.0_51
PATH=C:\ProgramData\Oracle\Java\javapath;C:\Program Files (x86)\Intel\iCLS Client\;C:\Program Files\Intel\iCLS Client\;C:\Program Files (x86)\AMD APP\bin\x86_64;C:\Program Files (x86)\AMD APP\bin\x86;C:\WINDOWS\system32;C:\WINDOWS;C:\WINDOWS\System32\Wbem;C:\WINDOWS\System32\WindowsPowerShell\v1.0\;C:\Program Files (x86)\ATI Technologies\ATI.ACE\Core-Static;C:\Program Files\Intel\Intel(R) Management Engine Components\DAL;C:\Program Files\Intel\Intel(R) Management Engine Components\IPT;C:\Program Files (x86)\Intel\Intel(R) Management Engine Components\DAL;C:\Program Files (x86)\Intel\Intel(R) Management Engine Components\IPT;\;C:\Program Files (x86)\Sony\VAIO Startup Setting Tool;C:\Program Files (x86)\Brackets\command;C:\Program Files (x86)\Java\jdk1.8.0_45\bin;C:\Program Files\nodejs\;C:\Users\Ganesh Prasad\AppData\Local\GitHub\PortableGit_c7e0cbde92ba565cb218a521411d0e854079a28c\bin;C:\Users\Ganesh Prasad\AppData\Local\GitHub\PortableGit_c7e0cbde92ba565cb218a521411d0e854079a28c\cmd;C:\Program Files (x86)\AMD\ATI.ACE\Core-Static;C:\Users\Ganesh Prasad\AppData\Local\Android\sdk\platform-tools;C:\Users\Ganesh Prasad\Anaconda2;C:\Users\Ganesh Prasad\Anaconda2\Scripts;C:\Users\Ganesh Prasad\Anaconda2\Library\bin;C:\Users\Ganesh Prasad\AppData\Roaming\npm
USERNAME=Ganesh Prasad
OS=Windows_NT
PROCESSOR_IDENTIFIER=Intel64 Family 6 Model 58 Stepping 9, GenuineIntel



---------------  S Y S T E M  ---------------

OS: Windows 10.0 , 64 bit Build 10586 (10.0.10586.0)

CPU:total 4 (2 cores per cpu, 2 threads per core) family 6 model 58 stepping 9, cmov, cx8, fxsr, mmx, sse, sse2, sse3, ssse3, sse4.1, sse4.2, popcnt, avx, clmul, erms, ht, tsc, tscinvbit, tscinv

Memory: 4k page, physical 4140316k(272996k free), swap 5574940k(100k free)

vm_info: Java HotSpot(TM) 64-Bit Server VM (25.51-b03) for windows-amd64 JRE (1.8.0_51-b16), built on Jun  8 2015 18:03:07 by "java_re" with MS VC++ 10.0 (VS2010)

time: Mon Jul 04 18:26:09 2016
elapsed time: 20 seconds (0d 0h 0m 20s)

