#
# There is insufficient memory for the Java Runtime Environment to continue.
# Native memory allocation (malloc) failed to allocate 32744 bytes for ChunkPool::allocate
# Possible reasons:
#   The system is out of physical RAM or swap space
#   In 32 bit mode, the process size limit was hit
# Possible solutions:
#   Reduce memory load on the system
#   Increase physical memory or swap space
#   Check if swap backing store is full
#   Use 64 bit Java on a 64 bit OS
#   Decrease Java heap size (-Xmx/-Xms)
#   Decrease number of Java threads
#   Decrease Java thread stack sizes (-Xss)
#   Set larger code cache with -XX:ReservedCodeCacheSize=
# This output file may be truncated or incomplete.
#
#  Out of Memory Error (allocation.cpp:273), pid=301036, tid=301952
#
# JRE version: Java(TM) SE Runtime Environment (8.0_51-b16) (build 1.8.0_51-b16)
# Java VM: Java HotSpot(TM) 64-Bit Server VM (25.51-b03 mixed mode windows-amd64 compressed oops)
# Failed to write core dump. Minidumps are not enabled by default on client versions of Windows
#

---------------  T H R E A D  ---------------

Current thread (0x0000000014c3a000):  JavaThread "C2 CompilerThread0" daemon [_thread_in_native, id=301952, stack(0x00000000161b0000,0x00000000162b0000)]

Stack: [0x00000000161b0000,0x00000000162b0000]
Native frames: (J=compiled Java code, j=interpreted, Vv=VM code, C=native code)
V  [jvm.dll+0x32b4ca]
V  [jvm.dll+0x2797e3]
V  [jvm.dll+0x27a479]
V  [jvm.dll+0x271765]
V  [jvm.dll+0xcb824]
V  [jvm.dll+0xcba47]
V  [jvm.dll+0xcbecc]
V  [jvm.dll+0x5011d5]
V  [jvm.dll+0x50172f]
V  [jvm.dll+0x46c7dd]
V  [jvm.dll+0x4501a2]
V  [jvm.dll+0xa43a2]
V  [jvm.dll+0xa4cdf]
V  [jvm.dll+0x2418a4]
V  [jvm.dll+0x29846a]
C  [msvcr100.dll+0x21d9f]
C  [msvcr100.dll+0x21e3b]
C  [KERNEL32.DLL+0x18102]
C  [ntdll.dll+0x5c5b4]


Current CompileTask:
C2:  10584  664   !   4       com.android.dx.util.FixedSizeList::set0 (22 bytes)


---------------  P R O C E S S  ---------------

Java Threads: ( => current thread )
  0x0000000016cca800 JavaThread "pool-2-thread-4" [_thread_in_vm, id=300980, stack(0x00000000176b0000,0x00000000177b0000)]
  0x0000000016cd3800 JavaThread "pool-2-thread-3" [_thread_blocked, id=301768, stack(0x00000000175b0000,0x00000000176b0000)]
  0x00000000167a8800 JavaThread "pool-2-thread-2" [_thread_blocked, id=301192, stack(0x00000000174b0000,0x00000000175b0000)]
  0x0000000016533800 JavaThread "pool-3-thread-1" [_thread_blocked, id=301112, stack(0x0000000016bb0000,0x0000000016cb0000)]
  0x0000000016528000 JavaThread "pool-2-thread-1" [_thread_blocked, id=300816, stack(0x0000000016ab0000,0x0000000016bb0000)]
  0x00000000163c3000 JavaThread "Service Thread" daemon [_thread_blocked, id=302008, stack(0x00000000168b0000,0x00000000169b0000)]
  0x00000000163b8800 JavaThread "C1 CompilerThread2" daemon [_thread_in_native, id=301812, stack(0x00000000167b0000,0x00000000168b0000)]
  0x0000000014c3f800 JavaThread "C2 CompilerThread1" daemon [_thread_in_native, id=301116, stack(0x00000000162b0000,0x00000000163b0000)]
=>0x0000000014c3a000 JavaThread "C2 CompilerThread0" daemon [_thread_in_native, id=301952, stack(0x00000000161b0000,0x00000000162b0000)]
  0x0000000014c38000 JavaThread "Attach Listener" daemon [_thread_blocked, id=301120, stack(0x00000000160b0000,0x00000000161b0000)]
  0x0000000014c37000 JavaThread "Signal Dispatcher" daemon [_thread_blocked, id=300036, stack(0x0000000015fb0000,0x00000000160b0000)]
  0x0000000002480800 JavaThread "Finalizer" daemon [_thread_blocked, id=300324, stack(0x0000000015eb0000,0x0000000015fb0000)]
  0x0000000014c09800 JavaThread "Reference Handler" daemon [_thread_blocked, id=301968, stack(0x0000000015db0000,0x0000000015eb0000)]
  0x000000000256e000 JavaThread "main" [_thread_blocked, id=300820, stack(0x00000000021c0000,0x00000000022c0000)]

Other Threads:
  0x0000000014c07000 VMThread [stack: 0x0000000015cb0000,0x0000000015db0000] [id=301832]
  0x00000000163c4800 WatcherThread [stack: 0x00000000169b0000,0x0000000016ab0000] [id=300108]

VM state:synchronizing (normal execution)

VM Mutex/Monitor currently owned by a thread:  ([mutex/lock_event])
[0x000000000256d410] Threads_lock - owner thread: 0x0000000014c07000

Heap:
 PSYoungGen      total 18944K, used 11848K [0x00000000eab00000, 0x00000000ec000000, 0x0000000100000000)
  eden space 16384K, 72% used [0x00000000eab00000,0x00000000eb692220,0x00000000ebb00000)
  from space 2560K, 0% used [0x00000000ebd80000,0x00000000ebd80000,0x00000000ec000000)
  to   space 2560K, 0% used [0x00000000ebb00000,0x00000000ebb00000,0x00000000ebd80000)
 ParOldGen       total 44032K, used 0K [0x00000000c0000000, 0x00000000c2b00000, 0x00000000eab00000)
  object space 44032K, 0% used [0x00000000c0000000,0x00000000c0000000,0x00000000c2b00000)
 Metaspace       used 5515K, capacity 6576K, committed 6784K, reserved 1056768K
  class space    used 578K, capacity 616K, committed 640K, reserved 1048576K

Card table byte_map: [0x0000000011930000,0x0000000011b40000] byte_map_base: 0x0000000011330000

Marking Bits: (ParMarkBitMap*) 0x00000000610f4040
 Begin Bits: [0x00000000120a0000, 0x00000000130a0000)
 End Bits:   [0x00000000130a0000, 0x00000000140a0000)

Polling page: 0x00000000022c0000

CodeCache: size=245760Kb used=2577Kb max_used=2589Kb free=243182Kb
 bounds [0x0000000002570000, 0x0000000002800000, 0x0000000011570000]
 total_blobs=920 nmethods=652 adapters=181
 compilation: enabled

Compilation events (10 events):
Event: 8.515 Thread 0x00000000163b8800 nmethod 647 0x00000000027f2310 code [0x00000000027f2500, 0x00000000027f3038]
Event: 8.515 Thread 0x00000000163b8800  648       3       com.android.dx.rop.code.RegisterSpec::getType (10 bytes)
Event: 8.515 Thread 0x00000000163b8800 nmethod 648 0x00000000027f3690 code [0x00000000027f3800, 0x00000000027f3a28]
Event: 8.515 Thread 0x00000000163b8800  653       3       com.android.dx.cf.code.LineNumberList::pcToLine (73 bytes)
Event: 8.516 Thread 0x00000000163b8800 nmethod 653 0x00000000027f3ad0 code [0x00000000027f3c60, 0x00000000027f4328]
Event: 8.516 Thread 0x00000000163b8800  654   !   3       com.android.dx.cf.code.RopperMachine::run (1550 bytes)
Event: 8.518 Thread 0x0000000014c3a000  661       4       com.android.dx.ssa.NormalSsaInsn::isNormalMoveInsn (20 bytes)
Event: 8.519 Thread 0x0000000014c3a000 nmethod 661 0x00000000027d7690 code [0x00000000027d77c0, 0x00000000027d7858]
Event: 8.519 Thread 0x0000000014c3f800  662       4       java.util.HashSet::contains (9 bytes)
Event: 8.521 Thread 0x0000000014c3a000  664   !   4       com.android.dx.util.FixedSizeList::set0 (22 bytes)

GC Heap History (0 events):
No events

Deoptimization events (0 events):
No events

Internal exceptions (2 events):
Event: 0.090 Thread 0x000000000256e000 Exception <a 'java/lang/NoSuchMethodError': Method sun.misc.Unsafe.defineClass(Ljava/lang/String;[BII)Ljava/lang/Class; name or signature does not match> (0x00000000eab0d928) thrown at [C:\re\workspace\8-2-build-windows-amd64-cygwin\jdk8u51\3951\hotspot\srh¡À³)·?
Event: 0.090 Thread 0x000000000256e000 Exception <a 'java/lang/NoSuchMethodError': Method sun.misc.Unsafe.prefetchRead(Ljava/lang/Object;J)V name or signature does not match> (0x00000000eab0dbb8) thrown at [C:\re\workspace\8-2-build-windows-amd64-cygwin\jdk8u51\3951\hotspot\src\share\vm\prims\j

Events (10 events):
Event: 5.362 loading class com/android/dx/rop/cst/CstEnumRef done
Event: 6.926 loading class com/android/dx/cf/attrib/AttConstantValue
Event: 6.926 loading class com/android/dx/cf/attrib/AttConstantValue done
Event: 6.926 Executing VM operation: RevokeBias
Event: 6.926 Executing VM operation: RevokeBias done
Event: 6.927 Thread 0x00000000167a8800 Thread added: 0x00000000167a8800
Event: 6.928 Executing VM operation: RevokeBias
Event: 6.928 Executing VM operation: RevokeBias done
Event: 7.805 Thread 0x0000000016cd3800 Thread added: 0x0000000016cd3800
Event: 8.415 Thread 0x0000000016cca800 Thread added: 0x0000000016cca800


Dynamic libraries:
0x00007ff768400000 - 0x00007ff768437000 	C:\Program Files\Java\jdk1.8.0_51\bin\java.exe
0x00007ff97c400000 - 0x00007ff97c5c1000 	C:\WINDOWS\SYSTEM32\ntdll.dll
0x00007ff97c2f0000 - 0x00007ff97c39d000 	C:\WINDOWS\system32\KERNEL32.DLL
0x00007ff979440000 - 0x00007ff979628000 	C:\WINDOWS\system32\KERNELBASE.dll
0x00007ff979800000 - 0x00007ff9798a7000 	C:\WINDOWS\system32\ADVAPI32.dll
0x00007ff9798b0000 - 0x00007ff97994d000 	C:\WINDOWS\system32\msvcrt.dll
0x00007ff97b1a0000 - 0x00007ff97b1fb000 	C:\WINDOWS\system32\sechost.dll
0x00007ff97b4c0000 - 0x00007ff97b5dc000 	C:\WINDOWS\system32\RPCRT4.dll
0x00007ff97b200000 - 0x00007ff97b356000 	C:\WINDOWS\system32\USER32.dll
0x00007ff9799c0000 - 0x00007ff979b46000 	C:\WINDOWS\system32\GDI32.dll
0x00007ff96d090000 - 0x00007ff96d304000 	C:\WINDOWS\WinSxS\amd64_microsoft.windows.common-controls_6595b64144ccf1df_6.0.10586.0_none_8c15ae12515e1c22\COMCTL32.dll
0x00007ff97c060000 - 0x00007ff97c2dd000 	C:\WINDOWS\system32\combase.dll
0x00007ff9793d0000 - 0x00007ff97943a000 	C:\WINDOWS\system32\bcryptPrimitives.dll
0x00007ff979b50000 - 0x00007ff979b8b000 	C:\WINDOWS\system32\IMM32.DLL
0x000000005fd80000 - 0x000000005fe52000 	C:\Program Files\Java\jdk1.8.0_51\jre\bin\msvcr100.dll
0x00000000608f0000 - 0x0000000061173000 	C:\Program Files\Java\jdk1.8.0_51\jre\bin\server\jvm.dll
0x00007ff97bad0000 - 0x00007ff97bad8000 	C:\WINDOWS\system32\PSAPI.DLL
0x00007ff976bf0000 - 0x00007ff976c13000 	C:\WINDOWS\SYSTEM32\WINMM.dll
0x00007ff976f10000 - 0x00007ff976f19000 	C:\WINDOWS\SYSTEM32\WSOCK32.dll
0x00007ff979950000 - 0x00007ff9799bb000 	C:\WINDOWS\system32\WS2_32.dll
0x00007ff974de0000 - 0x00007ff974dea000 	C:\WINDOWS\SYSTEM32\VERSION.dll
0x0000000000a40000 - 0x0000000000a6c000 	C:\WINDOWS\SYSTEM32\WINMMBASE.dll
0x00007ff979380000 - 0x00007ff9793c3000 	C:\WINDOWS\system32\cfgmgr32.dll
0x00000000608e0000 - 0x00000000608ef000 	C:\Program Files\Java\jdk1.8.0_51\jre\bin\verify.dll
0x00000000608b0000 - 0x00000000608d9000 	C:\Program Files\Java\jdk1.8.0_51\jre\bin\java.dll
0x0000000060890000 - 0x00000000608a6000 	C:\Program Files\Java\jdk1.8.0_51\jre\bin\zip.dll
0x00007ff979b90000 - 0x00007ff97b0ec000 	C:\WINDOWS\system32\SHELL32.dll
0x00007ff978b60000 - 0x00007ff9791a4000 	C:\WINDOWS\system32\windows.storage.dll
0x00007ff97b5e0000 - 0x00007ff97b632000 	C:\WINDOWS\system32\shlwapi.dll
0x00007ff978a20000 - 0x00007ff978a2f000 	C:\WINDOWS\system32\kernel.appcore.dll
0x00007ff9796e0000 - 0x00007ff979795000 	C:\WINDOWS\system32\shcore.dll
0x00007ff978a50000 - 0x00007ff978a9b000 	C:\WINDOWS\system32\powrprof.dll
0x00007ff978a30000 - 0x00007ff978a44000 	C:\WINDOWS\system32\profapi.dll
0x00007ff96a440000 - 0x00007ff96a5cc000 	C:\WINDOWS\SYSTEM32\dbghelp.dll

VM Arguments:
jvm_args: -Djava.awt.headless=true -Xmx1024M -Dfile.encoding=windows-1252 -Duser.country=IN -Duser.language=en -Duser.variant 
java_command: com.android.dx.command.Main --dex --force-jumbo --num-threads=4 --multi-dex --output F:\Android_Projects\Brokerapp\app\build\intermediates\transforms\dex\debug\folders\1000\5\slice_7 F:\Android_Projects\Brokerapp\app\build\intermediates\transforms\instantRunSlicer\debug\folders\1\5\slice_7
java_class_path (initial): C:\Users\Ganesh Prasad\AppData\Local\Android\sdk\build-tools\23.0.2\lib\dx.jar
Launcher Type: SUN_STANDARD

Environment Variables:
JAVA_HOME=C:\Program Files\Java\jdk1.8.0_51
PATH=C:\ProgramData\Oracle\Java\javapath;C:\Program Files (x86)\Intel\iCLS Client\;C:\Program Files\Intel\iCLS Client\;C:\Program Files (x86)\AMD APP\bin\x86_64;C:\Program Files (x86)\AMD APP\bin\x86;C:\WINDOWS\system32;C:\WINDOWS;C:\WINDOWS\System32\Wbem;C:\WINDOWS\System32\WindowsPowerShell\v1.0\;C:\Program Files (x86)\ATI Technologies\ATI.ACE\Core-Static;C:\Program Files\Intel\Intel(R) Management Engine Components\DAL;C:\Program Files\Intel\Intel(R) Management Engine Components\IPT;C:\Program Files (x86)\Intel\Intel(R) Management Engine Components\DAL;C:\Program Files (x86)\Intel\Intel(R) Management Engine Components\IPT;\;C:\Program Files (x86)\Sony\VAIO Startup Setting Tool;C:\Program Files (x86)\Brackets\command;C:\Program Files (x86)\Java\jdk1.8.0_45\bin;C:\Program Files\nodejs\;C:\Users\Ganesh Prasad\AppData\Local\GitHub\PortableGit_c7e0cbde92ba565cb218a521411d0e854079a28c\bin;C:\Users\Ganesh Prasad\AppData\Local\GitHub\PortableGit_c7e0cbde92ba565cb218a521411d0e854079a28c\cmd;C:\Program Files (x86)\AMD\ATI.ACE\Core-Static;C:\Users\Ganesh Prasad\AppData\Local\Android\sdk\platform-tools;C:\Users\Ganesh Prasad\Anaconda2;C:\Users\Ganesh Prasad\Anaconda2\Scripts;C:\Users\Ganesh Prasad\Anaconda2\Library\bin;C:\Users\Ganesh Prasad\AppData\Roaming\npm
USERNAME=Ganesh Prasad
OS=Windows_NT
PROCESSOR_IDENTIFIER=Intel64 Family 6 Model 58 Stepping 9, GenuineIntel



---------------  S Y S T E M  ---------------

OS: Windows 10.0 , 64 bit Build 10586 (10.0.10586.0)

CPU:total 4 (2 cores per cpu, 2 threads per core) family 6 model 58 stepping 9, cmov, cx8, fxsr, mmx, sse, sse2, sse3, ssse3, sse4.1, sse4.2, popcnt, avx, clmul, erms, ht, tsc, tscinvbit, tscinv

Memory: 4k page, physical 4140316k(346564k free), swap 5574940k(146384k free)

vm_info: Java HotSpot(TM) 64-Bit Server VM (25.51-b03) for windows-amd64 JRE (1.8.0_51-b16), built on Jun  8 2015 18:03:07 by "java_re" with MS VC++ 10.0 (VS2010)

time: Mon Jul 04 18:26:09 2016
elapsed time: 10 seconds (0d 0h 0m 10s)

