#
# There is insufficient memory for the Java Runtime Environment to continue.
# Native memory allocation (malloc) failed to allocate 32744 bytes for ChunkPool::allocate
# Possible reasons:
#   The system is out of physical RAM or swap space
#   In 32 bit mode, the process size limit was hit
# Possible solutions:
#   Reduce memory load on the system
#   Increase physical memory or swap space
#   Check if swap backing store is full
#   Use 64 bit Java on a 64 bit OS
#   Decrease Java heap size (-Xmx/-Xms)
#   Decrease number of Java threads
#   Decrease Java thread stack sizes (-Xss)
#   Set larger code cache with -XX:ReservedCodeCacheSize=
# This output file may be truncated or incomplete.
#
#  Out of Memory Error (allocation.cpp:273), pid=3544, tid=3504
#
# JRE version: Java(TM) SE Runtime Environment (8.0_51-b16) (build 1.8.0_51-b16)
# Java VM: Java HotSpot(TM) 64-Bit Server VM (25.51-b03 mixed mode windows-amd64 compressed oops)
# Failed to write core dump. Minidumps are not enabled by default on client versions of Windows
#

---------------  T H R E A D  ---------------

Current thread (0x000000001583c800):  JavaThread "C1 CompilerThread2" daemon [_thread_in_native, id=3504, stack(0x0000000016f30000,0x0000000017030000)]

Stack: [0x0000000016f30000,0x0000000017030000]
Native frames: (J=compiled Java code, j=interpreted, Vv=VM code, C=native code)
V  [jvm.dll+0x32b4ca]
V  [jvm.dll+0x2797e3]
V  [jvm.dll+0x27a479]
V  [jvm.dll+0x271765]
V  [jvm.dll+0xcb824]
V  [jvm.dll+0xcba47]
V  [jvm.dll+0xcbecc]
V  [jvm.dll+0x2708d7]
V  [jvm.dll+0x270aa5]
V  [jvm.dll+0x43bdf8]
V  [jvm.dll+0x43ceb9]
V  [jvm.dll+0x43d037]
V  [jvm.dll+0x41a2fb]
V  [jvm.dll+0x406105]
V  [jvm.dll+0x4061f1]
V  [jvm.dll+0x4063b2]
V  [jvm.dll+0x406581]
V  [jvm.dll+0x40678f]
V  [jvm.dll+0xa43a2]
V  [jvm.dll+0xa4cdf]
V  [jvm.dll+0x2418a4]
V  [jvm.dll+0x29846a]
C  [msvcr100.dll+0x21d9f]
C  [msvcr100.dll+0x21e3b]
C  [KERNEL32.DLL+0x18102]
C  [ntdll.dll+0x5c5b4]


Current CompileTask:
C1:   8065  774   !   3       com.android.dx.cf.code.BytecodeArray::parseInstruction (2764 bytes)


---------------  P R O C E S S  ---------------

Java Threads: ( => current thread )
  0x0000000017284000 JavaThread "pool-2-thread-4" [_thread_in_Java, id=5976, stack(0x0000000018230000,0x0000000018330000)]
  0x0000000017283000 JavaThread "pool-2-thread-3" [_thread_in_Java, id=3684, stack(0x0000000018130000,0x0000000018230000)]
  0x0000000017282800 JavaThread "pool-2-thread-2" [_thread_in_vm, id=4996, stack(0x0000000018030000,0x0000000018130000)]
  0x0000000017281800 JavaThread "pool-3-thread-1" [_thread_blocked, id=2748, stack(0x0000000017f30000,0x0000000018030000)]
  0x000000001727f000 JavaThread "pool-2-thread-1" [_thread_in_Java, id=2780, stack(0x0000000017e30000,0x0000000017f30000)]
  0x0000000017036800 JavaThread "Service Thread" daemon [_thread_blocked, id=6792, stack(0x0000000017430000,0x0000000017530000)]
=>0x000000001583c800 JavaThread "C1 CompilerThread2" daemon [_thread_in_native, id=3504, stack(0x0000000016f30000,0x0000000017030000)]
  0x0000000015839800 JavaThread "C2 CompilerThread1" daemon [_thread_blocked, id=7068, stack(0x0000000016e30000,0x0000000016f30000)]
  0x00000000157db000 JavaThread "C2 CompilerThread0" daemon [_thread_blocked, id=3840, stack(0x0000000016d30000,0x0000000016e30000)]
  0x00000000157d9000 JavaThread "Attach Listener" daemon [_thread_blocked, id=3284, stack(0x0000000016c30000,0x0000000016d30000)]
  0x00000000157d8000 JavaThread "Signal Dispatcher" daemon [_thread_blocked, id=7056, stack(0x0000000016b30000,0x0000000016c30000)]
  0x0000000003100800 JavaThread "Finalizer" daemon [_thread_blocked, id=4172, stack(0x0000000016a30000,0x0000000016b30000)]
  0x00000000030fd800 JavaThread "Reference Handler" daemon [_thread_blocked, id=5436, stack(0x0000000016930000,0x0000000016a30000)]
  0x0000000002dee000 JavaThread "main" [_thread_in_Java, id=3308, stack(0x0000000002e10000,0x0000000002f10000)]

Other Threads:
  0x00000000157a8000 VMThread [stack: 0x0000000016830000,0x0000000016930000] [id=4068]
  0x0000000017038000 WatcherThread [stack: 0x0000000017530000,0x0000000017630000] [id=1156]

VM state:not at safepoint (normal execution)

VM Mutex/Monitor currently owned by a thread: None

Heap:
 PSYoungGen      total 18944K, used 7968K [0x00000000eab00000, 0x00000000ed000000, 0x0000000100000000)
  eden space 16384K, 33% used [0x00000000eab00000,0x00000000eb04a1d8,0x00000000ebb00000)
  from space 2560K, 99% used [0x00000000ebb00000,0x00000000ebd7e120,0x00000000ebd80000)
  to   space 2560K, 0% used [0x00000000ecd80000,0x00000000ecd80000,0x00000000ed000000)
 ParOldGen       total 44032K, used 856K [0x00000000c0000000, 0x00000000c2b00000, 0x00000000eab00000)
  object space 44032K, 1% used [0x00000000c0000000,0x00000000c00d62e8,0x00000000c2b00000)
 Metaspace       used 5723K, capacity 6640K, committed 6784K, reserved 1056768K
  class space    used 591K, capacity 616K, committed 640K, reserved 1048576K

Card table byte_map: [0x00000000124d0000,0x00000000126e0000] byte_map_base: 0x0000000011ed0000

Marking Bits: (ParMarkBitMap*) 0x0000000067444040
 Begin Bits: [0x0000000012c40000, 0x0000000013c40000)
 End Bits:   [0x0000000013c40000, 0x0000000014c40000)

Polling page: 0x0000000002d80000

CodeCache: size=245760Kb used=2768Kb max_used=2779Kb free=242991Kb
 bounds [0x0000000003110000, 0x00000000033d0000, 0x0000000012110000]
 total_blobs=1089 nmethods=820 adapters=182
 compilation: enabled

Compilation events (10 events):
Event: 7.699 Thread 0x000000001583c800 nmethod 768 0x00000000033b4810 code [0x00000000033b4980, 0x00000000033b4b08]
Event: 7.699 Thread 0x000000001583c800  770       3       com.android.dx.cf.iface.StdAttributeList::findFirst (44 bytes)
Event: 7.699 Thread 0x000000001583c800 nmethod 770 0x00000000033b3890 code [0x00000000033b3a40, 0x00000000033b41b8]
Event: 7.700 Thread 0x000000001583c800  771       3       com.android.dx.cf.code.BasicBlocker::visitCommon (34 bytes)
Event: 7.700 Thread 0x000000001583c800 nmethod 771 0x00000000033b2dd0 code [0x00000000033b2f80, 0x00000000033b3490]
Event: 7.700 Thread 0x000000001583c800  772       3       com.android.dx.cf.code.BasicBlocker::setPreviousOffset (6 bytes)
Event: 7.700 Thread 0x000000001583c800 nmethod 772 0x00000000033b0990 code [0x00000000033b0ae0, 0x00000000033b0c30]
Event: 7.701 Thread 0x000000001583c800  773       1       com.android.dx.cf.code.Simulator::access$300 (5 bytes)
Event: 7.701 Thread 0x000000001583c800 nmethod 773 0x00000000033b2b10 code [0x00000000033b2c60, 0x00000000033b2d50]
Event: 7.701 Thread 0x000000001583c800  774   !   3       com.android.dx.cf.code.BytecodeArray::parseInstruction (2764 bytes)

GC Heap History (2 events):
Event: 7.448 GC heap before
{Heap before GC invocations=1 (full 0):
 PSYoungGen      total 18944K, used 16384K [0x00000000eab00000, 0x00000000ec000000, 0x0000000100000000)
  eden space 16384K, 100% used [0x00000000eab00000,0x00000000ebb00000,0x00000000ebb00000)
  from space 2560K, 0% used [0x00000000ebd80000,0x00000000ebd80000,0x00000000ec000000)
  to   space 2560K, 0% used [0x00000000ebb00000,0x00000000ebb00000,0x00000000ebd80000)
 ParOldGen       total 44032K, used 0K [0x00000000c0000000, 0x00000000c2b00000, 0x00000000eab00000)
  object space 44032K, 0% used [0x00000000c0000000,0x00000000c0000000,0x00000000c2b00000)
 Metaspace       used 5500K, capacity 6448K, committed 6528K, reserved 1056768K
  class space    used 589K, capacity 616K, committed 640K, reserved 1048576K
Event: 7.549 GC heap after
Heap after GC invocations=1 (full 0):
 PSYoungGen      total 18944K, used 2552K [0x00000000eab00000, 0x00000000ed000000, 0x0000000100000000)
  eden space 16384K, 0% used [0x00000000eab00000,0x00000000eab00000,0x00000000ebb00000)
  from space 2560K, 99% used [0x00000000ebb00000,0x00000000ebd7e120,0x00000000ebd80000)
  to   space 2560K, 0% used [0x00000000ecd80000,0x00000000ecd80000,0x00000000ed000000)
 ParOldGen       total 44032K, used 856K [0x00000000c0000000, 0x00000000c2b00000, 0x00000000eab00000)
  object space 44032K, 1% used [0x00000000c0000000,0x00000000c00d62e8,0x00000000c2b00000)
 Metaspace       used 5500K, capacity 6448K, committed 6528K, reserved 1056768K
  class space    used 589K, capacity 616K, committed 640K, reserved 1048576K
}

Deoptimization events (1 events):
Event: 2.818 Thread 0x0000000002dee000 Uncommon trap: reason=unstable_if action=reinterpret pc=0x0000000003275f14 method=java.lang.String.compareTo(Ljava/lang/String;)I @ 38

Internal exceptions (2 events):
Event: 0.624 Thread 0x0000000002dee000 Exception <a 'java/lang/NoSuchMethodError': Method sun.misc.Unsafe.defineClass(Ljava/lang/String;[BII)Ljava/lang/Class; name or signature does not match> (0x00000000eab0db58) thrown at [C:\re\workspace\8-2-build-windows-amd64-cygwin\jdk8u51\3951\hotspot\srK¡Ø›2öã?
Event: 0.624 Thread 0x0000000002dee000 Exception <a 'java/lang/NoSuchMethodError': Method sun.misc.Unsafe.prefetchRead(Ljava/lang/Object;J)V name or signature does not match> (0x00000000eab0dde8) thrown at [C:\re\workspace\8-2-build-windows-amd64-cygwin\jdk8u51\3951\hotspot\src\share\vm\prims\j

Events (10 events):
Event: 7.253 loading class java/util/HashMap$Values
Event: 7.253 loading class java/util/HashMap$Values done
Event: 7.253 loading class java/util/HashMap$ValueIterator
Event: 7.253 loading class java/util/HashMap$ValueIterator done
Event: 7.302 Executing VM operation: ParallelGCFailedAllocation
Event: 7.550 Executing VM operation: ParallelGCFailedAllocation done
Event: 7.561 loading class com/android/dx/ssa/back/FirstFitLocalCombiningAllocator$Multiset
Event: 7.561 loading class com/android/dx/ssa/back/FirstFitLocalCombiningAllocator$Multiset done
Event: 7.669 loading class java/util/ArrayList$1
Event: 7.669 loading class java/util/ArrayList$1 done


Dynamic libraries:
0x00007ff706fb0000 - 0x00007ff706fe7000 	C:\Program Files\Java\jdk1.8.0_51\bin\java.exe
0x00007ffc8e9a0000 - 0x00007ffc8eb61000 	C:\WINDOWS\SYSTEM32\ntdll.dll
0x00007ffc8de70000 - 0x00007ffc8df1d000 	C:\WINDOWS\system32\KERNEL32.DLL
0x00007ffc8bbb0000 - 0x00007ffc8bd98000 	C:\WINDOWS\system32\KERNELBASE.dll
0x00007ffc8e470000 - 0x00007ffc8e517000 	C:\WINDOWS\system32\ADVAPI32.dll
0x00007ffc8bda0000 - 0x00007ffc8be3d000 	C:\WINDOWS\system32\msvcrt.dll
0x00007ffc8e8d0000 - 0x00007ffc8e92b000 	C:\WINDOWS\system32\sechost.dll
0x00007ffc8e520000 - 0x00007ffc8e63c000 	C:\WINDOWS\system32\RPCRT4.dll
0x00007ffc8e640000 - 0x00007ffc8e796000 	C:\WINDOWS\system32\USER32.dll
0x00007ffc8d6e0000 - 0x00007ffc8d866000 	C:\WINDOWS\system32\GDI32.dll
0x00007ffc7f1c0000 - 0x00007ffc7f434000 	C:\WINDOWS\WinSxS\amd64_microsoft.windows.common-controls_6595b64144ccf1df_6.0.10586.0_none_8c15ae12515e1c22\COMCTL32.dll
0x00007ffc8dbf0000 - 0x00007ffc8de6d000 	C:\WINDOWS\system32\combase.dll
0x00007ffc8ba10000 - 0x00007ffc8ba7a000 	C:\WINDOWS\system32\bcryptPrimitives.dll
0x00007ffc8d6a0000 - 0x00007ffc8d6db000 	C:\WINDOWS\system32\IMM32.DLL
0x00000000660d0000 - 0x00000000661a2000 	C:\Program Files\Java\jdk1.8.0_51\jre\bin\msvcr100.dll
0x0000000066c40000 - 0x00000000674c3000 	C:\Program Files\Java\jdk1.8.0_51\jre\bin\server\jvm.dll
0x00007ffc8e8c0000 - 0x00007ffc8e8c8000 	C:\WINDOWS\system32\PSAPI.DLL
0x00007ffc68240000 - 0x00007ffc68249000 	C:\WINDOWS\SYSTEM32\WSOCK32.dll
0x00007ffc8e7a0000 - 0x00007ffc8e80b000 	C:\WINDOWS\system32\WS2_32.dll
0x00007ffc893e0000 - 0x00007ffc89403000 	C:\WINDOWS\SYSTEM32\WINMM.dll
0x00007ffc884f0000 - 0x00007ffc884fa000 	C:\WINDOWS\SYSTEM32\VERSION.dll
0x00007ffc893b0000 - 0x00007ffc893dc000 	C:\WINDOWS\SYSTEM32\WINMMBASE.dll
0x00007ffc8b1a0000 - 0x00007ffc8b1e3000 	C:\WINDOWS\system32\cfgmgr32.dll
0x0000000066c30000 - 0x0000000066c3f000 	C:\Program Files\Java\jdk1.8.0_51\jre\bin\verify.dll
0x0000000066c00000 - 0x0000000066c29000 	C:\Program Files\Java\jdk1.8.0_51\jre\bin\java.dll
0x0000000066be0000 - 0x0000000066bf6000 	C:\Program Files\Java\jdk1.8.0_51\jre\bin\zip.dll
0x00007ffc8bfa0000 - 0x00007ffc8d4fc000 	C:\WINDOWS\system32\SHELL32.dll
0x00007ffc8b3c0000 - 0x00007ffc8ba04000 	C:\WINDOWS\system32\windows.storage.dll
0x00007ffc8db70000 - 0x00007ffc8dbc2000 	C:\WINDOWS\system32\shlwapi.dll
0x00007ffc8b030000 - 0x00007ffc8b03f000 	C:\WINDOWS\system32\kernel.appcore.dll
0x00007ffc8b0e0000 - 0x00007ffc8b195000 	C:\WINDOWS\system32\shcore.dll
0x00007ffc8afc0000 - 0x00007ffc8b00b000 	C:\WINDOWS\system32\powrprof.dll
0x00007ffc8b010000 - 0x00007ffc8b024000 	C:\WINDOWS\system32\profapi.dll
0x00007ffc7c490000 - 0x00007ffc7c61c000 	C:\WINDOWS\SYSTEM32\dbghelp.dll

VM Arguments:
jvm_args: -Djava.awt.headless=true -Xmx1024M -Dfile.encoding=windows-1252 -Duser.country=IN -Duser.language=en -Duser.variant 
java_command: com.android.dx.command.Main --dex --force-jumbo --num-threads=4 --multi-dex --output F:\Android_Projects\Brokerapp\app\build\intermediates\transforms\dex\debug\folders\1000\10\com.android.support-appcompat-v7-23.3.0_8c3a7cbe122c438e22c3cbeb75175bf2c285b8f9 F:\Android_Projects\Brokerapp\app\build\intermediates\exploded-aar\com.android.support\appcompat-v7\23.3.0\jars\classes.jar
java_class_path (initial): C:\Users\Ganesh Prasad\AppData\Local\Android\sdk\build-tools\23.0.2\lib\dx.jar
Launcher Type: SUN_STANDARD

Environment Variables:
JAVA_HOME=C:\Program Files\Java\jdk1.8.0_51
PATH=C:\ProgramData\Oracle\Java\javapath;C:\Program Files (x86)\Intel\iCLS Client\;C:\Program Files\Intel\iCLS Client\;C:\Program Files (x86)\AMD APP\bin\x86_64;C:\Program Files (x86)\AMD APP\bin\x86;C:\WINDOWS\system32;C:\WINDOWS;C:\WINDOWS\System32\Wbem;C:\WINDOWS\System32\WindowsPowerShell\v1.0\;C:\Program Files (x86)\ATI Technologies\ATI.ACE\Core-Static;C:\Program Files\Intel\Intel(R) Management Engine Components\DAL;C:\Program Files\Intel\Intel(R) Management Engine Components\IPT;C:\Program Files (x86)\Intel\Intel(R) Management Engine Components\DAL;C:\Program Files (x86)\Intel\Intel(R) Management Engine Components\IPT;\;C:\Program Files (x86)\Sony\VAIO Startup Setting Tool;C:\Program Files (x86)\Brackets\command;C:\Program Files (x86)\Java\jdk1.8.0_45\bin;C:\Program Files\nodejs\;C:\Users\Ganesh Prasad\AppData\Local\GitHub\PortableGit_c7e0cbde92ba565cb218a521411d0e854079a28c\bin;C:\Users\Ganesh Prasad\AppData\Local\GitHub\PortableGit_c7e0cbde92ba565cb218a521411d0e854079a28c\cmd;C:\Program Files (x86)\AMD\ATI.ACE\Core-Static;C:\Users\Ganesh Prasad\AppData\Local\Android\sdk\platform-tools;C:\Users\Ganesh Prasad\Anaconda2;C:\Users\Ganesh Prasad\Anaconda2\Scripts;C:\Users\Ganesh Prasad\Anaconda2\Library\bin;C:\Users\Ganesh Prasad\AppData\Roaming\npm
USERNAME=Ganesh Prasad
OS=Windows_NT
PROCESSOR_IDENTIFIER=Intel64 Family 6 Model 58 Stepping 9, GenuineIntel



---------------  S Y S T E M  ---------------

OS: Windows 10.0 , 64 bit Build 10586 (10.0.10586.0)

CPU:total 4 (2 cores per cpu, 2 threads per core) family 6 model 58 stepping 9, cmov, cx8, fxsr, mmx, sse, sse2, sse3, ssse3, sse4.1, sse4.2, popcnt, avx, clmul, erms, ht, tsc, tscinvbit, tscinv

Memory: 4k page, physical 4140316k(371092k free), swap 5574940k(6360k free)

vm_info: Java HotSpot(TM) 64-Bit Server VM (25.51-b03) for windows-amd64 JRE (1.8.0_51-b16), built on Jun  8 2015 18:03:07 by "java_re" with MS VC++ 10.0 (VS2010)

time: Mon Jul 04 23:18:37 2016
elapsed time: 8 seconds (0d 0h 0m 8s)

