#
# There is insufficient memory for the Java Runtime Environment to continue.
# Native memory allocation (malloc) failed to allocate 180816 bytes for Chunk::new
# Possible reasons:
#   The system is out of physical RAM or swap space
#   In 32 bit mode, the process size limit was hit
# Possible solutions:
#   Reduce memory load on the system
#   Increase physical memory or swap space
#   Check if swap backing store is full
#   Use 64 bit Java on a 64 bit OS
#   Decrease Java heap size (-Xmx/-Xms)
#   Decrease number of Java threads
#   Decrease Java thread stack sizes (-Xss)
#   Set larger code cache with -XX:ReservedCodeCacheSize=
# This output file may be truncated or incomplete.
#
#  Out of Memory Error (allocation.cpp:390), pid=300424, tid=301468
#
# JRE version: Java(TM) SE Runtime Environment (8.0_51-b16) (build 1.8.0_51-b16)
# Java VM: Java HotSpot(TM) 64-Bit Server VM (25.51-b03 mixed mode windows-amd64 compressed oops)
# Failed to write core dump. Minidumps are not enabled by default on client versions of Windows
#

---------------  T H R E A D  ---------------

Current thread (0x00000000155fa800):  JavaThread "C2 CompilerThread0" daemon [_thread_in_native, id=301468, stack(0x0000000016b70000,0x0000000016c70000)]

Stack: [0x0000000016b70000,0x0000000016c70000]
Native frames: (J=compiled Java code, j=interpreted, Vv=VM code, C=native code)
V  [jvm.dll+0x32b4ca]
V  [jvm.dll+0x2797e3]
V  [jvm.dll+0x27a479]
V  [jvm.dll+0x271765]
V  [jvm.dll+0xcba02]
V  [jvm.dll+0xcbecc]
V  [jvm.dll+0x4afbd4]
V  [jvm.dll+0x45f7d8]
V  [jvm.dll+0x46a7cb]
V  [jvm.dll+0x46cde2]
V  [jvm.dll+0x4501a2]
V  [jvm.dll+0xa43a2]
V  [jvm.dll+0xa4cdf]
V  [jvm.dll+0x2418a4]
V  [jvm.dll+0x29846a]
C  [msvcr100.dll+0x21d9f]
C  [msvcr100.dll+0x21e3b]
C  [KERNEL32.DLL+0x18102]
C  [ntdll.dll+0x5c5b4]


Current CompileTask:
C2:   9705 1333       4       com.android.dx.dex.code.OutputFinisher::addConstants (93 bytes)


---------------  P R O C E S S  ---------------

Java Threads: ( => current thread )
  0x0000000016ed5800 JavaThread "pool-1-thread-1" [_thread_in_Java, id=302000, stack(0x0000000019140000,0x0000000019240000)]
  0x0000000016d7d800 JavaThread "Service Thread" daemon [_thread_blocked, id=301520, stack(0x0000000017270000,0x0000000017370000)]
  0x0000000016d78800 JavaThread "C1 CompilerThread2" daemon [_thread_blocked, id=301460, stack(0x0000000017170000,0x0000000017270000)]
  0x000000001564e800 JavaThread "C2 CompilerThread1" daemon [_thread_in_native, id=301508, stack(0x0000000016c70000,0x0000000016d70000)]
=>0x00000000155fa800 JavaThread "C2 CompilerThread0" daemon [_thread_in_native, id=301468, stack(0x0000000016b70000,0x0000000016c70000)]
  0x00000000155f8800 JavaThread "Attach Listener" daemon [_thread_blocked, id=301472, stack(0x0000000016a70000,0x0000000016b70000)]
  0x00000000155f7000 JavaThread "Signal Dispatcher" daemon [_thread_blocked, id=301480, stack(0x0000000016970000,0x0000000016a70000)]
  0x0000000002f26800 JavaThread "Finalizer" daemon [_thread_blocked, id=301444, stack(0x0000000016870000,0x0000000016970000)]
  0x00000000155c9800 JavaThread "Reference Handler" daemon [_thread_blocked, id=301524, stack(0x0000000016770000,0x0000000016870000)]
  0x0000000002d2e000 JavaThread "main" [_thread_blocked, id=299828, stack(0x0000000002d30000,0x0000000002e30000)]

Other Threads:
  0x00000000155c7000 VMThread [stack: 0x0000000016670000,0x0000000016770000] [id=300532]
  0x0000000016d7f000 WatcherThread [stack: 0x0000000017370000,0x0000000017470000] [id=301572]

VM state:not at safepoint (normal execution)

VM Mutex/Monitor currently owned by a thread: None

Heap:
 PSYoungGen      total 18944K, used 8617K [0x00000000eab00000, 0x00000000ed000000, 0x0000000100000000)
  eden space 16384K, 37% used [0x00000000eab00000,0x00000000eb0f26b0,0x00000000ebb00000)
  from space 2560K, 98% used [0x00000000ebd80000,0x00000000ebff8018,0x00000000ec000000)
  to   space 2560K, 0% used [0x00000000ebb00000,0x00000000ebb00000,0x00000000ebd80000)
 ParOldGen       total 44032K, used 4097K [0x00000000c0000000, 0x00000000c2b00000, 0x00000000eab00000)
  object space 44032K, 9% used [0x00000000c0000000,0x00000000c04007c8,0x00000000c2b00000)
 Metaspace       used 6185K, capacity 7184K, committed 7424K, reserved 1056768K
  class space    used 612K, capacity 648K, committed 768K, reserved 1048576K

Card table byte_map: [0x00000000122f0000,0x0000000012500000] byte_map_base: 0x0000000011cf0000

Marking Bits: (ParMarkBitMap*) 0x00000000610f4040
 Begin Bits: [0x0000000012a60000, 0x0000000013a60000)
 End Bits:   [0x0000000013a60000, 0x0000000014a60000)

Polling page: 0x0000000002b70000

CodeCache: size=245760Kb used=5890Kb max_used=5890Kb free=239869Kb
 bounds [0x0000000002f30000, 0x0000000003500000, 0x0000000011f30000]
 total_blobs=1765 nmethods=1496 adapters=182
 compilation: enabled

Compilation events (10 events):
Event: 9.150 Thread 0x0000000016d78800 1430       3       com.android.dx.rop.code.RegisterSpec::isCategory2 (13 bytes)
Event: 9.150 Thread 0x0000000016d78800 nmethod 1430 0x00000000034b8cd0 code [0x00000000034b8e40, 0x00000000034b9118]
Event: 9.151 Thread 0x0000000016d78800 1431       1       com.android.dx.dex.code.CodeAddress::getBindsClosely (5 bytes)
Event: 9.151 Thread 0x0000000016d78800 nmethod 1431 0x00000000034b9210 code [0x00000000034b9360, 0x00000000034b9470]
Event: 9.151 Thread 0x0000000016d78800 1432       3       com.android.dx.rop.code.RegisterSpecList$Expander::access$100 (6 bytes)
Event: 9.152 Thread 0x0000000016d78800 nmethod 1432 0x00000000034b94d0 code [0x00000000034b9660, 0x00000000034b9a58]
Event: 9.152 Thread 0x0000000016d78800 1433       3       com.android.dx.rop.code.RegisterSpecList$Expander::expandRegister (17 bytes)
Event: 9.152 Thread 0x0000000016d78800 nmethod 1433 0x00000000034b9c50 code [0x00000000034b9de0, 0x00000000034ba198]
Event: 9.152 Thread 0x0000000016d78800 1434       3       com.android.dx.rop.code.RegisterSpecList::access$400 (7 bytes)
Event: 9.152 Thread 0x0000000016d78800 nmethod 1434 0x00000000034ba310 code [0x00000000034ba4e0, 0x00000000034bacc8]

GC Heap History (4 events):
Event: 7.086 GC heap before
{Heap before GC invocations=1 (full 0):
 PSYoungGen      total 18944K, used 16384K [0x00000000eab00000, 0x00000000ec000000, 0x0000000100000000)
  eden space 16384K, 100% used [0x00000000eab00000,0x00000000ebb00000,0x00000000ebb00000)
  from space 2560K, 0% used [0x00000000ebd80000,0x00000000ebd80000,0x00000000ec000000)
  to   space 2560K, 0% used [0x00000000ebb00000,0x00000000ebb00000,0x00000000ebd80000)
 ParOldGen       total 44032K, used 0K [0x00000000c0000000, 0x00000000c2b00000, 0x00000000eab00000)
  object space 44032K, 0% used [0x00000000c0000000,0x00000000c0000000,0x00000000c2b00000)
 Metaspace       used 5791K, capacity 6832K, committed 7040K, reserved 1056768K
  class space    used 591K, capacity 616K, committed 640K, reserved 1048576K
Event: 7.145 GC heap after
Heap after GC invocations=1 (full 0):
 PSYoungGen      total 18944K, used 2538K [0x00000000eab00000, 0x00000000ec000000, 0x0000000100000000)
  eden space 16384K, 0% used [0x00000000eab00000,0x00000000eab00000,0x00000000ebb00000)
  from space 2560K, 99% used [0x00000000ebb00000,0x00000000ebd7aaa8,0x00000000ebd80000)
  to   space 2560K, 0% used [0x00000000ebd80000,0x00000000ebd80000,0x00000000ec000000)
 ParOldGen       total 44032K, used 2247K [0x00000000c0000000, 0x00000000c2b00000, 0x00000000eab00000)
  object space 44032K, 5% used [0x00000000c0000000,0x00000000c0231e58,0x00000000c2b00000)
 Metaspace       used 5791K, capacity 6832K, committed 7040K, reserved 1056768K
  class space    used 591K, capacity 616K, committed 640K, reserved 1048576K
}
Event: 8.336 GC heap before
{Heap before GC invocations=2 (full 0):
 PSYoungGen      total 18944K, used 18922K [0x00000000eab00000, 0x00000000ec000000, 0x0000000100000000)
  eden space 16384K, 100% used [0x00000000eab00000,0x00000000ebb00000,0x00000000ebb00000)
  from space 2560K, 99% used [0x00000000ebb00000,0x00000000ebd7aaa8,0x00000000ebd80000)
  to   space 2560K, 0% used [0x00000000ebd80000,0x00000000ebd80000,0x00000000ec000000)
 ParOldGen       total 44032K, used 2247K [0x00000000c0000000, 0x00000000c2b00000, 0x00000000eab00000)
  object space 44032K, 5% used [0x00000000c0000000,0x00000000c0231e58,0x00000000c2b00000)
 Metaspace       used 5936K, capacity 6960K, committed 7040K, reserved 1056768K
  class space    used 594K, capacity 616K, committed 640K, reserved 1048576K
Event: 8.372 GC heap after
Heap after GC invocations=2 (full 0):
 PSYoungGen      total 18944K, used 2528K [0x00000000eab00000, 0x00000000ed000000, 0x0000000100000000)
  eden space 16384K, 0% used [0x00000000eab00000,0x00000000eab00000,0x00000000ebb00000)
  from space 2560K, 98% used [0x00000000ebd80000,0x00000000ebff8018,0x00000000ec000000)
  to   space 2560K, 0% used [0x00000000ebb00000,0x00000000ebb00000,0x00000000ebd80000)
 ParOldGen       total 44032K, used 4097K [0x00000000c0000000, 0x00000000c2b00000, 0x00000000eab00000)
  object space 44032K, 9% used [0x00000000c0000000,0x00000000c04007c8,0x00000000c2b00000)
 Metaspace       used 5936K, capacity 6960K, committed 7040K, reserved 1056768K
  class space    used 594K, capacity 616K, committed 640K, reserved 1048576K
}

Deoptimization events (10 events):
Event: 8.380 Thread 0x0000000016fba800 Uncommon trap: reason=bimorphic action=maybe_recompile pc=0x00000000033ef460 method=com.android.dx.cf.code.BytecodeArray.parseInstruction(ILcom/android/dx/cf/code/BytecodeArray$Visitor;)I @ 1035
Event: 8.938 Thread 0x0000000016ed5800 Uncommon trap: reason=class_check action=maybe_recompile pc=0x000000000345d108 method=java.util.Arrays.hashCode([Ljava/lang/Object;)I @ 43
Event: 8.938 Thread 0x0000000016ed5800 Uncommon trap: reason=class_check action=maybe_recompile pc=0x000000000345d108 method=java.util.Arrays.hashCode([Ljava/lang/Object;)I @ 43
Event: 8.938 Thread 0x0000000016ed5800 Uncommon trap: reason=class_check action=maybe_recompile pc=0x000000000345d108 method=java.util.Arrays.hashCode([Ljava/lang/Object;)I @ 43
Event: 8.938 Thread 0x0000000016ed5800 Uncommon trap: reason=class_check action=maybe_recompile pc=0x000000000345d108 method=java.util.Arrays.hashCode([Ljava/lang/Object;)I @ 43
Event: 8.938 Thread 0x0000000016ed5800 Uncommon trap: reason=class_check action=maybe_recompile pc=0x00000000033ddaa8 method=java.util.Arrays.hashCode([Ljava/lang/Object;)I @ 43
Event: 8.960 Thread 0x0000000016ed5800 Uncommon trap: reason=bimorphic action=maybe_recompile pc=0x000000000319ab28 method=java.util.HashMap.getNode(ILjava/lang/Object;)Ljava/util/HashMap$Node; @ 126
Event: 8.960 Thread 0x0000000016ed5800 Uncommon trap: reason=class_check action=maybe_recompile pc=0x00000000033b39fc method=java.util.HashMap.putVal(ILjava/lang/Object;Ljava/lang/Object;ZZ)Ljava/lang/Object; @ 203
Event: 8.979 Thread 0x0000000016ed5800 Uncommon trap: reason=class_check action=maybe_recompile pc=0x00000000033b39fc method=java.util.HashMap.putVal(ILjava/lang/Object;Ljava/lang/Object;ZZ)Ljava/lang/Object; @ 203
Event: 9.011 Thread 0x0000000016ed5800 Uncommon trap: reason=bimorphic action=maybe_recompile pc=0x000000000319ab28 method=java.util.HashMap.getNode(ILjava/lang/Object;)Ljava/util/HashMap$Node; @ 126

Internal exceptions (2 events):
Event: 3.129 Thread 0x0000000002d2e000 Exception <a 'java/lang/NoSuchMethodError': Method sun.misc.Unsafe.defineClass(Ljava/lang/String;[BII)Ljava/lang/Class; name or signature does not match> (0x00000000eab0da08) thrown at [C:\re\workspace\8-2-build-windows-amd64-cygwin\jdk8u51\3951\hotspot\srsUKŠ	@
Event: 3.129 Thread 0x0000000002d2e000 Exception <a 'java/lang/NoSuchMethodError': Method sun.misc.Unsafe.prefetchRead(Ljava/lang/Object;J)V name or signature does not match> (0x00000000eab0dc98) thrown at [C:\re\workspace\8-2-build-windows-amd64-cygwin\jdk8u51\3951\hotspot\src\share\vm\prims\j

Events (10 events):
Event: 9.137 loading class com/android/dx/dex/code/CatchHandlerList
Event: 9.137 loading class com/android/dx/dex/code/CatchHandlerList done
Event: 9.138 loading class com/android/dx/dex/code/CatchTable
Event: 9.138 loading class com/android/dx/dex/code/CatchTable done
Event: 9.139 loading class com/android/dx/dex/code/LocalList$Disposition
Event: 9.139 loading class com/android/dx/dex/code/LocalList$Disposition done
Event: 9.140 loading class com/android/dx/dex/code/LocalList$Entry
Event: 9.140 loading class com/android/dx/dex/code/LocalList$Entry done
Event: 9.142 loading class com/android/dx/rop/code/RegisterSpecList$Expander
Event: 9.142 loading class com/android/dx/rop/code/RegisterSpecList$Expander done


Dynamic libraries:
0x00007ff768400000 - 0x00007ff768437000 	C:\Program Files\Java\jdk1.8.0_51\bin\java.exe
0x00007ff97c400000 - 0x00007ff97c5c1000 	C:\WINDOWS\SYSTEM32\ntdll.dll
0x00007ff97c2f0000 - 0x00007ff97c39d000 	C:\WINDOWS\system32\KERNEL32.DLL
0x00007ff979440000 - 0x00007ff979628000 	C:\WINDOWS\system32\KERNELBASE.dll
0x00007ff979800000 - 0x00007ff9798a7000 	C:\WINDOWS\system32\ADVAPI32.dll
0x00007ff9798b0000 - 0x00007ff97994d000 	C:\WINDOWS\system32\msvcrt.dll
0x00007ff97b1a0000 - 0x00007ff97b1fb000 	C:\WINDOWS\system32\sechost.dll
0x00007ff97b4c0000 - 0x00007ff97b5dc000 	C:\WINDOWS\system32\RPCRT4.dll
0x00007ff97b200000 - 0x00007ff97b356000 	C:\WINDOWS\system32\USER32.dll
0x00007ff9799c0000 - 0x00007ff979b46000 	C:\WINDOWS\system32\GDI32.dll
0x00007ff96d090000 - 0x00007ff96d304000 	C:\WINDOWS\WinSxS\amd64_microsoft.windows.common-controls_6595b64144ccf1df_6.0.10586.0_none_8c15ae12515e1c22\COMCTL32.dll
0x00007ff97c060000 - 0x00007ff97c2dd000 	C:\WINDOWS\system32\combase.dll
0x00007ff9793d0000 - 0x00007ff97943a000 	C:\WINDOWS\system32\bcryptPrimitives.dll
0x00007ff979b50000 - 0x00007ff979b8b000 	C:\WINDOWS\system32\IMM32.DLL
0x000000005fd80000 - 0x000000005fe52000 	C:\Program Files\Java\jdk1.8.0_51\jre\bin\msvcr100.dll
0x00000000608f0000 - 0x0000000061173000 	C:\Program Files\Java\jdk1.8.0_51\jre\bin\server\jvm.dll
0x00007ff97bad0000 - 0x00007ff97bad8000 	C:\WINDOWS\system32\PSAPI.DLL
0x00007ff976bf0000 - 0x00007ff976c13000 	C:\WINDOWS\SYSTEM32\WINMM.dll
0x00007ff974de0000 - 0x00007ff974dea000 	C:\WINDOWS\SYSTEM32\VERSION.dll
0x00007ff976bc0000 - 0x00007ff976bec000 	C:\WINDOWS\SYSTEM32\WINMMBASE.dll
0x00007ff979380000 - 0x00007ff9793c3000 	C:\WINDOWS\system32\cfgmgr32.dll
0x00007ff976f10000 - 0x00007ff976f19000 	C:\WINDOWS\SYSTEM32\WSOCK32.dll
0x00007ff979950000 - 0x00007ff9799bb000 	C:\WINDOWS\system32\WS2_32.dll
0x00000000608e0000 - 0x00000000608ef000 	C:\Program Files\Java\jdk1.8.0_51\jre\bin\verify.dll
0x00000000608b0000 - 0x00000000608d9000 	C:\Program Files\Java\jdk1.8.0_51\jre\bin\java.dll
0x0000000060890000 - 0x00000000608a6000 	C:\Program Files\Java\jdk1.8.0_51\jre\bin\zip.dll
0x00007ff979b90000 - 0x00007ff97b0ec000 	C:\WINDOWS\system32\SHELL32.dll
0x00007ff978b60000 - 0x00007ff9791a4000 	C:\WINDOWS\system32\windows.storage.dll
0x00007ff97b5e0000 - 0x00007ff97b632000 	C:\WINDOWS\system32\shlwapi.dll
0x00007ff978a20000 - 0x00007ff978a2f000 	C:\WINDOWS\system32\kernel.appcore.dll
0x00007ff9796e0000 - 0x00007ff979795000 	C:\WINDOWS\system32\shcore.dll
0x00007ff978a50000 - 0x00007ff978a9b000 	C:\WINDOWS\system32\powrprof.dll
0x00007ff978a30000 - 0x00007ff978a44000 	C:\WINDOWS\system32\profapi.dll
0x00007ff96a440000 - 0x00007ff96a5cc000 	C:\WINDOWS\SYSTEM32\dbghelp.dll

VM Arguments:
jvm_args: -Djava.awt.headless=true -Xmx1024M -Dfile.encoding=windows-1252 -Duser.country=IN -Duser.language=en -Duser.variant 
java_command: com.android.dx.command.Main --dex --force-jumbo --num-threads=4 --multi-dex --output F:\Android_Projects\Brokerapp\app\build\intermediates\transforms\dex\debug\folders\1000\10\com.android.support-support-vector-drawable-23.2.1_07df3aab0a0cf3f3dd92ad9c05096747a066d853 F:\Android_Projects\Brokerapp\app\build\intermediates\exploded-aar\com.android.support\support-vector-drawable\23.2.1\jars\classes.jar
java_class_path (initial): C:\Users\Ganesh Prasad\AppData\Local\Android\sdk\build-tools\23.0.2\lib\dx.jar
Launcher Type: SUN_STANDARD

Environment Variables:
JAVA_HOME=C:\Program Files\Java\jdk1.8.0_51
PATH=C:\ProgramData\Oracle\Java\javapath;C:\Program Files (x86)\Intel\iCLS Client\;C:\Program Files\Intel\iCLS Client\;C:\Program Files (x86)\AMD APP\bin\x86_64;C:\Program Files (x86)\AMD APP\bin\x86;C:\WINDOWS\system32;C:\WINDOWS;C:\WINDOWS\System32\Wbem;C:\WINDOWS\System32\WindowsPowerShell\v1.0\;C:\Program Files (x86)\ATI Technologies\ATI.ACE\Core-Static;C:\Program Files\Intel\Intel(R) Management Engine Components\DAL;C:\Program Files\Intel\Intel(R) Management Engine Components\IPT;C:\Program Files (x86)\Intel\Intel(R) Management Engine Components\DAL;C:\Program Files (x86)\Intel\Intel(R) Management Engine Components\IPT;\;C:\Program Files (x86)\Sony\VAIO Startup Setting Tool;C:\Program Files (x86)\Brackets\command;C:\Program Files (x86)\Java\jdk1.8.0_45\bin;C:\Program Files\nodejs\;C:\Users\Ganesh Prasad\AppData\Local\GitHub\PortableGit_c7e0cbde92ba565cb218a521411d0e854079a28c\bin;C:\Users\Ganesh Prasad\AppData\Local\GitHub\PortableGit_c7e0cbde92ba565cb218a521411d0e854079a28c\cmd;C:\Program Files (x86)\AMD\ATI.ACE\Core-Static;C:\Users\Ganesh Prasad\AppData\Local\Android\sdk\platform-tools;C:\Users\Ganesh Prasad\Anaconda2;C:\Users\Ganesh Prasad\Anaconda2\Scripts;C:\Users\Ganesh Prasad\Anaconda2\Library\bin;C:\Users\Ganesh Prasad\AppData\Roaming\npm
USERNAME=Ganesh Prasad
OS=Windows_NT
PROCESSOR_IDENTIFIER=Intel64 Family 6 Model 58 Stepping 9, GenuineIntel



---------------  S Y S T E M  ---------------

OS: Windows 10.0 , 64 bit Build 10586 (10.0.10586.0)

CPU:total 4 (2 cores per cpu, 2 threads per core) family 6 model 58 stepping 9, cmov, cx8, fxsr, mmx, sse, sse2, sse3, ssse3, sse4.1, sse4.2, popcnt, avx, clmul, erms, ht, tsc, tscinvbit, tscinv

Memory: 4k page, physical 4140316k(253812k free), swap 5574940k(111680k free)

vm_info: Java HotSpot(TM) 64-Bit Server VM (25.51-b03) for windows-amd64 JRE (1.8.0_51-b16), built on Jun  8 2015 18:03:07 by "java_re" with MS VC++ 10.0 (VS2010)

time: Mon Jul 04 18:25:58 2016
elapsed time: 9 seconds (0d 0h 0m 9s)

