#
# There is insufficient memory for the Java Runtime Environment to continue.
# Native memory allocation (malloc) failed to allocate 93536 bytes for Chunk::new
# Possible reasons:
#   The system is out of physical RAM or swap space
#   In 32 bit mode, the process size limit was hit
# Possible solutions:
#   Reduce memory load on the system
#   Increase physical memory or swap space
#   Check if swap backing store is full
#   Use 64 bit Java on a 64 bit OS
#   Decrease Java heap size (-Xmx/-Xms)
#   Decrease number of Java threads
#   Decrease Java thread stack sizes (-Xss)
#   Set larger code cache with -XX:ReservedCodeCacheSize=
# This output file may be truncated or incomplete.
#
#  Out of Memory Error (allocation.cpp:390), pid=302024, tid=301084
#
# JRE version: Java(TM) SE Runtime Environment (8.0_51-b16) (build 1.8.0_51-b16)
# Java VM: Java HotSpot(TM) 64-Bit Server VM (25.51-b03 mixed mode windows-amd64 compressed oops)
# Failed to write core dump. Minidumps are not enabled by default on client versions of Windows
#

---------------  T H R E A D  ---------------

Current thread (0x000000001555b800):  JavaThread "C2 CompilerThread0" daemon [_thread_in_native, id=301084, stack(0x0000000016ac0000,0x0000000016bc0000)]

Stack: [0x0000000016ac0000,0x0000000016bc0000]
Native frames: (J=compiled Java code, j=interpreted, Vv=VM code, C=native code)
V  [jvm.dll+0x32b4ca]


Current CompileTask:
C2:   1419 1063       4       java.util.HashMap::putVal (300 bytes)


---------------  P R O C E S S  ---------------

Java Threads: ( => current thread )
  0x0000000017039800 JavaThread "pool-2-thread-4" [_thread_in_Java, id=299492, stack(0x0000000017fc0000,0x00000000180c0000)]
  0x0000000017039000 JavaThread "pool-2-thread-3" [_thread_in_Java, id=297484, stack(0x0000000017ec0000,0x0000000017fc0000)]
  0x000000001703e800 JavaThread "pool-2-thread-2" [_thread_in_Java, id=300580, stack(0x0000000017dc0000,0x0000000017ec0000)]
  0x00000000170af000 JavaThread "pool-3-thread-1" [_thread_blocked, id=300572, stack(0x0000000017cc0000,0x0000000017dc0000)]
  0x0000000017091000 JavaThread "pool-2-thread-1" [_thread_in_Java, id=300568, stack(0x0000000017bc0000,0x0000000017cc0000)]
  0x0000000016dee000 JavaThread "Service Thread" daemon [_thread_blocked, id=79892, stack(0x00000000171c0000,0x00000000172c0000)]
  0x00000000155b5000 JavaThread "C1 CompilerThread2" daemon [_thread_in_vm, id=300040, stack(0x0000000016cc0000,0x0000000016dc0000)]
  0x0000000015561800 JavaThread "C2 CompilerThread1" daemon [_thread_in_native, id=300488, stack(0x0000000016bc0000,0x0000000016cc0000)]
=>0x000000001555b800 JavaThread "C2 CompilerThread0" daemon [_thread_in_native, id=301084, stack(0x0000000016ac0000,0x0000000016bc0000)]
  0x0000000015559800 JavaThread "Attach Listener" daemon [_thread_blocked, id=302016, stack(0x00000000169c0000,0x0000000016ac0000)]
  0x0000000015558800 JavaThread "Signal Dispatcher" daemon [_thread_blocked, id=301960, stack(0x00000000168c0000,0x00000000169c0000)]
  0x0000000015529000 JavaThread "Finalizer" daemon [_thread_blocked, id=299780, stack(0x00000000167c0000,0x00000000168c0000)]
  0x0000000002e80800 JavaThread "Reference Handler" daemon [_thread_blocked, id=301980, stack(0x00000000166c0000,0x00000000167c0000)]
  0x0000000002b6e000 JavaThread "main" [_thread_in_Java, id=301856, stack(0x0000000002c90000,0x0000000002d90000)]

Other Threads:
  0x0000000015526800 VMThread [stack: 0x00000000165c0000,0x00000000166c0000] [id=300908]
  0x0000000016def000 WatcherThread [stack: 0x00000000172c0000,0x00000000173c0000] [id=300504]

VM state:not at safepoint (normal execution)

VM Mutex/Monitor currently owned by a thread:  ([mutex/lock_event])
[0x0000000002b6c900] CodeCache_lock - owner thread: 0x00000000155b5000

Heap:
 PSYoungGen      total 18944K, used 12736K [0x00000000eab00000, 0x00000000ec000000, 0x0000000100000000)
  eden space 16384K, 62% used [0x00000000eab00000,0x00000000eb4f1c70,0x00000000ebb00000)
  from space 2560K, 99% used [0x00000000ebd80000,0x00000000ebffe3d8,0x00000000ec000000)
  to   space 2560K, 0% used [0x00000000ebb00000,0x00000000ebb00000,0x00000000ebd80000)
 ParOldGen       total 44032K, used 8344K [0x00000000c0000000, 0x00000000c2b00000, 0x00000000eab00000)
  object space 44032K, 18% used [0x00000000c0000000,0x00000000c0826278,0x00000000c2b00000)
 Metaspace       used 6092K, capacity 7024K, committed 7296K, reserved 1056768K
  class space    used 592K, capacity 616K, committed 640K, reserved 1048576K

Card table byte_map: [0x0000000012250000,0x0000000012460000] byte_map_base: 0x0000000011c50000

Marking Bits: (ParMarkBitMap*) 0x00000000610f4040
 Begin Bits: [0x00000000129c0000, 0x00000000139c0000)
 End Bits:   [0x00000000139c0000, 0x00000000149c0000)

Polling page: 0x0000000002ae0000

CodeCache: size=245760Kb used=4262Kb max_used=4262Kb free=241497Kb
 bounds [0x0000000002e90000, 0x00000000032c0000, 0x0000000011e90000]
 total_blobs=1388 nmethods=1118 adapters=182
 compilation: disabled (not enough contiguous free space left)

Compilation events (10 events):
Event: 1.027 Thread 0x00000000155b5000 1031       3       java.util.TreeMap::get (19 bytes)
Event: 1.027 Thread 0x00000000155b5000 nmethod 1031 0x0000000003251250 code [0x00000000032513c0, 0x0000000003251628]
Event: 1.027 Thread 0x00000000155b5000 1034       3       com.android.dx.util.BitIntSet::merge (148 bytes)
Event: 1.027 Thread 0x0000000015561800 nmethod 1039 0x0000000003250d90 code [0x0000000003250ee0, 0x0000000003251058]
Event: 1.028 Thread 0x00000000155b5000 nmethod 1034 0x00000000032545d0 code [0x0000000003254880, 0x0000000003255a48]
Event: 1.028 Thread 0x00000000155b5000 1047   !   3       com.android.dx.cf.code.Ropper::processBlock (1101 bytes)
Event: 1.029 Thread 0x000000001555b800 1052       4       com.android.dx.rop.code.PlainInsn::<init> (73 bytes)
Event: 1.030 Thread 0x000000001555b800 nmethod 1052 0x00000000032541d0 code [0x0000000003254320, 0x0000000003254458]
Event: 1.031 Thread 0x0000000015561800 1053       4       com.android.dx.ssa.back.LivenessAnalyzer::liveInAtStatement (55 bytes)
Event: 1.036 Thread 0x000000001555b800 1063       4       java.util.HashMap::putVal (300 bytes)

GC Heap History (2 events):
Event: 0.718 GC heap before
{Heap before GC invocations=1 (full 0):
 PSYoungGen      total 18944K, used 16384K [0x00000000eab00000, 0x00000000ec000000, 0x0000000100000000)
  eden space 16384K, 100% used [0x00000000eab00000,0x00000000ebb00000,0x00000000ebb00000)
  from space 2560K, 0% used [0x00000000ebd80000,0x00000000ebd80000,0x00000000ec000000)
  to   space 2560K, 0% used [0x00000000ebb00000,0x00000000ebb00000,0x00000000ebd80000)
 ParOldGen       total 44032K, used 0K [0x00000000c0000000, 0x00000000c2b00000, 0x00000000eab00000)
  object space 44032K, 0% used [0x00000000c0000000,0x00000000c0000000,0x00000000c2b00000)
 Metaspace       used 5487K, capacity 6512K, committed 6784K, reserved 1056768K
  class space    used 587K, capacity 616K, committed 640K, reserved 1048576K
Event: 0.723 GC heap after
Heap after GC invocations=1 (full 0):
 PSYoungGen      total 18944K, used 2535K [0x00000000eab00000, 0x00000000ec000000, 0x0000000100000000)
  eden space 16384K, 0% used [0x00000000eab00000,0x00000000eab00000,0x00000000ebb00000)
  from space 2560K, 99% used [0x00000000ebb00000,0x00000000ebd79c68,0x00000000ebd80000)
  to   space 2560K, 0% used [0x00000000ebd80000,0x00000000ebd80000,0x00000000ec000000)
 ParOldGen       total 44032K, used 917K [0x00000000c0000000, 0x00000000c2b00000, 0x00000000eab00000)
  object space 44032K, 2% used [0x00000000c0000000,0x00000000c00e5470,0x00000000c2b00000)
 Metaspace       used 5487K, capacity 6512K, committed 6784K, reserved 1056768K
  class space    used 587K, capacity 616K, committed 640K, reserved 1048576K
}

Deoptimization events (3 events):
Event: 0.404 Thread 0x0000000002b6e000 Uncommon trap: reason=unstable_if action=reinterpret pc=0x0000000002ff0114 method=java.lang.String.compareTo(Ljava/lang/String;)I @ 38
Event: 0.724 Thread 0x0000000017039000 Uncommon trap: reason=unstable_if action=reinterpret pc=0x00000000030ea13c method=java.util.HashMap.getNode(ILjava/lang/Object;)Ljava/util/HashMap$Node; @ 62
Event: 0.745 Thread 0x000000001703e800 Uncommon trap: reason=unstable_if action=reinterpret pc=0x00000000030fcb70 method=java.util.BitSet.nextSetBit(I)I @ 87

Internal exceptions (2 events):
Event: 0.048 Thread 0x0000000002b6e000 Exception <a 'java/lang/NoSuchMethodError': Method sun.misc.Unsafe.defineClass(Ljava/lang/String;[BII)Ljava/lang/Class; name or signature does not match> (0x00000000eab0d6e0) thrown at [C:\re\workspace\8-2-build-windows-amd64-cygwin\jdk8u51\3951\hotspot\sr×gÖQ/¼¨?
Event: 0.048 Thread 0x0000000002b6e000 Exception <a 'java/lang/NoSuchMethodError': Method sun.misc.Unsafe.prefetchRead(Ljava/lang/Object;J)V name or signature does not match> (0x00000000eab0d970) thrown at [C:\re\workspace\8-2-build-windows-amd64-cygwin\jdk8u51\3951\hotspot\src\share\vm\prims\j

Events (10 events):
Event: 0.795 loading class java/util/HashMap$ValueIterator
Event: 0.795 loading class java/util/HashMap$ValueIterator done
Event: 0.826 loading class com/android/dx/dex/file/FieldAnnotationStruct
Event: 0.826 loading class com/android/dx/dex/file/FieldAnnotationStruct done
Event: 0.832 loading class com/android/dx/cf/code/SwitchList
Event: 0.832 loading class com/android/dx/cf/code/SwitchList done
Event: 0.970 Executing VM operation: ForceSafepoint
Event: 0.971 Executing VM operation: ForceSafepoint done
Event: 1.027 loading class java/util/DualPivotQuicksort
Event: 1.028 loading class java/util/DualPivotQuicksort done


Dynamic libraries:
0x00007ff768400000 - 0x00007ff768437000 	C:\Program Files\Java\jdk1.8.0_51\bin\java.exe
0x00007ff97c400000 - 0x00007ff97c5c1000 	C:\WINDOWS\SYSTEM32\ntdll.dll
0x00007ff97c2f0000 - 0x00007ff97c39d000 	C:\WINDOWS\system32\KERNEL32.DLL
0x00007ff979440000 - 0x00007ff979628000 	C:\WINDOWS\system32\KERNELBASE.dll
0x00007ff979800000 - 0x00007ff9798a7000 	C:\WINDOWS\system32\ADVAPI32.dll
0x00007ff9798b0000 - 0x00007ff97994d000 	C:\WINDOWS\system32\msvcrt.dll
0x00007ff97b1a0000 - 0x00007ff97b1fb000 	C:\WINDOWS\system32\sechost.dll
0x00007ff97b4c0000 - 0x00007ff97b5dc000 	C:\WINDOWS\system32\RPCRT4.dll
0x00007ff97b200000 - 0x00007ff97b356000 	C:\WINDOWS\system32\USER32.dll
0x00007ff9799c0000 - 0x00007ff979b46000 	C:\WINDOWS\system32\GDI32.dll
0x00007ff96d090000 - 0x00007ff96d304000 	C:\WINDOWS\WinSxS\amd64_microsoft.windows.common-controls_6595b64144ccf1df_6.0.10586.0_none_8c15ae12515e1c22\COMCTL32.dll
0x00007ff97c060000 - 0x00007ff97c2dd000 	C:\WINDOWS\system32\combase.dll
0x00007ff9793d0000 - 0x00007ff97943a000 	C:\WINDOWS\system32\bcryptPrimitives.dll
0x00007ff979b50000 - 0x00007ff979b8b000 	C:\WINDOWS\system32\IMM32.DLL
0x000000005fd80000 - 0x000000005fe52000 	C:\Program Files\Java\jdk1.8.0_51\jre\bin\msvcr100.dll
0x00000000608f0000 - 0x0000000061173000 	C:\Program Files\Java\jdk1.8.0_51\jre\bin\server\jvm.dll
0x00007ff97bad0000 - 0x00007ff97bad8000 	C:\WINDOWS\system32\PSAPI.DLL
0x00007ff976f10000 - 0x00007ff976f19000 	C:\WINDOWS\SYSTEM32\WSOCK32.dll
0x00007ff979950000 - 0x00007ff9799bb000 	C:\WINDOWS\system32\WS2_32.dll
0x00007ff976bf0000 - 0x00007ff976c13000 	C:\WINDOWS\SYSTEM32\WINMM.dll
0x00007ff974de0000 - 0x00007ff974dea000 	C:\WINDOWS\SYSTEM32\VERSION.dll
0x0000000002a90000 - 0x0000000002abc000 	C:\WINDOWS\SYSTEM32\WINMMBASE.dll
0x00007ff979380000 - 0x00007ff9793c3000 	C:\WINDOWS\system32\cfgmgr32.dll
0x00000000608e0000 - 0x00000000608ef000 	C:\Program Files\Java\jdk1.8.0_51\jre\bin\verify.dll
0x00000000608b0000 - 0x00000000608d9000 	C:\Program Files\Java\jdk1.8.0_51\jre\bin\java.dll
0x0000000060890000 - 0x00000000608a6000 	C:\Program Files\Java\jdk1.8.0_51\jre\bin\zip.dll
0x00007ff979b90000 - 0x00007ff97b0ec000 	C:\WINDOWS\system32\SHELL32.dll
0x00007ff978b60000 - 0x00007ff9791a4000 	C:\WINDOWS\system32\windows.storage.dll
0x00007ff97b5e0000 - 0x00007ff97b632000 	C:\WINDOWS\system32\shlwapi.dll
0x00007ff978a20000 - 0x00007ff978a2f000 	C:\WINDOWS\system32\kernel.appcore.dll
0x00007ff9796e0000 - 0x00007ff979795000 	C:\WINDOWS\system32\shcore.dll
0x00007ff978a50000 - 0x00007ff978a9b000 	C:\WINDOWS\system32\powrprof.dll
0x00007ff978a30000 - 0x00007ff978a44000 	C:\WINDOWS\system32\profapi.dll

VM Arguments:
jvm_args: -Djava.awt.headless=true -Xmx1024M -Dfile.encoding=windows-1252 -Duser.country=IN -Duser.language=en -Duser.variant 
java_command: com.android.dx.command.Main --dex --force-jumbo --num-threads=4 --multi-dex --output F:\Android_Projects\Brokerapp\app\build\intermediates\transforms\dex\debug\folders\1000\10\com.android.support-appcompat-v7-23.2.1_12ae42356085f49e039440884e32e3a723bce851 F:\Android_Projects\Brokerapp\app\build\intermediates\exploded-aar\com.android.support\appcompat-v7\23.2.1\jars\classes.jar
java_class_path (initial): C:\Users\Ganesh Prasad\AppData\Local\Android\sdk\build-tools\23.0.2\lib\dx.jar
Launcher Type: SUN_STANDARD

Environment Variables:
JAVA_HOME=C:\Program Files\Java\jdk1.8.0_51
PATH=C:\ProgramData\Oracle\Java\javapath;C:\Program Files (x86)\Intel\iCLS Client\;C:\Program Files\Intel\iCLS Client\;C:\Program Files (x86)\AMD APP\bin\x86_64;C:\Program Files (x86)\AMD APP\bin\x86;C:\WINDOWS\system32;C:\WINDOWS;C:\WINDOWS\System32\Wbem;C:\WINDOWS\System32\WindowsPowerShell\v1.0\;C:\Program Files (x86)\ATI Technologies\ATI.ACE\Core-Static;C:\Program Files\Intel\Intel(R) Management Engine Components\DAL;C:\Program Files\Intel\Intel(R) Management Engine Components\IPT;C:\Program Files (x86)\Intel\Intel(R) Management Engine Components\DAL;C:\Program Files (x86)\Intel\Intel(R) Management Engine Components\IPT;\;C:\Program Files (x86)\Sony\VAIO Startup Setting Tool;C:\Program Files (x86)\Brackets\command;C:\Program Files (x86)\Java\jdk1.8.0_45\bin;C:\Program Files\nodejs\;C:\Users\Ganesh Prasad\AppData\Local\GitHub\PortableGit_c7e0cbde92ba565cb218a521411d0e854079a28c\bin;C:\Users\Ganesh Prasad\AppData\Local\GitHub\PortableGit_c7e0cbde92ba565cb218a521411d0e854079a28c\cmd;C:\Program Files (x86)\AMD\ATI.ACE\Core-Static;C:\Users\Ganesh Prasad\AppData\Local\Android\sdk\platform-tools;C:\Users\Ganesh Prasad\Anaconda2;C:\Users\Ganesh Prasad\Anaconda2\Scripts;C:\Users\Ganesh Prasad\Anaconda2\Library\bin;C:\Users\Ganesh Prasad\AppData\Roaming\npm
USERNAME=Ganesh Prasad
OS=Windows_NT
PROCESSOR_IDENTIFIER=Intel64 Family 6 Model 58 Stepping 9, GenuineIntel



---------------  S Y S T E M  ---------------

OS: Windows 10.0 , 64 bit Build 10586 (10.0.10586.0)

CPU:total 4 (2 cores per cpu, 2 threads per core) family 6 model 58 stepping 9, cmov, cx8, fxsr, mmx, sse, sse2, sse3, ssse3, sse4.1, sse4.2, popcnt, avx, clmul, erms, ht, tsc, tscinvbit, tscinv

Memory: 4k page, physical 4140316k(272996k free), swap 5574940k(100k free)

vm_info: Java HotSpot(TM) 64-Bit Server VM (25.51-b03) for windows-amd64 JRE (1.8.0_51-b16), built on Jun  8 2015 18:03:07 by "java_re" with MS VC++ 10.0 (VS2010)

time: Mon Jul 04 18:26:09 2016
elapsed time: 2 seconds (0d 0h 0m 2s)

