#
# There is insufficient memory for the Java Runtime Environment to continue.
# Native memory allocation (malloc) failed to allocate 1897776 bytes for Chunk::new
# Possible reasons:
#   The system is out of physical RAM or swap space
#   In 32 bit mode, the process size limit was hit
# Possible solutions:
#   Reduce memory load on the system
#   Increase physical memory or swap space
#   Check if swap backing store is full
#   Use 64 bit Java on a 64 bit OS
#   Decrease Java heap size (-Xmx/-Xms)
#   Decrease number of Java threads
#   Decrease Java thread stack sizes (-Xss)
#   Set larger code cache with -XX:ReservedCodeCacheSize=
# This output file may be truncated or incomplete.
#
#  Out of Memory Error (allocation.cpp:390), pid=294344, tid=292668
#
# JRE version: Java(TM) SE Runtime Environment (8.0_51-b16) (build 1.8.0_51-b16)
# Java VM: Java HotSpot(TM) 64-Bit Server VM (25.51-b03 mixed mode windows-amd64 compressed oops)
# Failed to write core dump. Minidumps are not enabled by default on client versions of Windows
#

---------------  T H R E A D  ---------------

Current thread (0x0000000015260800):  JavaThread "C2 CompilerThread1" daemon [_thread_in_native, id=292668, stack(0x00000000168b0000,0x00000000169b0000)]

Stack: [0x00000000168b0000,0x00000000169b0000]
Native frames: (J=compiled Java code, j=interpreted, Vv=VM code, C=native code)
V  [jvm.dll+0x32b4ca]
V  [jvm.dll+0x2797e3]
V  [jvm.dll+0x27a479]
V  [jvm.dll+0x271765]
V  [jvm.dll+0xcba02]
V  [jvm.dll+0xcbecc]
V  [jvm.dll+0x492a7c]
V  [jvm.dll+0x45f7bf]
V  [jvm.dll+0x46a7cb]
V  [jvm.dll+0x46cde2]
V  [jvm.dll+0x4501a2]
V  [jvm.dll+0xa43a2]
V  [jvm.dll+0xa4cdf]
V  [jvm.dll+0x2418a4]
V  [jvm.dll+0x29846a]
C  [msvcr100.dll+0x21d9f]
C  [msvcr100.dll+0x21e3b]
C  [KERNEL32.DLL+0x18102]
C  [ntdll.dll+0x5c5b4]


Current CompileTask:
C2:  12840 1443   !   4       com.android.dx.cf.cst.ConstantPoolParser::parse0 (731 bytes)


---------------  P R O C E S S  ---------------

Java Threads: ( => current thread )
  0x0000000016d49000 JavaThread "pool-2-thread-4" [_thread_in_Java, id=292252, stack(0x0000000017cb0000,0x0000000017db0000)]
  0x0000000016d48800 JavaThread "pool-2-thread-3" [_thread_in_Java, id=294672, stack(0x0000000017bb0000,0x0000000017cb0000)]
  0x0000000016d44800 JavaThread "pool-2-thread-2" [_thread_in_Java, id=292484, stack(0x0000000017ab0000,0x0000000017bb0000)]
  0x0000000016d43800 JavaThread "pool-3-thread-1" [_thread_blocked, id=292480, stack(0x00000000179b0000,0x0000000017ab0000)]
  0x0000000016d77000 JavaThread "pool-2-thread-1" [_thread_in_Java, id=259824, stack(0x00000000178b0000,0x00000000179b0000)]
  0x0000000016ab5800 JavaThread "Service Thread" daemon [_thread_blocked, id=293644, stack(0x0000000016eb0000,0x0000000016fb0000)]
  0x00000000152bc800 JavaThread "C1 CompilerThread2" daemon [_thread_blocked, id=283340, stack(0x00000000169b0000,0x0000000016ab0000)]
=>0x0000000015260800 JavaThread "C2 CompilerThread1" daemon [_thread_in_native, id=292668, stack(0x00000000168b0000,0x00000000169b0000)]
  0x000000001525a800 JavaThread "C2 CompilerThread0" daemon [_thread_in_native, id=292872, stack(0x00000000167b0000,0x00000000168b0000)]
  0x0000000015258800 JavaThread "Attach Listener" daemon [_thread_blocked, id=214836, stack(0x00000000166b0000,0x00000000167b0000)]
  0x0000000015257000 JavaThread "Signal Dispatcher" daemon [_thread_blocked, id=260396, stack(0x00000000165b0000,0x00000000166b0000)]
  0x0000000002b80800 JavaThread "Finalizer" daemon [_thread_blocked, id=294636, stack(0x00000000164b0000,0x00000000165b0000)]
  0x0000000002b7d800 JavaThread "Reference Handler" daemon [_thread_blocked, id=197664, stack(0x00000000163b0000,0x00000000164b0000)]
  0x0000000002a5e000 JavaThread "main" [_thread_in_native, id=246108, stack(0x0000000002940000,0x0000000002a40000)]

Other Threads:
  0x0000000015227800 VMThread [stack: 0x00000000162b0000,0x00000000163b0000] [id=293316]
  0x0000000016ab7000 WatcherThread [stack: 0x0000000016fb0000,0x00000000170b0000] [id=293488]

VM state:not at safepoint (normal execution)

VM Mutex/Monitor currently owned by a thread: None

Heap:
 PSYoungGen      total 35328K, used 23774K [0x00000000eab00000, 0x00000000ed000000, 0x0000000100000000)
  eden space 32768K, 64% used [0x00000000eab00000,0x00000000ebfbe1a0,0x00000000ecb00000)
  from space 2560K, 98% used [0x00000000ecd80000,0x00000000ecff9918,0x00000000ed000000)
  to   space 2560K, 0% used [0x00000000ecb00000,0x00000000ecb00000,0x00000000ecd80000)
 ParOldGen       total 44032K, used 28493K [0x00000000c0000000, 0x00000000c2b00000, 0x00000000eab00000)
  object space 44032K, 64% used [0x00000000c0000000,0x00000000c1bd3648,0x00000000c2b00000)
 Metaspace       used 6355K, capacity 7192K, committed 7424K, reserved 1056768K
  class space    used 613K, capacity 656K, committed 768K, reserved 1048576K

Card table byte_map: [0x0000000011f50000,0x0000000012160000] byte_map_base: 0x0000000011950000

Marking Bits: (ParMarkBitMap*) 0x000000006c134040
 Begin Bits: [0x00000000126c0000, 0x00000000136c0000)
 End Bits:   [0x00000000136c0000, 0x00000000146c0000)

Polling page: 0x0000000000e60000

CodeCache: size=245760Kb used=7153Kb max_used=7153Kb free=238606Kb
 bounds [0x0000000002b90000, 0x00000000032a0000, 0x0000000011b90000]
 total_blobs=2045 nmethods=1774 adapters=182
 compilation: enabled

Compilation events (10 events):
Event: 11.592 Thread 0x00000000152bc800 1543       3       com.android.dx.rop.code.InsnList::contentEquals (54 bytes)
Event: 11.593 Thread 0x00000000152bc800 nmethod 1543 0x00000000031b5e10 code [0x00000000031b5fe0, 0x00000000031b6a88]
Event: 11.593 Thread 0x00000000152bc800 1544       3       com.android.dx.rop.code.SourcePosition::equals (46 bytes)
Event: 11.593 Thread 0x00000000152bc800 nmethod 1544 0x00000000031b6dd0 code [0x00000000031b6f60, 0x00000000031b7488]
Event: 11.596 Thread 0x00000000152bc800 1545   !   3       com.android.dx.cf.code.Merger::mergeStack (192 bytes)
Event: 11.599 Thread 0x00000000152bc800 nmethod 1545 0x00000000031b7590 code [0x00000000031b7920, 0x00000000031b9918]
Event: 11.599 Thread 0x00000000152bc800 1546       3       com.android.dx.cf.code.Frame::mergeSubroutineLists (90 bytes)
Event: 11.599 Thread 0x00000000152bc800 nmethod 1546 0x00000000031bab10 code [0x00000000031bace0, 0x00000000031bb5c8]
Event: 11.607 Thread 0x00000000152bc800 1547       3       com.android.dx.cf.code.Merger::mergeLocals (122 bytes)
Event: 11.609 Thread 0x00000000152bc800 nmethod 1547 0x00000000031bb8d0 code [0x00000000031bbb40, 0x00000000031bcc48]

GC Heap History (5 events):
Event: 9.427 GC heap before
{Heap before GC invocations=1 (full 0):
 PSYoungGen      total 18944K, used 16384K [0x00000000eab00000, 0x00000000ec000000, 0x0000000100000000)
  eden space 16384K, 100% used [0x00000000eab00000,0x00000000ebb00000,0x00000000ebb00000)
  from space 2560K, 0% used [0x00000000ebd80000,0x00000000ebd80000,0x00000000ec000000)
  to   space 2560K, 0% used [0x00000000ebb00000,0x00000000ebb00000,0x00000000ebd80000)
 ParOldGen       total 44032K, used 0K [0x00000000c0000000, 0x00000000c2b00000, 0x00000000eab00000)
  object space 44032K, 0% used [0x00000000c0000000,0x00000000c0000000,0x00000000c2b00000)
 Metaspace       used 5479K, capacity 6512K, committed 6784K, reserved 1056768K
  class space    used 587K, capacity 616K, committed 640K, reserved 1048576K
Event: 9.464 GC heap after
Heap after GC invocations=1 (full 0):
 PSYoungGen      total 18944K, used 2554K [0x00000000eab00000, 0x00000000ec000000, 0x0000000100000000)
  eden space 16384K, 0% used [0x00000000eab00000,0x00000000eab00000,0x00000000ebb00000)
  from space 2560K, 99% used [0x00000000ebb00000,0x00000000ebd7ea98,0x00000000ebd80000)
  to   space 2560K, 0% used [0x00000000ebd80000,0x00000000ebd80000,0x00000000ec000000)
 ParOldGen       total 44032K, used 926K [0x00000000c0000000, 0x00000000c2b00000, 0x00000000eab00000)
  object space 44032K, 2% used [0x00000000c0000000,0x00000000c00e7948,0x00000000c2b00000)
 Metaspace       used 5479K, capacity 6512K, committed 6784K, reserved 1056768K
  class space    used 587K, capacity 616K, committed 640K, reserved 1048576K
}
Event: 10.716 GC heap before
{Heap before GC invocations=2 (full 0):
 PSYoungGen      total 18944K, used 18938K [0x00000000eab00000, 0x00000000ec000000, 0x0000000100000000)
  eden space 16384K, 100% used [0x00000000eab00000,0x00000000ebb00000,0x00000000ebb00000)
  from space 2560K, 99% used [0x00000000ebb00000,0x00000000ebd7ea98,0x00000000ebd80000)
  to   space 2560K, 0% used [0x00000000ebd80000,0x00000000ebd80000,0x00000000ec000000)
 ParOldGen       total 44032K, used 926K [0x00000000c0000000, 0x00000000c2b00000, 0x00000000eab00000)
  object space 44032K, 2% used [0x00000000c0000000,0x00000000c00e7948,0x00000000c2b00000)
 Metaspace       used 6006K, capacity 6960K, committed 7040K, reserved 1056768K
  class space    used 592K, capacity 616K, committed 640K, reserved 1048576K
Event: 10.902 GC heap after
Heap after GC invocations=2 (full 0):
 PSYoungGen      total 18944K, used 2535K [0x00000000eab00000, 0x00000000ed000000, 0x0000000100000000)
  eden space 16384K, 0% used [0x00000000eab00000,0x00000000eab00000,0x00000000ebb00000)
  from space 2560K, 99% used [0x00000000ebd80000,0x00000000ebff9c88,0x00000000ec000000)
  to   space 2560K, 0% used [0x00000000ebb00000,0x00000000ebb00000,0x00000000ebd80000)
 ParOldGen       total 44032K, used 2500K [0x00000000c0000000, 0x00000000c2b00000, 0x00000000eab00000)
  object space 44032K, 5% used [0x00000000c0000000,0x00000000c0271090,0x00000000c2b00000)
 Metaspace       used 6006K, capacity 6960K, committed 7040K, reserved 1056768K
  class space    used 592K, capacity 616K, committed 640K, reserved 1048576K
}
Event: 11.715 GC heap before
{Heap before GC invocations=3 (full 0):
 PSYoungGen      total 18944K, used 18919K [0x00000000eab00000, 0x00000000ed000000, 0x0000000100000000)
  eden space 16384K, 100% used [0x00000000eab00000,0x00000000ebb00000,0x00000000ebb00000)
  from space 2560K, 99% used [0x00000000ebd80000,0x00000000ebff9c88,0x00000000ec000000)
  to   space 2560K, 0% used [0x00000000ebb00000,0x00000000ebb00000,0x00000000ebd80000)
 ParOldGen       total 44032K, used 2500K [0x00000000c0000000, 0x00000000c2b00000, 0x00000000eab00000)
  object space 44032K, 5% used [0x00000000c0000000,0x00000000c0271090,0x00000000c2b00000)
 Metaspace       used 6146K, capacity 7088K, committed 7296K, reserved 1056768K
  class space    used 592K, capacity 616K, committed 640K, reserved 1048576K

Deoptimization events (7 events):
Event: 6.457 Thread 0x0000000002a5e000 Uncommon trap: reason=unstable_if action=reinterpret pc=0x0000000002d066d4 method=java.lang.String.compareTo(Ljava/lang/String;)I @ 38
Event: 10.011 Thread 0x0000000002a5e000 Uncommon trap: reason=unstable_if action=reinterpret pc=0x0000000002f120e0 method=com.android.dx.rop.code.RegisterSpec.equals(ILcom/android/dx/rop/type/TypeBearer;Lcom/android/dx/rop/code/LocalItem;)Z @ 42
Event: 10.607 Thread 0x0000000016d48800 Uncommon trap: reason=unstable_if action=reinterpret pc=0x0000000002f0f92c method=com.android.dx.rop.code.RegisterSpecSet.put(Lcom/android/dx/rop/code/RegisterSpec;)V @ 77
Event: 10.607 Thread 0x0000000016d48800 Uncommon trap: reason=unstable_if action=reinterpret pc=0x0000000002faa4ec method=com.android.dx.rop.code.RegisterSpecSet.put(Lcom/android/dx/rop/code/RegisterSpec;)V @ 77
Event: 11.244 Thread 0x0000000016d77000 Uncommon trap: reason=unstable_if action=reinterpret pc=0x00000000030dd004 method=com.android.dx.ssa.SCCP.simulateBranch(Lcom/android/dx/ssa/SsaInsn;)V @ 107
Event: 11.537 Thread 0x0000000016d49000 Uncommon trap: reason=bimorphic action=maybe_recompile pc=0x00000000030c6c5c method=com.android.dx.cf.code.BytecodeArray.parseInstruction(ILcom/android/dx/cf/code/BytecodeArray$Visitor;)I @ 2484
Event: 11.538 Thread 0x0000000016d49000 Uncommon trap: reason=bimorphic action=maybe_recompile pc=0x00000000030c6c5c method=com.android.dx.cf.code.BytecodeArray.parseInstruction(ILcom/android/dx/cf/code/BytecodeArray$Visitor;)I @ 2484

Internal exceptions (2 events):
Event: 1.369 Thread 0x0000000002a5e000 Exception <a 'java/lang/NoSuchMethodError': Method sun.misc.Unsafe.defineClass(Ljava/lang/String;[BII)Ljava/lang/Class; name or signature does not match> (0x00000000eab0d9d8) thrown at [C:\re\workspace\8-2-build-windows-amd64-cygwin\jdk8u51\3951\hotspot\sr,4M¢èõ?
Event: 1.369 Thread 0x0000000002a5e000 Exception <a 'java/lang/NoSuchMethodError': Method sun.misc.Unsafe.prefetchRead(Ljava/lang/Object;J)V name or signature does not match> (0x00000000eab0dc68) thrown at [C:\re\workspace\8-2-build-windows-amd64-cygwin\jdk8u51\3951\hotspot\src\share\vm\prims\j

Events (10 events):
Event: 11.244 Thread 0x0000000016d77000 DEOPT UNPACKING pc=0x0000000002bd582a sp=0x00000000179ae848 mode 2
Event: 11.346 loading class com/android/dx/cf/attrib/AttExceptions
Event: 11.346 loading class com/android/dx/cf/attrib/AttExceptions done
Event: 11.537 Thread 0x0000000016d49000 Uncommon trap: trap_request=0xffffffc6 fr.pc=0x00000000030c6c5c
Event: 11.537 Thread 0x0000000016d49000 DEOPT PACKING pc=0x00000000030c6c5c sp=0x0000000017daeb00
Event: 11.537 Thread 0x0000000016d49000 DEOPT UNPACKING pc=0x0000000002bd582a sp=0x0000000017daea88 mode 2
Event: 11.538 Thread 0x0000000016d49000 Uncommon trap: trap_request=0xffffffc6 fr.pc=0x00000000030c6c5c
Event: 11.538 Thread 0x0000000016d49000 DEOPT PACKING pc=0x00000000030c6c5c sp=0x0000000017dae8c0
Event: 11.538 Thread 0x0000000016d49000 DEOPT UNPACKING pc=0x0000000002bd582a sp=0x0000000017dae848 mode 2
Event: 11.611 Executing VM operation: ParallelGCFailedAllocation


Dynamic libraries:
0x00007ff6ce3d0000 - 0x00007ff6ce407000 	C:\Program Files\Java\jdk1.8.0_51\bin\java.exe
0x00007ffa5a480000 - 0x00007ffa5a641000 	C:\WINDOWS\SYSTEM32\ntdll.dll
0x00007ffa578e0000 - 0x00007ffa5798d000 	C:\WINDOWS\system32\KERNEL32.DLL
0x00007ffa57570000 - 0x00007ffa57758000 	C:\WINDOWS\system32\KERNELBASE.dll
0x00007ffa5a3d0000 - 0x00007ffa5a477000 	C:\WINDOWS\system32\ADVAPI32.dll
0x00007ffa59690000 - 0x00007ffa5972d000 	C:\WINDOWS\system32\msvcrt.dll
0x00007ffa59ad0000 - 0x00007ffa59b2b000 	C:\WINDOWS\system32\sechost.dll
0x00007ffa59070000 - 0x00007ffa5918c000 	C:\WINDOWS\system32\RPCRT4.dll
0x00007ffa59970000 - 0x00007ffa59ac6000 	C:\WINDOWS\system32\USER32.dll
0x00007ffa59f30000 - 0x00007ffa5a0b6000 	C:\WINDOWS\system32\GDI32.dll
0x00007ffa4a960000 - 0x00007ffa4abd4000 	C:\WINDOWS\WinSxS\amd64_microsoft.windows.common-controls_6595b64144ccf1df_6.0.10586.494_none_a2d8b04ea53e3145\COMCTL32.dll
0x00007ffa59b30000 - 0x00007ffa59dad000 	C:\WINDOWS\system32\combase.dll
0x00007ffa56e90000 - 0x00007ffa56efa000 	C:\WINDOWS\system32\bcryptPrimitives.dll
0x00007ffa59620000 - 0x00007ffa5965b000 	C:\WINDOWS\system32\IMM32.DLL
0x000000006b400000 - 0x000000006b4d2000 	C:\Program Files\Java\jdk1.8.0_51\jre\bin\msvcr100.dll
0x000000006b930000 - 0x000000006c1b3000 	C:\Program Files\Java\jdk1.8.0_51\jre\bin\server\jvm.dll
0x00007ffa59660000 - 0x00007ffa59668000 	C:\WINDOWS\system32\PSAPI.DLL
0x00007ffa4c820000 - 0x00007ffa4c829000 	C:\WINDOWS\SYSTEM32\WSOCK32.dll
0x00007ffa59900000 - 0x00007ffa5996b000 	C:\WINDOWS\system32\WS2_32.dll
0x00007ffa54f70000 - 0x00007ffa54f93000 	C:\WINDOWS\SYSTEM32\WINMM.dll
0x00007ffa50900000 - 0x00007ffa5090a000 	C:\WINDOWS\SYSTEM32\VERSION.dll
0x00007ffa54f10000 - 0x00007ffa54f3c000 	C:\WINDOWS\SYSTEM32\WINMMBASE.dll
0x00007ffa56c70000 - 0x00007ffa56cb3000 	C:\WINDOWS\system32\cfgmgr32.dll
0x000000006c800000 - 0x000000006c80f000 	C:\Program Files\Java\jdk1.8.0_51\jre\bin\verify.dll
0x000000006b820000 - 0x000000006b849000 	C:\Program Files\Java\jdk1.8.0_51\jre\bin\java.dll
0x000000006c7e0000 - 0x000000006c7f6000 	C:\Program Files\Java\jdk1.8.0_51\jre\bin\zip.dll
0x00007ffa57a60000 - 0x00007ffa58fbc000 	C:\WINDOWS\system32\SHELL32.dll
0x00007ffa56f20000 - 0x00007ffa57565000 	C:\WINDOWS\system32\windows.storage.dll
0x00007ffa57880000 - 0x00007ffa578d2000 	C:\WINDOWS\system32\shlwapi.dll
0x00007ffa56ab0000 - 0x00007ffa56abf000 	C:\WINDOWS\system32\kernel.appcore.dll
0x00007ffa57760000 - 0x00007ffa57815000 	C:\WINDOWS\system32\shcore.dll
0x00007ffa56ac0000 - 0x00007ffa56b0b000 	C:\WINDOWS\system32\powrprof.dll
0x00007ffa56b10000 - 0x00007ffa56b24000 	C:\WINDOWS\system32\profapi.dll
0x00007ffa472b0000 - 0x00007ffa4743c000 	C:\WINDOWS\SYSTEM32\dbghelp.dll

VM Arguments:
jvm_args: -Djava.awt.headless=true -Xmx1024M -Dfile.encoding=windows-1252 -Duser.country=IN -Duser.language=en -Duser.variant 
java_command: com.android.dx.command.Main --dex --force-jumbo --num-threads=4 --multi-dex --output F:\Android_Projects\Brokerapp\app\build\intermediates\transforms\dex\debug\folders\1000\10\com.android.support-appcompat-v7-23.3.0_8c3a7cbe122c438e22c3cbeb75175bf2c285b8f9 F:\Android_Projects\Brokerapp\app\build\intermediates\exploded-aar\com.android.support\appcompat-v7\23.3.0\jars\classes.jar
java_class_path (initial): C:\Users\Ganesh Prasad\AppData\Local\Android\sdk\build-tools\23.0.2\lib\dx.jar
Launcher Type: SUN_STANDARD

Environment Variables:
JAVA_HOME=C:\Program Files\Java\jdk1.8.0_51
PATH=C:\ProgramData\Oracle\Java\javapath;C:\Program Files (x86)\Intel\iCLS Client\;C:\Program Files\Intel\iCLS Client\;C:\Program Files (x86)\AMD APP\bin\x86_64;C:\Program Files (x86)\AMD APP\bin\x86;C:\WINDOWS\system32;C:\WINDOWS;C:\WINDOWS\System32\Wbem;C:\WINDOWS\System32\WindowsPowerShell\v1.0\;C:\Program Files (x86)\ATI Technologies\ATI.ACE\Core-Static;C:\Program Files\Intel\Intel(R) Management Engine Components\DAL;C:\Program Files\Intel\Intel(R) Management Engine Components\IPT;C:\Program Files (x86)\Intel\Intel(R) Management Engine Components\DAL;C:\Program Files (x86)\Intel\Intel(R) Management Engine Components\IPT;\;C:\Program Files (x86)\Sony\VAIO Startup Setting Tool;C:\Program Files (x86)\Brackets\command;C:\Program Files (x86)\Java\jdk1.8.0_45\bin;C:\Program Files\nodejs\;C:\Users\Ganesh Prasad\AppData\Local\GitHub\PortableGit_c7e0cbde92ba565cb218a521411d0e854079a28c\bin;C:\Users\Ganesh Prasad\AppData\Local\GitHub\PortableGit_c7e0cbde92ba565cb218a521411d0e854079a28c\cmd;C:\Program Files (x86)\AMD\ATI.ACE\Core-Static;C:\Users\Ganesh Prasad\AppData\Local\Android\sdk\platform-tools;C:\Users\Ganesh Prasad\Anaconda2;C:\Users\Ganesh Prasad\Anaconda2\Scripts;C:\Users\Ganesh Prasad\Anaconda2\Library\bin;C:\Users\Ganesh Prasad\AppData\Roaming\npm
USERNAME=Ganesh Prasad
OS=Windows_NT
PROCESSOR_IDENTIFIER=Intel64 Family 6 Model 58 Stepping 9, GenuineIntel



---------------  S Y S T E M  ---------------

OS: Windows 10.0 , 64 bit Build 10586 (10.0.10586.0)

CPU:total 4 (2 cores per cpu, 2 threads per core) family 6 model 58 stepping 9, cmov, cx8, fxsr, mmx, sse, sse2, sse3, ssse3, sse4.1, sse4.2, popcnt, avx, clmul, erms, ht, tsc, tscinvbit, tscinv

Memory: 4k page, physical 4140316k(155800k free), swap 5574940k(1244k free)

vm_info: Java HotSpot(TM) 64-Bit Server VM (25.51-b03) for windows-amd64 JRE (1.8.0_51-b16), built on Jun  8 2015 18:03:07 by "java_re" with MS VC++ 10.0 (VS2010)

time: Sun Jul 24 13:40:38 2016
elapsed time: 13 seconds (0d 0h 0m 13s)

