#
# There is insufficient memory for the Java Runtime Environment to continue.
# Native memory allocation (malloc) failed to allocate 182896 bytes for Chunk::new
# Possible reasons:
#   The system is out of physical RAM or swap space
#   In 32 bit mode, the process size limit was hit
# Possible solutions:
#   Reduce memory load on the system
#   Increase physical memory or swap space
#   Check if swap backing store is full
#   Use 64 bit Java on a 64 bit OS
#   Decrease Java heap size (-Xmx/-Xms)
#   Decrease number of Java threads
#   Decrease Java thread stack sizes (-Xss)
#   Set larger code cache with -XX:ReservedCodeCacheSize=
# This output file may be truncated or incomplete.
#
#  Out of Memory Error (allocation.cpp:390), pid=291892, tid=292548
#
# JRE version: Java(TM) SE Runtime Environment (8.0_51-b16) (build 1.8.0_51-b16)
# Java VM: Java HotSpot(TM) 64-Bit Server VM (25.51-b03 mixed mode windows-amd64 compressed oops)
# Failed to write core dump. Minidumps are not enabled by default on client versions of Windows
#

---------------  T H R E A D  ---------------

Current thread (0x000000001538a000):  JavaThread "C2 CompilerThread0" daemon [_thread_in_native, id=292548, stack(0x00000000168f0000,0x00000000169f0000)]

Stack: [0x00000000168f0000,0x00000000169f0000]
Native frames: (J=compiled Java code, j=interpreted, Vv=VM code, C=native code)
V  [jvm.dll+0x32b4ca]
V  [jvm.dll+0x2797e3]
V  [jvm.dll+0x27a479]
V  [jvm.dll+0x271765]
V  [jvm.dll+0xcba02]
V  [jvm.dll+0xcbecc]
V  [jvm.dll+0x492a7c]
V  [jvm.dll+0x45f7bf]
V  [jvm.dll+0x46a7cb]
V  [jvm.dll+0x46cde2]
V  [jvm.dll+0x4501a2]
V  [jvm.dll+0xa43a2]
V  [jvm.dll+0xa4cdf]
V  [jvm.dll+0x2418a4]
V  [jvm.dll+0x29846a]
C  [msvcr100.dll+0x21d9f]
C  [msvcr100.dll+0x21e3b]
C  [KERNEL32.DLL+0x18102]
C  [ntdll.dll+0x5c5b4]


Current CompileTask:
C2:   3012  993       4       com.android.dx.ssa.NormalSsaInsn::mapSourceRegisters (48 bytes)


---------------  P R O C E S S  ---------------

Java Threads: ( => current thread )
  0x0000000016e36800 JavaThread "pool-2-thread-4" [_thread_in_Java, id=292796, stack(0x00000000175f0000,0x00000000176f0000)]
  0x0000000016d62000 JavaThread "pool-2-thread-2" [_thread_in_Java, id=292016, stack(0x00000000173f0000,0x00000000174f0000)]
  0x0000000016d5c000 JavaThread "pool-3-thread-1" [_thread_blocked, id=292820, stack(0x00000000172f0000,0x00000000173f0000)]
  0x0000000016d5b800 JavaThread "pool-2-thread-1" [_thread_in_Java, id=288748, stack(0x00000000171f0000,0x00000000172f0000)]
  0x0000000016bf6000 JavaThread "Service Thread" daemon [_thread_blocked, id=292728, stack(0x0000000016ff0000,0x00000000170f0000)]
  0x00000000153ed000 JavaThread "C1 CompilerThread2" daemon [_thread_blocked, id=292392, stack(0x0000000016af0000,0x0000000016bf0000)]
  0x0000000015391000 JavaThread "C2 CompilerThread1" daemon [_thread_blocked, id=292608, stack(0x00000000169f0000,0x0000000016af0000)]
=>0x000000001538a000 JavaThread "C2 CompilerThread0" daemon [_thread_in_native, id=292548, stack(0x00000000168f0000,0x00000000169f0000)]
  0x0000000015388800 JavaThread "Attach Listener" daemon [_thread_blocked, id=292616, stack(0x00000000167f0000,0x00000000168f0000)]
  0x0000000015387000 JavaThread "Signal Dispatcher" daemon [_thread_blocked, id=292276, stack(0x00000000166f0000,0x00000000167f0000)]
  0x0000000002cb1000 JavaThread "Finalizer" daemon [_thread_blocked, id=292632, stack(0x00000000165f0000,0x00000000166f0000)]
  0x0000000015359800 JavaThread "Reference Handler" daemon [_thread_blocked, id=292688, stack(0x00000000164f0000,0x00000000165f0000)]
  0x0000000002abe000 JavaThread "main" [_thread_blocked, id=292252, stack(0x0000000002ac0000,0x0000000002bc0000)]

Other Threads:
  0x0000000015357000 VMThread [stack: 0x00000000163f0000,0x00000000164f0000] [id=292304]
  0x0000000016bf7800 WatcherThread [stack: 0x00000000170f0000,0x00000000171f0000] [id=292732]

VM state:not at safepoint (normal execution)

VM Mutex/Monitor currently owned by a thread: None

Heap:
 PSYoungGen      total 18944K, used 17070K [0x00000000eab00000, 0x00000000ec000000, 0x0000000100000000)
  eden space 16384K, 88% used [0x00000000eab00000,0x00000000eb930750,0x00000000ebb00000)
  from space 2560K, 99% used [0x00000000ebb00000,0x00000000ebd7b488,0x00000000ebd80000)
  to   space 2560K, 0% used [0x00000000ebd80000,0x00000000ebd80000,0x00000000ec000000)
 ParOldGen       total 44032K, used 1941K [0x00000000c0000000, 0x00000000c2b00000, 0x00000000eab00000)
  object space 44032K, 4% used [0x00000000c0000000,0x00000000c01e56f0,0x00000000c2b00000)
 Metaspace       used 5862K, capacity 6896K, committed 7040K, reserved 1056768K
  class space    used 593K, capacity 616K, committed 640K, reserved 1048576K

Card table byte_map: [0x0000000012080000,0x0000000012290000] byte_map_base: 0x0000000011a80000

Marking Bits: (ParMarkBitMap*) 0x00000000610f4040
 Begin Bits: [0x00000000127f0000, 0x00000000137f0000)
 End Bits:   [0x00000000137f0000, 0x00000000147f0000)

Polling page: 0x00000000010c0000

CodeCache: size=245760Kb used=4338Kb max_used=4350Kb free=241422Kb
 bounds [0x0000000002cc0000, 0x0000000003110000, 0x0000000011cc0000]
 total_blobs=1334 nmethods=1064 adapters=182
 compilation: disabled (not enough contiguous free space left)

Compilation events (10 events):
Event: 2.803 Thread 0x00000000153ed000 nmethod 1014 0x00000000030bdb10 code [0x00000000030bdc60, 0x00000000030bddb0]
Event: 2.803 Thread 0x00000000153ed000 1020       3       com.android.dx.cf.code.BaseMachine::popArgs (72 bytes)
Event: 2.804 Thread 0x0000000015391000 nmethod 1004 0x00000000030bfad0 code [0x00000000030bfc60, 0x00000000030c01b8]
Event: 2.804 Thread 0x0000000015391000 1006       4       java.util.HashMap::putVal (300 bytes)
Event: 2.804 Thread 0x00000000153ed000 nmethod 1020 0x00000000030be390 code [0x00000000030be600, 0x00000000030bf3e8]
Event: 2.804 Thread 0x00000000153ed000 1018       3       com.android.dx.rop.cst.CstFieldRef::getType (8 bytes)
Event: 2.804 Thread 0x00000000153ed000 nmethod 1018 0x00000000030bd4d0 code [0x00000000030bd640, 0x00000000030bd9e8]
Event: 2.804 Thread 0x00000000153ed000 1019       3       com.android.dx.rop.cst.CstNat::getFieldType (11 bytes)
Event: 2.805 Thread 0x00000000153ed000 nmethod 1019 0x00000000030bdf50 code [0x00000000030be0c0, 0x00000000030be2e8]
Event: 2.805 Thread 0x00000000153ed000 1021       3       com.android.dx.cf.code.Simulator$SimVisitor::visitNoArgs (2108 bytes)

GC Heap History (2 events):
Event: 2.525 GC heap before
{Heap before GC invocations=1 (full 0):
 PSYoungGen      total 18944K, used 16384K [0x00000000eab00000, 0x00000000ec000000, 0x0000000100000000)
  eden space 16384K, 100% used [0x00000000eab00000,0x00000000ebb00000,0x00000000ebb00000)
  from space 2560K, 0% used [0x00000000ebd80000,0x00000000ebd80000,0x00000000ec000000)
  to   space 2560K, 0% used [0x00000000ebb00000,0x00000000ebb00000,0x00000000ebd80000)
 ParOldGen       total 44032K, used 0K [0x00000000c0000000, 0x00000000c2b00000, 0x00000000eab00000)
  object space 44032K, 0% used [0x00000000c0000000,0x00000000c0000000,0x00000000c2b00000)
 Metaspace       used 5768K, capacity 6832K, committed 7040K, reserved 1056768K
  class space    used 590K, capacity 616K, committed 640K, reserved 1048576K
Event: 2.735 GC heap after
Heap after GC invocations=1 (full 0):
 PSYoungGen      total 18944K, used 2541K [0x00000000eab00000, 0x00000000ec000000, 0x0000000100000000)
  eden space 16384K, 0% used [0x00000000eab00000,0x00000000eab00000,0x00000000ebb00000)
  from space 2560K, 99% used [0x00000000ebb00000,0x00000000ebd7b488,0x00000000ebd80000)
  to   space 2560K, 0% used [0x00000000ebd80000,0x00000000ebd80000,0x00000000ec000000)
 ParOldGen       total 44032K, used 1941K [0x00000000c0000000, 0x00000000c2b00000, 0x00000000eab00000)
  object space 44032K, 4% used [0x00000000c0000000,0x00000000c01e56f0,0x00000000c2b00000)
 Metaspace       used 5768K, capacity 6832K, committed 7040K, reserved 1056768K
  class space    used 590K, capacity 616K, committed 640K, reserved 1048576K
}

Deoptimization events (2 events):
Event: 1.379 Thread 0x0000000002abe000 Uncommon trap: reason=unstable_if action=reinterpret pc=0x0000000002efb2f0 method=java.util.HashMap.getNode(ILjava/lang/Object;)Ljava/util/HashMap$Node; @ 62
Event: 2.809 Thread 0x0000000016d5b800 Uncommon trap: reason=unstable_if action=reinterpret pc=0x0000000002fe795c method=com.android.dx.rop.cst.Constant.compareTo(Lcom/android/dx/rop/cst/Constant;)I @ 12

Internal exceptions (2 events):
Event: 0.060 Thread 0x0000000002abe000 Exception <a 'java/lang/NoSuchMethodError': Method sun.misc.Unsafe.defineClass(Ljava/lang/String;[BII)Ljava/lang/Class; name or signature does not match> (0x00000000eab0da08) thrown at [C:\re\workspace\8-2-build-windows-amd64-cygwin\jdk8u51\3951\hotspot\sr#äÅr”‹Æ?
Event: 0.060 Thread 0x0000000002abe000 Exception <a 'java/lang/NoSuchMethodError': Method sun.misc.Unsafe.prefetchRead(Ljava/lang/Object;J)V name or signature does not match> (0x00000000eab0dc98) thrown at [C:\re\workspace\8-2-build-windows-amd64-cygwin\jdk8u51\3951\hotspot\src\share\vm\prims\j

Events (10 events):
Event: 2.111 loading class java/util/ArrayList$1 done
Event: 2.245 Executing VM operation: ParallelGCFailedAllocation
Event: 2.736 Executing VM operation: ParallelGCFailedAllocation done
Event: 2.782 loading class java/util/HashMap$KeySet
Event: 2.782 loading class java/util/HashMap$KeySet done
Event: 2.782 loading class java/util/HashMap$KeyIterator
Event: 2.782 loading class java/util/HashMap$KeyIterator done
Event: 2.809 Thread 0x0000000016d5b800 Uncommon trap: trap_request=0xffffff65 fr.pc=0x0000000002fe795c
Event: 2.809 Thread 0x0000000016d5b800 DEOPT PACKING pc=0x0000000002fe795c sp=0x00000000172ee4c0
Event: 2.809 Thread 0x0000000016d5b800 DEOPT UNPACKING pc=0x0000000002d0582a sp=0x00000000172ee460 mode 2


Dynamic libraries:
0x00007ff768400000 - 0x00007ff768437000 	C:\Program Files\Java\jdk1.8.0_51\bin\java.exe
0x00007ff97c400000 - 0x00007ff97c5c1000 	C:\WINDOWS\SYSTEM32\ntdll.dll
0x00007ff97c2f0000 - 0x00007ff97c39d000 	C:\WINDOWS\system32\KERNEL32.DLL
0x00007ff979440000 - 0x00007ff979628000 	C:\WINDOWS\system32\KERNELBASE.dll
0x00007ff979800000 - 0x00007ff9798a7000 	C:\WINDOWS\system32\ADVAPI32.dll
0x00007ff9798b0000 - 0x00007ff97994d000 	C:\WINDOWS\system32\msvcrt.dll
0x00007ff97b1a0000 - 0x00007ff97b1fb000 	C:\WINDOWS\system32\sechost.dll
0x00007ff97b4c0000 - 0x00007ff97b5dc000 	C:\WINDOWS\system32\RPCRT4.dll
0x00007ff97b200000 - 0x00007ff97b356000 	C:\WINDOWS\system32\USER32.dll
0x00007ff9799c0000 - 0x00007ff979b46000 	C:\WINDOWS\system32\GDI32.dll
0x00007ff96d090000 - 0x00007ff96d304000 	C:\WINDOWS\WinSxS\amd64_microsoft.windows.common-controls_6595b64144ccf1df_6.0.10586.0_none_8c15ae12515e1c22\COMCTL32.dll
0x00007ff97c060000 - 0x00007ff97c2dd000 	C:\WINDOWS\system32\combase.dll
0x00007ff9793d0000 - 0x00007ff97943a000 	C:\WINDOWS\system32\bcryptPrimitives.dll
0x00007ff979b50000 - 0x00007ff979b8b000 	C:\WINDOWS\system32\IMM32.DLL
0x000000005fd80000 - 0x000000005fe52000 	C:\Program Files\Java\jdk1.8.0_51\jre\bin\msvcr100.dll
0x00000000608f0000 - 0x0000000061173000 	C:\Program Files\Java\jdk1.8.0_51\jre\bin\server\jvm.dll
0x00007ff97bad0000 - 0x00007ff97bad8000 	C:\WINDOWS\system32\PSAPI.DLL
0x00007ff976bf0000 - 0x00007ff976c13000 	C:\WINDOWS\SYSTEM32\WINMM.dll
0x00007ff974de0000 - 0x00007ff974dea000 	C:\WINDOWS\SYSTEM32\VERSION.dll
0x00007ff976bc0000 - 0x00007ff976bec000 	C:\WINDOWS\SYSTEM32\WINMMBASE.dll
0x00007ff979380000 - 0x00007ff9793c3000 	C:\WINDOWS\system32\cfgmgr32.dll
0x00007ff976ef0000 - 0x00007ff976ef9000 	C:\WINDOWS\SYSTEM32\WSOCK32.dll
0x00007ff979950000 - 0x00007ff9799bb000 	C:\WINDOWS\system32\ws2_32.DLL
0x00000000608e0000 - 0x00000000608ef000 	C:\Program Files\Java\jdk1.8.0_51\jre\bin\verify.dll
0x00000000608b0000 - 0x00000000608d9000 	C:\Program Files\Java\jdk1.8.0_51\jre\bin\java.dll
0x0000000060890000 - 0x00000000608a6000 	C:\Program Files\Java\jdk1.8.0_51\jre\bin\zip.dll
0x00007ff979b90000 - 0x00007ff97b0ec000 	C:\WINDOWS\system32\SHELL32.dll
0x00007ff978b60000 - 0x00007ff9791a4000 	C:\WINDOWS\system32\windows.storage.dll
0x00007ff97b5e0000 - 0x00007ff97b632000 	C:\WINDOWS\system32\shlwapi.dll
0x00007ff978a20000 - 0x00007ff978a2f000 	C:\WINDOWS\system32\kernel.appcore.dll
0x00007ff9796e0000 - 0x00007ff979795000 	C:\WINDOWS\system32\shcore.dll
0x00007ff978a50000 - 0x00007ff978a9b000 	C:\WINDOWS\system32\powrprof.dll
0x00007ff978a30000 - 0x00007ff978a44000 	C:\WINDOWS\system32\profapi.dll
0x00007ff96a440000 - 0x00007ff96a5cc000 	C:\WINDOWS\SYSTEM32\dbghelp.dll

VM Arguments:
jvm_args: -Djava.awt.headless=true -Xmx1024M -Dfile.encoding=windows-1252 -Duser.country=IN -Duser.language=en -Duser.variant 
java_command: com.android.dx.command.Main --dex --force-jumbo --num-threads=4 --multi-dex --output F:\Android_Projects\Brokerapp\app\build\intermediates\transforms\dex\debug\folders\1000\10\com.android.support-support-vector-drawable-23.2.1_07df3aab0a0cf3f3dd92ad9c05096747a066d853 F:\Android_Projects\Brokerapp\app\build\intermediates\exploded-aar\com.android.support\support-vector-drawable\23.2.1\jars\classes.jar
java_class_path (initial): C:\Users\Ganesh Prasad\AppData\Local\Android\sdk\build-tools\23.0.2\lib\dx.jar
Launcher Type: SUN_STANDARD

Environment Variables:
JAVA_HOME=C:\Program Files\Java\jdk1.8.0_51
PATH=C:\ProgramData\Oracle\Java\javapath;C:\Program Files (x86)\Intel\iCLS Client\;C:\Program Files\Intel\iCLS Client\;C:\Program Files (x86)\AMD APP\bin\x86_64;C:\Program Files (x86)\AMD APP\bin\x86;C:\WINDOWS\system32;C:\WINDOWS;C:\WINDOWS\System32\Wbem;C:\WINDOWS\System32\WindowsPowerShell\v1.0\;C:\Program Files (x86)\ATI Technologies\ATI.ACE\Core-Static;C:\Program Files\Intel\Intel(R) Management Engine Components\DAL;C:\Program Files\Intel\Intel(R) Management Engine Components\IPT;C:\Program Files (x86)\Intel\Intel(R) Management Engine Components\DAL;C:\Program Files (x86)\Intel\Intel(R) Management Engine Components\IPT;\;C:\Program Files (x86)\Sony\VAIO Startup Setting Tool;C:\Program Files (x86)\Brackets\command;C:\Program Files (x86)\Java\jdk1.8.0_45\bin;C:\Program Files\nodejs\;C:\Users\Ganesh Prasad\AppData\Local\GitHub\PortableGit_c7e0cbde92ba565cb218a521411d0e854079a28c\bin;C:\Users\Ganesh Prasad\AppData\Local\GitHub\PortableGit_c7e0cbde92ba565cb218a521411d0e854079a28c\cmd;C:\Program Files (x86)\AMD\ATI.ACE\Core-Static;C:\Users\Ganesh Prasad\AppData\Local\Android\sdk\platform-tools;C:\Users\Ganesh Prasad\Anaconda2;C:\Users\Ganesh Prasad\Anaconda2\Scripts;C:\Users\Ganesh Prasad\Anaconda2\Library\bin;C:\Users\Ganesh Prasad\AppData\Roaming\npm
USERNAME=Ganesh Prasad
OS=Windows_NT
PROCESSOR_IDENTIFIER=Intel64 Family 6 Model 58 Stepping 9, GenuineIntel



---------------  S Y S T E M  ---------------

OS: Windows 10.0 , 64 bit Build 10586 (10.0.10586.0)

CPU:total 4 (2 cores per cpu, 2 threads per core) family 6 model 58 stepping 9, cmov, cx8, fxsr, mmx, sse, sse2, sse3, ssse3, sse4.1, sse4.2, popcnt, avx, clmul, erms, ht, tsc, tscinvbit, tscinv

Memory: 4k page, physical 4140316k(434632k free), swap 5574940k(1552k free)

vm_info: Java HotSpot(TM) 64-Bit Server VM (25.51-b03) for windows-amd64 JRE (1.8.0_51-b16), built on Jun  8 2015 18:03:07 by "java_re" with MS VC++ 10.0 (VS2010)

time: Mon Jul 04 16:55:30 2016
elapsed time: 3 seconds (0d 0h 0m 3s)

